{"meta": {"format": 3, "version": "7.8.2", "timestamp": "2025-06-05T06:12:48.474097", "branch_coverage": false, "show_contexts": false}, "files": {"src/backend/gs_service/app/__init__.py": {"executed_lines": [0], "summary": {"covered_lines": 0, "num_statements": 0, "percent_covered": 100.0, "percent_covered_display": "100", "missing_lines": 0, "excluded_lines": 0}, "missing_lines": [], "excluded_lines": [], "functions": {"": {"executed_lines": [], "summary": {"covered_lines": 0, "num_statements": 0, "percent_covered": 100.0, "percent_covered_display": "100", "missing_lines": 0, "excluded_lines": 0}, "missing_lines": [], "excluded_lines": []}}, "classes": {"": {"executed_lines": [], "summary": {"covered_lines": 0, "num_statements": 0, "percent_covered": 100.0, "percent_covered_display": "100", "missing_lines": 0, "excluded_lines": 0}, "missing_lines": [], "excluded_lines": []}}}, "src/backend/gs_service/app/api/__init__.py": {"executed_lines": [], "summary": {"covered_lines": 0, "num_statements": 0, "percent_covered": 100.0, "percent_covered_display": "100", "missing_lines": 0, "excluded_lines": 0}, "missing_lines": [], "excluded_lines": [], "functions": {"": {"executed_lines": [], "summary": {"covered_lines": 0, "num_statements": 0, "percent_covered": 100.0, "percent_covered_display": "100", "missing_lines": 0, "excluded_lines": 0}, "missing_lines": [], "excluded_lines": []}}, "classes": {"": {"executed_lines": [], "summary": {"covered_lines": 0, "num_statements": 0, "percent_covered": 100.0, "percent_covered_display": "100", "missing_lines": 0, "excluded_lines": 0}, "missing_lines": [], "excluded_lines": []}}}, "src/backend/gs_service/app/api/v1/__init__.py": {"executed_lines": [], "summary": {"covered_lines": 0, "num_statements": 0, "percent_covered": 100.0, "percent_covered_display": "100", "missing_lines": 0, "excluded_lines": 0}, "missing_lines": [], "excluded_lines": [], "functions": {"": {"executed_lines": [], "summary": {"covered_lines": 0, "num_statements": 0, "percent_covered": 100.0, "percent_covered_display": "100", "missing_lines": 0, "excluded_lines": 0}, "missing_lines": [], "excluded_lines": []}}, "classes": {"": {"executed_lines": [], "summary": {"covered_lines": 0, "num_statements": 0, "percent_covered": 100.0, "percent_covered_display": "100", "missing_lines": 0, "excluded_lines": 0}, "missing_lines": [], "excluded_lines": []}}}, "src/backend/gs_service/app/api/v1/alphaevolve_integration.py": {"executed_lines": [], "summary": {"covered_lines": 0, "num_statements": 179, "percent_covered": 0.0, "percent_covered_display": "0", "missing_lines": 179, "excluded_lines": 0}, "missing_lines": [3, 4, 5, 6, 7, 8, 10, 11, 12, 13, 14, 16, 18, 20, 23, 24, 38, 40, 41, 44, 45, 46, 47, 50, 53, 61, 67, 69, 76, 79, 82, 88, 93, 99, 117, 124, 125, 127, 128, 129, 135, 136, 150, 152, 153, 154, 157, 158, 159, 160, 163, 164, 166, 167, 172, 175, 176, 179, 180, 182, 194, 201, 211, 218, 219, 221, 222, 223, 231, 233, 242, 243, 244, 245, 248, 249, 251, 254, 261, 271, 272, 273, 274, 275, 276, 277, 279, 282, 289, 302, 303, 305, 320, 323, 326, 334, 335, 337, 338, 339, 340, 341, 342, 343, 344, 345, 346, 347, 348, 349, 351, 354, 360, 368, 369, 370, 371, 374, 375, 380, 383, 388, 391, 394, 397, 403, 406, 411, 414, 415, 418, 419, 420, 423, 429, 432, 440, 441, 442, 443, 444, 445, 448, 449, 450, 451, 454, 455, 456, 457, 458, 459, 460, 463, 464, 467, 468, 469, 470, 472, 484, 490, 493, 494, 496, 497, 499, 500, 502, 503, 506, 507, 508, 509, 511, 514, 520, 523, 529], "excluded_lines": [], "functions": {"ec_constitutional_prompting": {"executed_lines": [], "summary": {"covered_lines": 0, "num_statements": 24, "percent_covered": 0.0, "percent_covered_display": "0", "missing_lines": 24, "excluded_lines": 0}, "missing_lines": [38, 40, 41, 44, 45, 46, 47, 50, 53, 61, 67, 69, 76, 79, 82, 88, 93, 99, 117, 124, 125, 127, 128, 129], "excluded_lines": []}, "ec_governance_evaluation": {"executed_lines": [], "summary": {"covered_lines": 0, "num_statements": 26, "percent_covered": 0.0, "percent_covered_display": "0", "missing_lines": 26, "excluded_lines": 0}, "missing_lines": [150, 152, 153, 154, 157, 158, 159, 160, 163, 164, 166, 167, 172, 175, 176, 179, 180, 182, 194, 201, 211, 218, 219, 221, 222, 223], "excluded_lines": []}, "_analyze_ec_population": {"executed_lines": [], "summary": {"covered_lines": 0, "num_statements": 8, "percent_covered": 0.0, "percent_covered_display": "0", "missing_lines": 8, "excluded_lines": 0}, "missing_lines": [233, 242, 243, 244, 245, 248, 249, 251], "excluded_lines": []}, "_build_ec_constitutional_context": {"executed_lines": [], "summary": {"covered_lines": 0, "num_statements": 9, "percent_covered": 0.0, "percent_covered_display": "0", "missing_lines": 9, "excluded_lines": 0}, "missing_lines": [261, 271, 272, 273, 274, 275, 276, 277, 279], "excluded_lines": []}, "_construct_ec_constitutional_prompt": {"executed_lines": [], "summary": {"covered_lines": 0, "num_statements": 5, "percent_covered": 0.0, "percent_covered_display": "0", "missing_lines": 5, "excluded_lines": 0}, "missing_lines": [289, 302, 303, 305, 320], "excluded_lines": []}, "_parse_ec_constitutional_guidance": {"executed_lines": [], "summary": {"covered_lines": 0, "num_statements": 17, "percent_covered": 0.0, "percent_covered_display": "0", "missing_lines": 17, "excluded_lines": 0}, "missing_lines": [326, 334, 335, 337, 338, 339, 340, 341, 342, 343, 344, 345, 346, 347, 348, 349, 351], "excluded_lines": []}, "_generate_fitness_modifications": {"executed_lines": [], "summary": {"covered_lines": 0, "num_statements": 8, "percent_covered": 0.0, "percent_covered_display": "0", "missing_lines": 8, "excluded_lines": 0}, "missing_lines": [360, 368, 369, 370, 371, 374, 375, 380], "excluded_lines": []}, "_generate_operator_constraints": {"executed_lines": [], "summary": {"covered_lines": 0, "num_statements": 5, "percent_covered": 0.0, "percent_covered_display": "0", "missing_lines": 5, "excluded_lines": 0}, "missing_lines": [388, 391, 394, 397, 403], "excluded_lines": []}, "_generate_population_filters": {"executed_lines": [], "summary": {"covered_lines": 0, "num_statements": 8, "percent_covered": 0.0, "percent_covered_display": "0", "missing_lines": 8, "excluded_lines": 0}, "missing_lines": [411, 414, 415, 418, 419, 420, 423, 429], "excluded_lines": []}, "_evaluate_ec_proposal": {"executed_lines": [], "summary": {"covered_lines": 0, "num_statements": 24, "percent_covered": 0.0, "percent_covered_display": "0", "missing_lines": 24, "excluded_lines": 0}, "missing_lines": [440, 441, 442, 443, 444, 445, 448, 449, 450, 451, 454, 455, 456, 457, 458, 459, 460, 463, 464, 467, 468, 469, 470, 472], "excluded_lines": []}, "_generate_ec_recommendations": {"executed_lines": [], "summary": {"covered_lines": 0, "num_statements": 14, "percent_covered": 0.0, "percent_covered_display": "0", "missing_lines": 14, "excluded_lines": 0}, "missing_lines": [490, 493, 494, 496, 497, 499, 500, 502, 503, 506, 507, 508, 509, 511], "excluded_lines": []}, "_log_ec_constitutional_session": {"executed_lines": [], "summary": {"covered_lines": 0, "num_statements": 1, "percent_covered": 0.0, "percent_covered_display": "0", "missing_lines": 1, "excluded_lines": 0}, "missing_lines": [520], "excluded_lines": []}, "_log_ec_governance_evaluation": {"executed_lines": [], "summary": {"covered_lines": 0, "num_statements": 1, "percent_covered": 0.0, "percent_covered_display": "0", "missing_lines": 1, "excluded_lines": 0}, "missing_lines": [529], "excluded_lines": []}, "": {"executed_lines": [], "summary": {"covered_lines": 0, "num_statements": 29, "percent_covered": 0.0, "percent_covered_display": "0", "missing_lines": 29, "excluded_lines": 0}, "missing_lines": [3, 4, 5, 6, 7, 8, 10, 11, 12, 13, 14, 16, 18, 20, 23, 24, 135, 136, 231, 254, 282, 323, 354, 383, 406, 432, 484, 514, 523], "excluded_lines": []}}, "classes": {"": {"executed_lines": [], "summary": {"covered_lines": 0, "num_statements": 179, "percent_covered": 0.0, "percent_covered_display": "0", "missing_lines": 179, "excluded_lines": 0}, "missing_lines": [3, 4, 5, 6, 7, 8, 10, 11, 12, 13, 14, 16, 18, 20, 23, 24, 38, 40, 41, 44, 45, 46, 47, 50, 53, 61, 67, 69, 76, 79, 82, 88, 93, 99, 117, 124, 125, 127, 128, 129, 135, 136, 150, 152, 153, 154, 157, 158, 159, 160, 163, 164, 166, 167, 172, 175, 176, 179, 180, 182, 194, 201, 211, 218, 219, 221, 222, 223, 231, 233, 242, 243, 244, 245, 248, 249, 251, 254, 261, 271, 272, 273, 274, 275, 276, 277, 279, 282, 289, 302, 303, 305, 320, 323, 326, 334, 335, 337, 338, 339, 340, 341, 342, 343, 344, 345, 346, 347, 348, 349, 351, 354, 360, 368, 369, 370, 371, 374, 375, 380, 383, 388, 391, 394, 397, 403, 406, 411, 414, 415, 418, 419, 420, 423, 429, 432, 440, 441, 442, 443, 444, 445, 448, 449, 450, 451, 454, 455, 456, 457, 458, 459, 460, 463, 464, 467, 468, 469, 470, 472, 484, 490, 493, 494, 496, 497, 499, 500, 502, 503, 506, 507, 508, 509, 511, 514, 520, 523, 529], "excluded_lines": []}}}, "src/backend/gs_service/app/api/v1/constitutional_reports.py": {"executed_lines": [], "summary": {"covered_lines": 0, "num_statements": 126, "percent_covered": 0.0, "percent_covered_display": "0", "missing_lines": 126, "excluded_lines": 0}, "missing_lines": [11, 12, 13, 14, 15, 17, 18, 19, 20, 22, 23, 24, 25, 27, 36, 37, 40, 41, 45, 47, 48, 49, 50, 51, 52, 55, 57, 58, 59, 60, 63, 65, 66, 67, 68, 69, 70, 73, 74, 76, 77, 90, 92, 94, 95, 96, 97, 100, 101, 111, 113, 116, 117, 118, 119, 122, 123, 124, 125, 127, 130, 131, 133, 142, 144, 145, 146, 147, 150, 151, 163, 164, 167, 175, 176, 183, 199, 200, 210, 211, 213, 214, 216, 217, 218, 219, 222, 223, 234, 236, 250, 258, 268, 276, 277, 278, 279, 282, 283, 293, 294, 297, 305, 308, 347, 348, 350, 352, 353, 354, 355, 358, 359, 373, 374, 377, 389, 390, 393, 394, 396, 398, 404, 405, 406, 407], "excluded_lines": [], "functions": {"get_reporting_health": {"executed_lines": [], "summary": {"covered_lines": 0, "num_statements": 8, "percent_covered": 0.0, "percent_covered_display": "0", "missing_lines": 8, "excluded_lines": 0}, "missing_lines": [76, 77, 90, 92, 94, 95, 96, 97], "excluded_lines": []}, "get_constitutional_monitoring_metrics": {"executed_lines": [], "summary": {"covered_lines": 0, "num_statements": 19, "percent_covered": 0.0, "percent_covered_display": "0", "missing_lines": 19, "excluded_lines": 0}, "missing_lines": [111, 113, 116, 117, 118, 119, 122, 123, 124, 125, 127, 130, 131, 133, 142, 144, 145, 146, 147], "excluded_lines": []}, "generate_compliance_report": {"executed_lines": [], "summary": {"covered_lines": 0, "num_statements": 16, "percent_covered": 0.0, "percent_covered_display": "0", "missing_lines": 16, "excluded_lines": 0}, "missing_lines": [163, 164, 167, 175, 176, 183, 199, 200, 210, 211, 213, 214, 216, 217, 218, 219], "excluded_lines": []}, "send_report_notification": {"executed_lines": [], "summary": {"covered_lines": 0, "num_statements": 9, "percent_covered": 0.0, "percent_covered_display": "0", "missing_lines": 9, "excluded_lines": 0}, "missing_lines": [234, 236, 250, 258, 268, 276, 277, 278, 279], "excluded_lines": []}, "get_dashboard_data": {"executed_lines": [], "summary": {"covered_lines": 0, "num_statements": 12, "percent_covered": 0.0, "percent_covered_display": "0", "missing_lines": 12, "excluded_lines": 0}, "missing_lines": [293, 294, 297, 305, 308, 347, 348, 350, 352, 353, 354, 355], "excluded_lines": []}, "escalate_critical_issue": {"executed_lines": [], "summary": {"covered_lines": 0, "num_statements": 13, "percent_covered": 0.0, "percent_covered_display": "0", "missing_lines": 13, "excluded_lines": 0}, "missing_lines": [373, 374, 377, 389, 390, 393, 394, 396, 398, 404, 405, 406, 407], "excluded_lines": []}, "": {"executed_lines": [], "summary": {"covered_lines": 0, "num_statements": 49, "percent_covered": 0.0, "percent_covered_display": "0", "missing_lines": 49, "excluded_lines": 0}, "missing_lines": [11, 12, 13, 14, 15, 17, 18, 19, 20, 22, 23, 24, 25, 27, 36, 37, 40, 41, 45, 47, 48, 49, 50, 51, 52, 55, 57, 58, 59, 60, 63, 65, 66, 67, 68, 69, 70, 73, 74, 100, 101, 150, 151, 222, 223, 282, 283, 358, 359], "excluded_lines": []}}, "classes": {"ReportRequest": {"executed_lines": [], "summary": {"covered_lines": 0, "num_statements": 0, "percent_covered": 100.0, "percent_covered_display": "100", "missing_lines": 0, "excluded_lines": 0}, "missing_lines": [], "excluded_lines": []}, "NotificationRequest": {"executed_lines": [], "summary": {"covered_lines": 0, "num_statements": 0, "percent_covered": 100.0, "percent_covered_display": "100", "missing_lines": 0, "excluded_lines": 0}, "missing_lines": [], "excluded_lines": []}, "MetricsResponse": {"executed_lines": [], "summary": {"covered_lines": 0, "num_statements": 0, "percent_covered": 100.0, "percent_covered_display": "100", "missing_lines": 0, "excluded_lines": 0}, "missing_lines": [], "excluded_lines": []}, "": {"executed_lines": [], "summary": {"covered_lines": 0, "num_statements": 126, "percent_covered": 0.0, "percent_covered_display": "0", "missing_lines": 126, "excluded_lines": 0}, "missing_lines": [11, 12, 13, 14, 15, 17, 18, 19, 20, 22, 23, 24, 25, 27, 36, 37, 40, 41, 45, 47, 48, 49, 50, 51, 52, 55, 57, 58, 59, 60, 63, 65, 66, 67, 68, 69, 70, 73, 74, 76, 77, 90, 92, 94, 95, 96, 97, 100, 101, 111, 113, 116, 117, 118, 119, 122, 123, 124, 125, 127, 130, 131, 133, 142, 144, 145, 146, 147, 150, 151, 163, 164, 167, 175, 176, 183, 199, 200, 210, 211, 213, 214, 216, 217, 218, 219, 222, 223, 234, 236, 250, 258, 268, 276, 277, 278, 279, 282, 283, 293, 294, 297, 305, 308, 347, 348, 350, 352, 353, 354, 355, 358, 359, 373, 374, 377, 389, 390, 393, 394, 396, 398, 404, 405, 406, 407], "excluded_lines": []}}}, "src/backend/gs_service/app/api/v1/constitutional_synthesis.py": {"executed_lines": [], "summary": {"covered_lines": 0, "num_statements": 82, "percent_covered": 0.0, "percent_covered_display": "0", "missing_lines": 82, "excluded_lines": 0}, "missing_lines": [8, 9, 10, 11, 13, 14, 15, 16, 22, 24, 27, 28, 42, 44, 46, 49, 55, 56, 58, 59, 60, 66, 67, 77, 79, 80, 82, 88, 89, 94, 101, 102, 103, 109, 110, 119, 121, 123, 132, 133, 134, 140, 141, 153, 154, 155, 160, 168, 170, 175, 176, 177, 183, 184, 186, 187, 189, 195, 196, 197, 203, 204, 210, 211, 213, 221, 222, 223, 229, 233, 234, 237, 238, 239, 246, 249, 251, 253, 254, 257, 258, 260], "excluded_lines": [], "functions": {"constitutional_synthesis_endpoint": {"executed_lines": [], "summary": {"covered_lines": 0, "num_statements": 9, "percent_covered": 0.0, "percent_covered_display": "0", "missing_lines": 9, "excluded_lines": 0}, "missing_lines": [42, 44, 46, 49, 55, 56, 58, 59, 60], "excluded_lines": []}, "analyze_constitutional_context_endpoint": {"executed_lines": [], "summary": {"covered_lines": 0, "num_statements": 10, "percent_covered": 0.0, "percent_covered_display": "0", "missing_lines": 10, "excluded_lines": 0}, "missing_lines": [77, 79, 80, 82, 88, 89, 94, 101, 102, 103], "excluded_lines": []}, "get_constitutional_context_endpoint": {"executed_lines": [], "summary": {"covered_lines": 0, "num_statements": 6, "percent_covered": 0.0, "percent_covered_display": "0", "missing_lines": 6, "excluded_lines": 0}, "missing_lines": [119, 121, 123, 132, 133, 134], "excluded_lines": []}, "add_environmental_factor_endpoint": {"executed_lines": [], "summary": {"covered_lines": 0, "num_statements": 9, "percent_covered": 0.0, "percent_covered_display": "0", "missing_lines": 9, "excluded_lines": 0}, "missing_lines": [153, 154, 155, 160, 168, 170, 175, 176, 177], "excluded_lines": []}, "get_environmental_factors_endpoint": {"executed_lines": [], "summary": {"covered_lines": 0, "num_statements": 6, "percent_covered": 0.0, "percent_covered_display": "0", "missing_lines": 6, "excluded_lines": 0}, "missing_lines": [186, 187, 189, 195, 196, 197], "excluded_lines": []}, "get_adaptation_triggers_endpoint": {"executed_lines": [], "summary": {"covered_lines": 0, "num_statements": 6, "percent_covered": 0.0, "percent_covered_display": "0", "missing_lines": 6, "excluded_lines": 0}, "missing_lines": [210, 211, 213, 221, 222, 223], "excluded_lines": []}, "_analyze_synthesis_context": {"executed_lines": [], "summary": {"covered_lines": 0, "num_statements": 10, "percent_covered": 0.0, "percent_covered_display": "0", "missing_lines": 10, "excluded_lines": 0}, "missing_lines": [233, 234, 237, 238, 239, 246, 249, 251, 253, 254], "excluded_lines": []}, "constitutional_synthesis_health": {"executed_lines": [], "summary": {"covered_lines": 0, "num_statements": 1, "percent_covered": 0.0, "percent_covered_display": "0", "missing_lines": 1, "excluded_lines": 0}, "missing_lines": [260], "excluded_lines": []}, "": {"executed_lines": [], "summary": {"covered_lines": 0, "num_statements": 25, "percent_covered": 0.0, "percent_covered_display": "0", "missing_lines": 25, "excluded_lines": 0}, "missing_lines": [8, 9, 10, 11, 13, 14, 15, 16, 22, 24, 27, 28, 66, 67, 109, 110, 140, 141, 183, 184, 203, 204, 229, 257, 258], "excluded_lines": []}}, "classes": {"": {"executed_lines": [], "summary": {"covered_lines": 0, "num_statements": 82, "percent_covered": 0.0, "percent_covered_display": "0", "missing_lines": 82, "excluded_lines": 0}, "missing_lines": [8, 9, 10, 11, 13, 14, 15, 16, 22, 24, 27, 28, 42, 44, 46, 49, 55, 56, 58, 59, 60, 66, 67, 77, 79, 80, 82, 88, 89, 94, 101, 102, 103, 109, 110, 119, 121, 123, 132, 133, 134, 140, 141, 153, 154, 155, 160, 168, 170, 175, 176, 177, 183, 184, 186, 187, 189, 195, 196, 197, 203, 204, 210, 211, 213, 221, 222, 223, 229, 233, 234, 237, 238, 239, 246, 249, 251, 253, 254, 257, 258, 260], "excluded_lines": []}}}, "src/backend/gs_service/app/api/v1/enhanced_synthesis.py": {"executed_lines": [], "summary": {"covered_lines": 0, "num_statements": 129, "percent_covered": 0.0, "percent_covered_display": "0", "missing_lines": 129, "excluded_lines": 0}, "missing_lines": [11, 12, 13, 14, 15, 17, 23, 24, 26, 28, 32, 34, 35, 36, 37, 40, 42, 43, 46, 47, 48, 49, 52, 53, 54, 55, 56, 59, 60, 63, 64, 65, 68, 70, 71, 72, 73, 74, 75, 76, 77, 80, 82, 83, 84, 85, 86, 87, 88, 89, 90, 91, 92, 93, 94, 95, 96, 97, 100, 102, 105, 110, 112, 113, 114, 115, 116, 119, 120, 134, 136, 139, 167, 170, 171, 172, 184, 203, 204, 206, 207, 208, 212, 213, 214, 220, 221, 234, 235, 236, 241, 242, 248, 251, 252, 253, 279, 282, 285, 286, 287, 289, 309, 310, 311, 322, 341, 343, 344, 346, 347, 348, 354, 355, 366, 367, 368, 370, 378, 379, 380, 386, 387, 397, 398, 399, 401, 402, 403], "excluded_lines": [], "functions": {"synthesize_policy": {"executed_lines": [], "summary": {"covered_lines": 0, "num_statements": 16, "percent_covered": 0.0, "percent_covered_display": "0", "missing_lines": 16, "excluded_lines": 0}, "missing_lines": [134, 136, 139, 167, 170, 171, 172, 184, 203, 204, 206, 207, 208, 212, 213, 214], "excluded_lines": []}, "batch_synthesize_policies": {"executed_lines": [], "summary": {"covered_lines": 0, "num_statements": 25, "percent_covered": 0.0, "percent_covered_display": "0", "missing_lines": 25, "excluded_lines": 0}, "missing_lines": [234, 235, 236, 241, 242, 248, 251, 252, 253, 279, 282, 285, 286, 287, 289, 309, 310, 311, 322, 341, 343, 344, 346, 347, 348], "excluded_lines": []}, "health_check": {"executed_lines": [], "summary": {"covered_lines": 0, "num_statements": 7, "percent_covered": 0.0, "percent_covered_display": "0", "missing_lines": 7, "excluded_lines": 0}, "missing_lines": [366, 367, 368, 370, 378, 379, 380], "excluded_lines": []}, "get_metrics": {"executed_lines": [], "summary": {"covered_lines": 0, "num_statements": 6, "percent_covered": 0.0, "percent_covered_display": "0", "missing_lines": 6, "excluded_lines": 0}, "missing_lines": [397, 398, 399, 401, 402, 403], "excluded_lines": []}, "": {"executed_lines": [], "summary": {"covered_lines": 0, "num_statements": 75, "percent_covered": 0.0, "percent_covered_display": "0", "missing_lines": 75, "excluded_lines": 0}, "missing_lines": [11, 12, 13, 14, 15, 17, 23, 24, 26, 28, 32, 34, 35, 36, 37, 40, 42, 43, 46, 47, 48, 49, 52, 53, 54, 55, 56, 59, 60, 63, 64, 65, 68, 70, 71, 72, 73, 74, 75, 76, 77, 80, 82, 83, 84, 85, 86, 87, 88, 89, 90, 91, 92, 93, 94, 95, 96, 97, 100, 102, 105, 110, 112, 113, 114, 115, 116, 119, 120, 220, 221, 354, 355, 386, 387], "excluded_lines": []}}, "classes": {"ConstitutionalPrincipleAPI": {"executed_lines": [], "summary": {"covered_lines": 0, "num_statements": 0, "percent_covered": 100.0, "percent_covered_display": "100", "missing_lines": 0, "excluded_lines": 0}, "missing_lines": [], "excluded_lines": []}, "EnhancedSynthesisRequestAPI": {"executed_lines": [], "summary": {"covered_lines": 0, "num_statements": 0, "percent_covered": 100.0, "percent_covered_display": "100", "missing_lines": 0, "excluded_lines": 0}, "missing_lines": [], "excluded_lines": []}, "ValidationResultAPI": {"executed_lines": [], "summary": {"covered_lines": 0, "num_statements": 0, "percent_covered": 100.0, "percent_covered_display": "100", "missing_lines": 0, "excluded_lines": 0}, "missing_lines": [], "excluded_lines": []}, "EnhancedSynthesisResponseAPI": {"executed_lines": [], "summary": {"covered_lines": 0, "num_statements": 0, "percent_covered": 100.0, "percent_covered_display": "100", "missing_lines": 0, "excluded_lines": 0}, "missing_lines": [], "excluded_lines": []}, "BatchSynthesisRequestAPI": {"executed_lines": [], "summary": {"covered_lines": 0, "num_statements": 0, "percent_covered": 100.0, "percent_covered_display": "100", "missing_lines": 0, "excluded_lines": 0}, "missing_lines": [], "excluded_lines": []}, "HealthCheckResponseAPI": {"executed_lines": [], "summary": {"covered_lines": 0, "num_statements": 0, "percent_covered": 100.0, "percent_covered_display": "100", "missing_lines": 0, "excluded_lines": 0}, "missing_lines": [], "excluded_lines": []}, "": {"executed_lines": [], "summary": {"covered_lines": 0, "num_statements": 129, "percent_covered": 0.0, "percent_covered_display": "0", "missing_lines": 129, "excluded_lines": 0}, "missing_lines": [11, 12, 13, 14, 15, 17, 23, 24, 26, 28, 32, 34, 35, 36, 37, 40, 42, 43, 46, 47, 48, 49, 52, 53, 54, 55, 56, 59, 60, 63, 64, 65, 68, 70, 71, 72, 73, 74, 75, 76, 77, 80, 82, 83, 84, 85, 86, 87, 88, 89, 90, 91, 92, 93, 94, 95, 96, 97, 100, 102, 105, 110, 112, 113, 114, 115, 116, 119, 120, 134, 136, 139, 167, 170, 171, 172, 184, 203, 204, 206, 207, 208, 212, 213, 214, 220, 221, 234, 235, 236, 241, 242, 248, 251, 252, 253, 279, 282, 285, 286, 287, 289, 309, 310, 311, 322, 341, 343, 344, 346, 347, 348, 354, 355, 366, 367, 368, 370, 378, 379, 380, 386, 387, 397, 398, 399, 401, 402, 403], "excluded_lines": []}}}, "src/backend/gs_service/app/api/v1/fidelity_monitoring_websocket.py": {"executed_lines": [], "summary": {"covered_lines": 0, "num_statements": 248, "percent_covered": 0.0, "percent_covered_display": "0", "missing_lines": 248, "excluded_lines": 0}, "missing_lines": [15, 16, 17, 18, 19, 20, 22, 23, 24, 26, 27, 34, 40, 45, 49, 56, 57, 60, 62, 63, 64, 65, 66, 67, 68, 69, 72, 74, 75, 76, 77, 78, 79, 80, 81, 82, 83, 84, 85, 86, 89, 91, 92, 93, 94, 95, 96, 97, 98, 99, 100, 101, 102, 103, 104, 107, 110, 111, 112, 113, 114, 119, 120, 122, 124, 125, 126, 127, 128, 130, 132, 133, 135, 152, 155, 157, 159, 165, 167, 170, 172, 174, 188, 189, 191, 193, 212, 214, 216, 236, 238, 240, 255, 257, 259, 260, 263, 264, 265, 266, 268, 271, 272, 287, 289, 291, 293, 295, 298, 301, 302, 303, 305, 307, 308, 310, 312, 313, 316, 317, 318, 319, 320, 322, 323, 325, 327, 328, 329, 331, 332, 333, 335, 337, 338, 339, 340, 341, 343, 345, 346, 348, 350, 351, 353, 355, 356, 358, 360, 361, 363, 365, 366, 370, 373, 374, 384, 386, 387, 388, 390, 392, 408, 409, 410, 411, 413, 414, 415, 416, 417, 418, 425, 428, 430, 431, 432, 434, 435, 436, 437, 438, 444, 445, 446, 447, 448, 454, 456, 457, 458, 460, 462, 463, 466, 467, 470, 472, 473, 490, 498, 499, 500, 506, 508, 509, 510, 511, 514, 515, 518, 528, 529, 530, 536, 538, 539, 540, 542, 544, 550, 551, 552, 558, 559, 565, 571, 572, 577, 578, 579, 587, 589, 590, 591, 592, 595, 598, 599, 601, 602, 612, 615, 617, 618, 619, 623, 625], "excluded_lines": [], "functions": {"FidelityMonitoringSession.__init__": {"executed_lines": [], "summary": {"covered_lines": 0, "num_statements": 6, "percent_covered": 0.0, "percent_covered_display": "0", "missing_lines": 6, "excluded_lines": 0}, "missing_lines": [111, 112, 113, 114, 119, 120], "excluded_lines": []}, "FidelityMonitoringSession.send_message": {"executed_lines": [], "summary": {"covered_lines": 0, "num_statements": 5, "percent_covered": 0.0, "percent_covered_display": "0", "missing_lines": 5, "excluded_lines": 0}, "missing_lines": [124, 125, 126, 127, 128], "excluded_lines": []}, "FidelityMonitoringSession.send_fidelity_update": {"executed_lines": [], "summary": {"covered_lines": 0, "num_statements": 5, "percent_covered": 0.0, "percent_covered_display": "0", "missing_lines": 5, "excluded_lines": 0}, "missing_lines": [132, 133, 135, 152, 155], "excluded_lines": []}, "FidelityMonitoringSession.send_performance_metrics": {"executed_lines": [], "summary": {"covered_lines": 0, "num_statements": 2, "percent_covered": 0.0, "percent_covered_display": "0", "missing_lines": 2, "excluded_lines": 0}, "missing_lines": [159, 165], "excluded_lines": []}, "FidelityMonitoringSession.send_alert": {"executed_lines": [], "summary": {"covered_lines": 0, "num_statements": 5, "percent_covered": 0.0, "percent_covered_display": "0", "missing_lines": 5, "excluded_lines": 0}, "missing_lines": [170, 172, 174, 188, 189], "excluded_lines": []}, "FidelityMonitoringSession.send_violation_alert": {"executed_lines": [], "summary": {"covered_lines": 0, "num_statements": 2, "percent_covered": 0.0, "percent_covered_display": "0", "missing_lines": 2, "excluded_lines": 0}, "missing_lines": [193, 212], "excluded_lines": []}, "FidelityMonitoringSession.send_error_correction_alert": {"executed_lines": [], "summary": {"covered_lines": 0, "num_statements": 2, "percent_covered": 0.0, "percent_covered_display": "0", "missing_lines": 2, "excluded_lines": 0}, "missing_lines": [216, 236], "excluded_lines": []}, "FidelityMonitoringSession.send_escalation_notification": {"executed_lines": [], "summary": {"covered_lines": 0, "num_statements": 2, "percent_covered": 0.0, "percent_covered_display": "0", "missing_lines": 2, "excluded_lines": 0}, "missing_lines": [240, 255], "excluded_lines": []}, "FidelityMonitoringSession._check_and_send_alert": {"executed_lines": [], "summary": {"covered_lines": 0, "num_statements": 10, "percent_covered": 0.0, "percent_covered_display": "0", "missing_lines": 10, "excluded_lines": 0}, "missing_lines": [259, 260, 263, 264, 265, 266, 268, 271, 272, 287], "excluded_lines": []}, "FidelityMonitoringSession.subscribe_to_workflow": {"executed_lines": [], "summary": {"covered_lines": 0, "num_statements": 1, "percent_covered": 0.0, "percent_covered_display": "0", "missing_lines": 1, "excluded_lines": 0}, "missing_lines": [291], "excluded_lines": []}, "FidelityMonitoringSession.unsubscribe_from_workflow": {"executed_lines": [], "summary": {"covered_lines": 0, "num_statements": 1, "percent_covered": 0.0, "percent_covered_display": "0", "missing_lines": 1, "excluded_lines": 0}, "missing_lines": [295], "excluded_lines": []}, "FidelityMonitoringManager.__init__": {"executed_lines": [], "summary": {"covered_lines": 0, "num_statements": 2, "percent_covered": 0.0, "percent_covered_display": "0", "missing_lines": 2, "excluded_lines": 0}, "missing_lines": [302, 303], "excluded_lines": []}, "FidelityMonitoringManager.add_session": {"executed_lines": [], "summary": {"covered_lines": 0, "num_statements": 2, "percent_covered": 0.0, "percent_covered_display": "0", "missing_lines": 2, "excluded_lines": 0}, "missing_lines": [307, 308], "excluded_lines": []}, "FidelityMonitoringManager.remove_session": {"executed_lines": [], "summary": {"covered_lines": 0, "num_statements": 9, "percent_covered": 0.0, "percent_covered_display": "0", "missing_lines": 9, "excluded_lines": 0}, "missing_lines": [312, 313, 316, 317, 318, 319, 320, 322, 323], "excluded_lines": []}, "FidelityMonitoringManager.subscribe_session_to_workflow": {"executed_lines": [], "summary": {"covered_lines": 0, "num_statements": 6, "percent_covered": 0.0, "percent_covered_display": "0", "missing_lines": 6, "excluded_lines": 0}, "missing_lines": [327, 328, 329, 331, 332, 333], "excluded_lines": []}, "FidelityMonitoringManager.broadcast_fidelity_update": {"executed_lines": [], "summary": {"covered_lines": 0, "num_statements": 5, "percent_covered": 0.0, "percent_covered_display": "0", "missing_lines": 5, "excluded_lines": 0}, "missing_lines": [337, 338, 339, 340, 341], "excluded_lines": []}, "FidelityMonitoringManager.broadcast_performance_metrics": {"executed_lines": [], "summary": {"covered_lines": 0, "num_statements": 2, "percent_covered": 0.0, "percent_covered_display": "0", "missing_lines": 2, "excluded_lines": 0}, "missing_lines": [345, 346], "excluded_lines": []}, "FidelityMonitoringManager.broadcast_alert": {"executed_lines": [], "summary": {"covered_lines": 0, "num_statements": 2, "percent_covered": 0.0, "percent_covered_display": "0", "missing_lines": 2, "excluded_lines": 0}, "missing_lines": [350, 351], "excluded_lines": []}, "FidelityMonitoringManager.broadcast_violation_alert": {"executed_lines": [], "summary": {"covered_lines": 0, "num_statements": 2, "percent_covered": 0.0, "percent_covered_display": "0", "missing_lines": 2, "excluded_lines": 0}, "missing_lines": [355, 356], "excluded_lines": []}, "FidelityMonitoringManager.broadcast_escalation_notification": {"executed_lines": [], "summary": {"covered_lines": 0, "num_statements": 2, "percent_covered": 0.0, "percent_covered_display": "0", "missing_lines": 2, "excluded_lines": 0}, "missing_lines": [360, 361], "excluded_lines": []}, "FidelityMonitoringManager.broadcast_error_correction_alert": {"executed_lines": [], "summary": {"covered_lines": 0, "num_statements": 2, "percent_covered": 0.0, "percent_covered_display": "0", "missing_lines": 2, "excluded_lines": 0}, "missing_lines": [365, 366], "excluded_lines": []}, "fidelity_monitoring_websocket": {"executed_lines": [], "summary": {"covered_lines": 0, "num_statements": 17, "percent_covered": 0.0, "percent_covered_display": "0", "missing_lines": 17, "excluded_lines": 0}, "missing_lines": [384, 386, 387, 388, 390, 392, 408, 409, 410, 411, 413, 414, 415, 416, 417, 418, 425], "excluded_lines": []}, "handle_websocket_message": {"executed_lines": [], "summary": {"covered_lines": 0, "num_statements": 57, "percent_covered": 0.0, "percent_covered_display": "0", "missing_lines": 57, "excluded_lines": 0}, "missing_lines": [430, 431, 432, 434, 435, 436, 437, 438, 444, 445, 446, 447, 448, 454, 456, 457, 458, 460, 462, 463, 466, 467, 470, 472, 473, 490, 498, 499, 500, 506, 508, 509, 510, 511, 514, 515, 518, 528, 529, 530, 536, 538, 539, 540, 542, 544, 550, 551, 552, 558, 559, 565, 571, 572, 577, 578, 579], "excluded_lines": []}, "start_performance_monitoring": {"executed_lines": [], "summary": {"covered_lines": 0, "num_statements": 14, "percent_covered": 0.0, "percent_covered_display": "0", "missing_lines": 14, "excluded_lines": 0}, "missing_lines": [589, 590, 591, 592, 595, 598, 599, 601, 602, 612, 615, 617, 618, 619], "excluded_lines": []}, "broadcast_fidelity_update": {"executed_lines": [], "summary": {"covered_lines": 0, "num_statements": 1, "percent_covered": 0.0, "percent_covered_display": "0", "missing_lines": 1, "excluded_lines": 0}, "missing_lines": [625], "excluded_lines": []}, "": {"executed_lines": [], "summary": {"covered_lines": 0, "num_statements": 84, "percent_covered": 0.0, "percent_covered_display": "0", "missing_lines": 84, "excluded_lines": 0}, "missing_lines": [15, 16, 17, 18, 19, 20, 22, 23, 24, 26, 27, 34, 40, 45, 49, 56, 57, 60, 62, 63, 64, 65, 66, 67, 68, 69, 72, 74, 75, 76, 77, 78, 79, 80, 81, 82, 83, 84, 85, 86, 89, 91, 92, 93, 94, 95, 96, 97, 98, 99, 100, 101, 102, 103, 104, 107, 110, 122, 130, 157, 167, 191, 214, 238, 257, 289, 293, 298, 301, 305, 310, 325, 335, 343, 348, 353, 358, 363, 370, 373, 374, 428, 587, 623], "excluded_lines": []}}, "classes": {"FidelityAlert": {"executed_lines": [], "summary": {"covered_lines": 0, "num_statements": 0, "percent_covered": 100.0, "percent_covered_display": "100", "missing_lines": 0, "excluded_lines": 0}, "missing_lines": [], "excluded_lines": []}, "ViolationAlert": {"executed_lines": [], "summary": {"covered_lines": 0, "num_statements": 0, "percent_covered": 100.0, "percent_covered_display": "100", "missing_lines": 0, "excluded_lines": 0}, "missing_lines": [], "excluded_lines": []}, "ErrorCorrectionAlert": {"executed_lines": [], "summary": {"covered_lines": 0, "num_statements": 0, "percent_covered": 100.0, "percent_covered_display": "100", "missing_lines": 0, "excluded_lines": 0}, "missing_lines": [], "excluded_lines": []}, "FidelityMonitoringSession": {"executed_lines": [], "summary": {"covered_lines": 0, "num_statements": 41, "percent_covered": 0.0, "percent_covered_display": "0", "missing_lines": 41, "excluded_lines": 0}, "missing_lines": [111, 112, 113, 114, 119, 120, 124, 125, 126, 127, 128, 132, 133, 135, 152, 155, 159, 165, 170, 172, 174, 188, 189, 193, 212, 216, 236, 240, 255, 259, 260, 263, 264, 265, 266, 268, 271, 272, 287, 291, 295], "excluded_lines": []}, "FidelityMonitoringManager": {"executed_lines": [], "summary": {"covered_lines": 0, "num_statements": 34, "percent_covered": 0.0, "percent_covered_display": "0", "missing_lines": 34, "excluded_lines": 0}, "missing_lines": [302, 303, 307, 308, 312, 313, 316, 317, 318, 319, 320, 322, 323, 327, 328, 329, 331, 332, 333, 337, 338, 339, 340, 341, 345, 346, 350, 351, 355, 356, 360, 361, 365, 366], "excluded_lines": []}, "": {"executed_lines": [], "summary": {"covered_lines": 0, "num_statements": 173, "percent_covered": 0.0, "percent_covered_display": "0", "missing_lines": 173, "excluded_lines": 0}, "missing_lines": [15, 16, 17, 18, 19, 20, 22, 23, 24, 26, 27, 34, 40, 45, 49, 56, 57, 60, 62, 63, 64, 65, 66, 67, 68, 69, 72, 74, 75, 76, 77, 78, 79, 80, 81, 82, 83, 84, 85, 86, 89, 91, 92, 93, 94, 95, 96, 97, 98, 99, 100, 101, 102, 103, 104, 107, 110, 122, 130, 157, 167, 191, 214, 238, 257, 289, 293, 298, 301, 305, 310, 325, 335, 343, 348, 353, 358, 363, 370, 373, 374, 384, 386, 387, 388, 390, 392, 408, 409, 410, 411, 413, 414, 415, 416, 417, 418, 425, 428, 430, 431, 432, 434, 435, 436, 437, 438, 444, 445, 446, 447, 448, 454, 456, 457, 458, 460, 462, 463, 466, 467, 470, 472, 473, 490, 498, 499, 500, 506, 508, 509, 510, 511, 514, 515, 518, 528, 529, 530, 536, 538, 539, 540, 542, 544, 550, 551, 552, 558, 559, 565, 571, 572, 577, 578, 579, 587, 589, 590, 591, 592, 595, 598, 599, 601, 602, 612, 615, 617, 618, 619, 623, 625], "excluded_lines": []}}}, "src/backend/gs_service/app/api/v1/mab_optimization.py": {"executed_lines": [], "summary": {"covered_lines": 0, "num_statements": 137, "percent_covered": 0.0, "percent_covered_display": "0", "missing_lines": 137, "excluded_lines": 0}, "missing_lines": [8, 9, 10, 11, 14, 15, 16, 17, 18, 19, 21, 23, 26, 29, 32, 33, 34, 38, 39, 40, 41, 42, 43, 44, 45, 46, 47, 48, 51, 52, 53, 54, 55, 56, 59, 60, 61, 62, 63, 64, 67, 68, 69, 70, 71, 72, 73, 74, 77, 78, 79, 80, 81, 82, 85, 86, 88, 89, 90, 91, 92, 93, 94, 100, 101, 103, 104, 105, 106, 107, 108, 109, 115, 116, 118, 119, 120, 121, 122, 123, 124, 130, 131, 136, 137, 140, 143, 153, 155, 161, 162, 163, 169, 170, 175, 176, 179, 187, 194, 198, 208, 209, 210, 216, 217, 222, 224, 225, 226, 227, 233, 248, 250, 258, 259, 260, 261, 262, 268, 269, 274, 275, 276, 278, 279, 280, 281, 283, 294, 296, 301, 302, 303, 309, 310, 312, 336], "excluded_lines": [], "functions": {"get_mab_service": {"executed_lines": [], "summary": {"covered_lines": 0, "num_statements": 3, "percent_covered": 0.0, "percent_covered_display": "0", "missing_lines": 3, "excluded_lines": 0}, "missing_lines": [32, 33, 34], "excluded_lines": []}, "get_mab_status": {"executed_lines": [], "summary": {"covered_lines": 0, "num_statements": 7, "percent_covered": 0.0, "percent_covered_display": "0", "missing_lines": 7, "excluded_lines": 0}, "missing_lines": [88, 89, 90, 91, 92, 93, 94], "excluded_lines": []}, "get_mab_metrics": {"executed_lines": [], "summary": {"covered_lines": 0, "num_statements": 7, "percent_covered": 0.0, "percent_covered_display": "0", "missing_lines": 7, "excluded_lines": 0}, "missing_lines": [103, 104, 105, 106, 107, 108, 109], "excluded_lines": []}, "get_best_templates": {"executed_lines": [], "summary": {"covered_lines": 0, "num_statements": 7, "percent_covered": 0.0, "percent_covered_display": "0", "missing_lines": 7, "excluded_lines": 0}, "missing_lines": [118, 119, 120, 121, 122, 123, 124], "excluded_lines": []}, "register_prompt_template": {"executed_lines": [], "summary": {"covered_lines": 0, "num_statements": 9, "percent_covered": 0.0, "percent_covered_display": "0", "missing_lines": 9, "excluded_lines": 0}, "missing_lines": [136, 137, 140, 143, 153, 155, 161, 162, 163], "excluded_lines": []}, "synthesize_with_mab": {"executed_lines": [], "summary": {"covered_lines": 0, "num_statements": 9, "percent_covered": 0.0, "percent_covered_display": "0", "missing_lines": 9, "excluded_lines": 0}, "missing_lines": [175, 176, 179, 187, 194, 198, 208, 209, 210], "excluded_lines": []}, "update_mab_config": {"executed_lines": [], "summary": {"covered_lines": 0, "num_statements": 13, "percent_covered": 0.0, "percent_covered_display": "0", "missing_lines": 13, "excluded_lines": 0}, "missing_lines": [222, 224, 225, 226, 227, 233, 248, 250, 258, 259, 260, 261, 262], "excluded_lines": []}, "list_prompt_templates": {"executed_lines": [], "summary": {"covered_lines": 0, "num_statements": 13, "percent_covered": 0.0, "percent_covered_display": "0", "missing_lines": 13, "excluded_lines": 0}, "missing_lines": [274, 275, 276, 278, 279, 280, 281, 283, 294, 296, 301, 302, 303], "excluded_lines": []}, "list_available_algorithms": {"executed_lines": [], "summary": {"covered_lines": 0, "num_statements": 2, "percent_covered": 0.0, "percent_covered_display": "0", "missing_lines": 2, "excluded_lines": 0}, "missing_lines": [312, 336], "excluded_lines": []}, "": {"executed_lines": [], "summary": {"covered_lines": 0, "num_statements": 67, "percent_covered": 0.0, "percent_covered_display": "0", "missing_lines": 67, "excluded_lines": 0}, "missing_lines": [8, 9, 10, 11, 14, 15, 16, 17, 18, 19, 21, 23, 26, 29, 38, 39, 40, 41, 42, 43, 44, 45, 46, 47, 48, 51, 52, 53, 54, 55, 56, 59, 60, 61, 62, 63, 64, 67, 68, 69, 70, 71, 72, 73, 74, 77, 78, 79, 80, 81, 82, 85, 86, 100, 101, 115, 116, 130, 131, 169, 170, 216, 217, 268, 269, 309, 310], "excluded_lines": []}}, "classes": {"MABConfigRequest": {"executed_lines": [], "summary": {"covered_lines": 0, "num_statements": 0, "percent_covered": 100.0, "percent_covered_display": "100", "missing_lines": 0, "excluded_lines": 0}, "missing_lines": [], "excluded_lines": []}, "PromptTemplateRequest": {"executed_lines": [], "summary": {"covered_lines": 0, "num_statements": 0, "percent_covered": 100.0, "percent_covered_display": "100", "missing_lines": 0, "excluded_lines": 0}, "missing_lines": [], "excluded_lines": []}, "SynthesisRequest": {"executed_lines": [], "summary": {"covered_lines": 0, "num_statements": 0, "percent_covered": 100.0, "percent_covered_display": "100", "missing_lines": 0, "excluded_lines": 0}, "missing_lines": [], "excluded_lines": []}, "MABMetricsResponse": {"executed_lines": [], "summary": {"covered_lines": 0, "num_statements": 0, "percent_covered": 100.0, "percent_covered_display": "100", "missing_lines": 0, "excluded_lines": 0}, "missing_lines": [], "excluded_lines": []}, "IntegrationStatusResponse": {"executed_lines": [], "summary": {"covered_lines": 0, "num_statements": 0, "percent_covered": 100.0, "percent_covered_display": "100", "missing_lines": 0, "excluded_lines": 0}, "missing_lines": [], "excluded_lines": []}, "": {"executed_lines": [], "summary": {"covered_lines": 0, "num_statements": 137, "percent_covered": 0.0, "percent_covered_display": "0", "missing_lines": 137, "excluded_lines": 0}, "missing_lines": [8, 9, 10, 11, 14, 15, 16, 17, 18, 19, 21, 23, 26, 29, 32, 33, 34, 38, 39, 40, 41, 42, 43, 44, 45, 46, 47, 48, 51, 52, 53, 54, 55, 56, 59, 60, 61, 62, 63, 64, 67, 68, 69, 70, 71, 72, 73, 74, 77, 78, 79, 80, 81, 82, 85, 86, 88, 89, 90, 91, 92, 93, 94, 100, 101, 103, 104, 105, 106, 107, 108, 109, 115, 116, 118, 119, 120, 121, 122, 123, 124, 130, 131, 136, 137, 140, 143, 153, 155, 161, 162, 163, 169, 170, 175, 176, 179, 187, 194, 198, 208, 209, 210, 216, 217, 222, 224, 225, 226, 227, 233, 248, 250, 258, 259, 260, 261, 262, 268, 269, 274, 275, 276, 278, 279, 280, 281, 283, 294, 296, 301, 302, 303, 309, 310, 312, 336], "excluded_lines": []}}}, "src/backend/gs_service/app/api/v1/multi_model_synthesis.py": {"executed_lines": [], "summary": {"covered_lines": 0, "num_statements": 122, "percent_covered": 0.0, "percent_covered_display": "0", "missing_lines": 122, "excluded_lines": 0}, "missing_lines": [15, 16, 17, 18, 20, 21, 22, 24, 25, 31, 32, 34, 35, 38, 40, 41, 42, 45, 46, 47, 50, 51, 54, 57, 59, 60, 61, 62, 65, 67, 68, 69, 70, 71, 74, 75, 92, 94, 97, 111, 112, 115, 123, 124, 126, 127, 128, 134, 135, 146, 147, 148, 149, 152, 154, 161, 162, 163, 169, 170, 180, 181, 182, 184, 185, 186, 188, 189, 190, 192, 193, 195, 197, 198, 200, 203, 204, 207, 208, 210, 218, 219, 220, 226, 227, 237, 238, 239, 241, 242, 243, 249, 250, 257, 258, 261, 262, 263, 264, 265, 267, 269, 277, 278, 279, 285, 292, 295, 300, 301, 305, 306, 308, 309, 310, 313, 314, 316, 325, 327, 328, 329], "excluded_lines": [], "functions": {"synthesize_policy": {"executed_lines": [], "summary": {"covered_lines": 0, "num_statements": 11, "percent_covered": 0.0, "percent_covered_display": "0", "missing_lines": 11, "excluded_lines": 0}, "missing_lines": [92, 94, 97, 111, 112, 115, 123, 124, 126, 127, 128], "excluded_lines": []}, "get_model_performance": {"executed_lines": [], "summary": {"covered_lines": 0, "num_statements": 9, "percent_covered": 0.0, "percent_covered_display": "0", "missing_lines": 9, "excluded_lines": 0}, "missing_lines": [146, 147, 148, 149, 152, 154, 161, 162, 163], "excluded_lines": []}, "get_model_health": {"executed_lines": [], "summary": {"covered_lines": 0, "num_statements": 23, "percent_covered": 0.0, "percent_covered_display": "0", "missing_lines": 23, "excluded_lines": 0}, "missing_lines": [180, 181, 182, 184, 185, 186, 188, 189, 190, 192, 193, 195, 197, 198, 200, 203, 204, 207, 208, 210, 218, 219, 220], "excluded_lines": []}, "get_model_configuration": {"executed_lines": [], "summary": {"covered_lines": 0, "num_statements": 6, "percent_covered": 0.0, "percent_covered_display": "0", "missing_lines": 6, "excluded_lines": 0}, "missing_lines": [237, 238, 239, 241, 242, 243], "excluded_lines": []}, "reset_circuit_breakers": {"executed_lines": [], "summary": {"covered_lines": 0, "num_statements": 12, "percent_covered": 0.0, "percent_covered_display": "0", "missing_lines": 12, "excluded_lines": 0}, "missing_lines": [257, 258, 261, 262, 263, 264, 265, 267, 269, 277, 278, 279], "excluded_lines": []}, "_log_synthesis_metrics": {"executed_lines": [], "summary": {"covered_lines": 0, "num_statements": 4, "percent_covered": 0.0, "percent_covered_display": "0", "missing_lines": 4, "excluded_lines": 0}, "missing_lines": [292, 295, 300, 301], "excluded_lines": []}, "get_synthesis_status": {"executed_lines": [], "summary": {"covered_lines": 0, "num_statements": 10, "percent_covered": 0.0, "percent_covered_display": "0", "missing_lines": 10, "excluded_lines": 0}, "missing_lines": [308, 309, 310, 313, 314, 316, 325, 327, 328, 329], "excluded_lines": []}, "": {"executed_lines": [], "summary": {"covered_lines": 0, "num_statements": 47, "percent_covered": 0.0, "percent_covered_display": "0", "missing_lines": 47, "excluded_lines": 0}, "missing_lines": [15, 16, 17, 18, 20, 21, 22, 24, 25, 31, 32, 34, 35, 38, 40, 41, 42, 45, 46, 47, 50, 51, 54, 57, 59, 60, 61, 62, 65, 67, 68, 69, 70, 71, 74, 75, 134, 135, 169, 170, 226, 227, 249, 250, 285, 305, 306], "excluded_lines": []}}, "classes": {"SynthesisRequestAPI": {"executed_lines": [], "summary": {"covered_lines": 0, "num_statements": 0, "percent_covered": 100.0, "percent_covered_display": "100", "missing_lines": 0, "excluded_lines": 0}, "missing_lines": [], "excluded_lines": []}, "ModelPerformanceResponse": {"executed_lines": [], "summary": {"covered_lines": 0, "num_statements": 0, "percent_covered": 100.0, "percent_covered_display": "100", "missing_lines": 0, "excluded_lines": 0}, "missing_lines": [], "excluded_lines": []}, "ModelHealthResponse": {"executed_lines": [], "summary": {"covered_lines": 0, "num_statements": 0, "percent_covered": 100.0, "percent_covered_display": "100", "missing_lines": 0, "excluded_lines": 0}, "missing_lines": [], "excluded_lines": []}, "": {"executed_lines": [], "summary": {"covered_lines": 0, "num_statements": 122, "percent_covered": 0.0, "percent_covered_display": "0", "missing_lines": 122, "excluded_lines": 0}, "missing_lines": [15, 16, 17, 18, 20, 21, 22, 24, 25, 31, 32, 34, 35, 38, 40, 41, 42, 45, 46, 47, 50, 51, 54, 57, 59, 60, 61, 62, 65, 67, 68, 69, 70, 71, 74, 75, 92, 94, 97, 111, 112, 115, 123, 124, 126, 127, 128, 134, 135, 146, 147, 148, 149, 152, 154, 161, 162, 163, 169, 170, 180, 181, 182, 184, 185, 186, 188, 189, 190, 192, 193, 195, 197, 198, 200, 203, 204, 207, 208, 210, 218, 219, 220, 226, 227, 237, 238, 239, 241, 242, 243, 249, 250, 257, 258, 261, 262, 263, 264, 265, 267, 269, 277, 278, 279, 285, 292, 295, 300, 301, 305, 306, 308, 309, 310, 313, 314, 316, 325, 327, 328, 329], "excluded_lines": []}}}, "src/backend/gs_service/app/api/v1/performance_monitoring.py": {"executed_lines": [], "summary": {"covered_lines": 0, "num_statements": 171, "percent_covered": 0.0, "percent_covered_display": "0", "missing_lines": 171, "excluded_lines": 0}, "missing_lines": [10, 11, 12, 13, 14, 15, 16, 18, 19, 20, 21, 23, 25, 28, 30, 31, 32, 33, 34, 35, 36, 39, 41, 42, 43, 44, 45, 46, 49, 51, 52, 53, 54, 55, 58, 59, 60, 71, 72, 73, 75, 84, 85, 87, 88, 89, 90, 93, 94, 95, 96, 97, 98, 99, 101, 103, 104, 105, 111, 112, 119, 120, 121, 124, 138, 139, 140, 141, 146, 147, 154, 155, 156, 157, 158, 160, 163, 165, 174, 175, 176, 182, 183, 184, 194, 195, 196, 198, 199, 202, 203, 205, 212, 213, 214, 220, 221, 222, 231, 232, 234, 235, 236, 237, 241, 243, 246, 247, 248, 249, 250, 251, 253, 264, 265, 266, 267, 268, 274, 275, 276, 283, 287, 292, 299, 300, 301, 307, 308, 315, 316, 317, 319, 320, 321, 327, 329, 331, 332, 333, 340, 341, 349, 352, 354, 355, 356, 358, 359, 365, 366, 372, 373, 379, 382, 384, 386, 387, 388, 390, 393, 395, 397, 398, 399, 400, 401, 402, 403, 404, 406], "excluded_lines": [], "functions": {"get_performance_metrics": {"executed_lines": [], "summary": {"covered_lines": 0, "num_statements": 21, "percent_covered": 0.0, "percent_covered_display": "0", "missing_lines": 21, "excluded_lines": 0}, "missing_lines": [71, 72, 73, 75, 84, 85, 87, 88, 89, 90, 93, 94, 95, 96, 97, 98, 99, 101, 103, 104, 105], "excluded_lines": []}, "get_system_health": {"executed_lines": [], "summary": {"covered_lines": 0, "num_statements": 21, "percent_covered": 0.0, "percent_covered_display": "0", "missing_lines": 21, "excluded_lines": 0}, "missing_lines": [119, 120, 121, 124, 138, 139, 140, 141, 146, 147, 154, 155, 156, 157, 158, 160, 163, 165, 174, 175, 176], "excluded_lines": []}, "get_performance_bottlenecks": {"executed_lines": [], "summary": {"covered_lines": 0, "num_statements": 11, "percent_covered": 0.0, "percent_covered_display": "0", "missing_lines": 11, "excluded_lines": 0}, "missing_lines": [194, 195, 196, 198, 199, 202, 203, 205, 212, 213, 214], "excluded_lines": []}, "get_latency_profile": {"executed_lines": [], "summary": {"covered_lines": 0, "num_statements": 20, "percent_covered": 0.0, "percent_covered_display": "0", "missing_lines": 20, "excluded_lines": 0}, "missing_lines": [231, 232, 234, 235, 236, 237, 241, 243, 246, 247, 248, 249, 250, 251, 253, 264, 265, 266, 267, 268], "excluded_lines": []}, "configure_alert": {"executed_lines": [], "summary": {"covered_lines": 0, "num_statements": 6, "percent_covered": 0.0, "percent_covered_display": "0", "missing_lines": 6, "excluded_lines": 0}, "missing_lines": [283, 287, 292, 299, 300, 301], "excluded_lines": []}, "get_prometheus_metrics": {"executed_lines": [], "summary": {"covered_lines": 0, "num_statements": 6, "percent_covered": 0.0, "percent_covered_display": "0", "missing_lines": 6, "excluded_lines": 0}, "missing_lines": [315, 316, 317, 319, 320, 321], "excluded_lines": []}, "_generate_health_alerts": {"executed_lines": [], "summary": {"covered_lines": 0, "num_statements": 7, "percent_covered": 0.0, "percent_covered_display": "0", "missing_lines": 7, "excluded_lines": 0}, "missing_lines": [329, 331, 332, 333, 340, 341, 349], "excluded_lines": []}, "_get_optimization_recommendations": {"executed_lines": [], "summary": {"covered_lines": 0, "num_statements": 10, "percent_covered": 0.0, "percent_covered_display": "0", "missing_lines": 10, "excluded_lines": 0}, "missing_lines": [354, 355, 356, 358, 359, 365, 366, 372, 373, 379], "excluded_lines": []}, "_get_severity_distribution": {"executed_lines": [], "summary": {"covered_lines": 0, "num_statements": 5, "percent_covered": 0.0, "percent_covered_display": "0", "missing_lines": 5, "excluded_lines": 0}, "missing_lines": [384, 386, 387, 388, 390], "excluded_lines": []}, "_calculate_performance_grade": {"executed_lines": [], "summary": {"covered_lines": 0, "num_statements": 10, "percent_covered": 0.0, "percent_covered_display": "0", "missing_lines": 10, "excluded_lines": 0}, "missing_lines": [395, 397, 398, 399, 400, 401, 402, 403, 404, 406], "excluded_lines": []}, "": {"executed_lines": [], "summary": {"covered_lines": 0, "num_statements": 54, "percent_covered": 0.0, "percent_covered_display": "0", "missing_lines": 54, "excluded_lines": 0}, "missing_lines": [10, 11, 12, 13, 14, 15, 16, 18, 19, 20, 21, 23, 25, 28, 30, 31, 32, 33, 34, 35, 36, 39, 41, 42, 43, 44, 45, 46, 49, 51, 52, 53, 54, 55, 58, 59, 60, 111, 112, 182, 183, 184, 220, 221, 222, 274, 275, 276, 307, 308, 327, 352, 382, 393], "excluded_lines": []}}, "classes": {"PerformanceMetricsResponse": {"executed_lines": [], "summary": {"covered_lines": 0, "num_statements": 0, "percent_covered": 100.0, "percent_covered_display": "100", "missing_lines": 0, "excluded_lines": 0}, "missing_lines": [], "excluded_lines": []}, "SystemHealthResponse": {"executed_lines": [], "summary": {"covered_lines": 0, "num_statements": 0, "percent_covered": 100.0, "percent_covered_display": "100", "missing_lines": 0, "excluded_lines": 0}, "missing_lines": [], "excluded_lines": []}, "AlertConfiguration": {"executed_lines": [], "summary": {"covered_lines": 0, "num_statements": 0, "percent_covered": 100.0, "percent_covered_display": "100", "missing_lines": 0, "excluded_lines": 0}, "missing_lines": [], "excluded_lines": []}, "": {"executed_lines": [], "summary": {"covered_lines": 0, "num_statements": 171, "percent_covered": 0.0, "percent_covered_display": "0", "missing_lines": 171, "excluded_lines": 0}, "missing_lines": [10, 11, 12, 13, 14, 15, 16, 18, 19, 20, 21, 23, 25, 28, 30, 31, 32, 33, 34, 35, 36, 39, 41, 42, 43, 44, 45, 46, 49, 51, 52, 53, 54, 55, 58, 59, 60, 71, 72, 73, 75, 84, 85, 87, 88, 89, 90, 93, 94, 95, 96, 97, 98, 99, 101, 103, 104, 105, 111, 112, 119, 120, 121, 124, 138, 139, 140, 141, 146, 147, 154, 155, 156, 157, 158, 160, 163, 165, 174, 175, 176, 182, 183, 184, 194, 195, 196, 198, 199, 202, 203, 205, 212, 213, 214, 220, 221, 222, 231, 232, 234, 235, 236, 237, 241, 243, 246, 247, 248, 249, 250, 251, 253, 264, 265, 266, 267, 268, 274, 275, 276, 283, 287, 292, 299, 300, 301, 307, 308, 315, 316, 317, 319, 320, 321, 327, 329, 331, 332, 333, 340, 341, 349, 352, 354, 355, 356, 358, 359, 365, 366, 372, 373, 379, 382, 384, 386, 387, 388, 390, 393, 395, 397, 398, 399, 400, 401, 402, 403, 404, 406], "excluded_lines": []}}}, "src/backend/gs_service/app/api/v1/policy_management.py": {"executed_lines": [], "summary": {"covered_lines": 0, "num_statements": 80, "percent_covered": 0.0, "percent_covered_display": "0", "missing_lines": 80, "excluded_lines": 0}, "missing_lines": [2, 3, 4, 7, 8, 17, 21, 24, 25, 30, 35, 36, 38, 39, 40, 41, 42, 43, 45, 46, 47, 48, 49, 51, 52, 59, 60, 61, 62, 63, 65, 66, 71, 72, 73, 74, 77, 78, 83, 84, 89, 91, 92, 93, 94, 96, 97, 98, 101, 103, 104, 106, 108, 109, 110, 111, 112, 113, 115, 116, 117, 118, 119, 121, 122, 128, 130, 132, 133, 134, 139, 140, 141, 142, 144, 145, 150, 151, 152, 153], "excluded_lines": [], "functions": {"api_create_policy_template": {"executed_lines": [], "summary": {"covered_lines": 0, "num_statements": 3, "percent_covered": 0.0, "percent_covered_display": "0", "missing_lines": 3, "excluded_lines": 0}, "missing_lines": [30, 35, 36], "excluded_lines": []}, "api_read_policy_template": {"executed_lines": [], "summary": {"covered_lines": 0, "num_statements": 4, "percent_covered": 0.0, "percent_covered_display": "0", "missing_lines": 4, "excluded_lines": 0}, "missing_lines": [40, 41, 42, 43], "excluded_lines": []}, "api_list_policy_templates": {"executed_lines": [], "summary": {"covered_lines": 0, "num_statements": 3, "percent_covered": 0.0, "percent_covered_display": "0", "missing_lines": 3, "excluded_lines": 0}, "missing_lines": [47, 48, 49], "excluded_lines": []}, "api_update_policy_template": {"executed_lines": [], "summary": {"covered_lines": 0, "num_statements": 5, "percent_covered": 0.0, "percent_covered_display": "0", "missing_lines": 5, "excluded_lines": 0}, "missing_lines": [59, 60, 61, 62, 63], "excluded_lines": []}, "api_delete_policy_template": {"executed_lines": [], "summary": {"covered_lines": 0, "num_statements": 4, "percent_covered": 0.0, "percent_covered_display": "0", "missing_lines": 4, "excluded_lines": 0}, "missing_lines": [71, 72, 73, 74], "excluded_lines": []}, "api_create_policy": {"executed_lines": [], "summary": {"covered_lines": 0, "num_statements": 14, "percent_covered": 0.0, "percent_covered_display": "0", "missing_lines": 14, "excluded_lines": 0}, "missing_lines": [83, 84, 89, 91, 92, 93, 94, 96, 97, 98, 101, 103, 104, 106], "excluded_lines": []}, "api_read_policy": {"executed_lines": [], "summary": {"covered_lines": 0, "num_statements": 4, "percent_covered": 0.0, "percent_covered_display": "0", "missing_lines": 4, "excluded_lines": 0}, "missing_lines": [110, 111, 112, 113], "excluded_lines": []}, "api_list_policies": {"executed_lines": [], "summary": {"covered_lines": 0, "num_statements": 3, "percent_covered": 0.0, "percent_covered_display": "0", "missing_lines": 3, "excluded_lines": 0}, "missing_lines": [117, 118, 119], "excluded_lines": []}, "api_update_policy": {"executed_lines": [], "summary": {"covered_lines": 0, "num_statements": 9, "percent_covered": 0.0, "percent_covered_display": "0", "missing_lines": 9, "excluded_lines": 0}, "missing_lines": [128, 130, 132, 133, 134, 139, 140, 141, 142], "excluded_lines": []}, "api_delete_policy": {"executed_lines": [], "summary": {"covered_lines": 0, "num_statements": 4, "percent_covered": 0.0, "percent_covered_display": "0", "missing_lines": 4, "excluded_lines": 0}, "missing_lines": [150, 151, 152, 153], "excluded_lines": []}, "": {"executed_lines": [], "summary": {"covered_lines": 0, "num_statements": 27, "percent_covered": 0.0, "percent_covered_display": "0", "missing_lines": 27, "excluded_lines": 0}, "missing_lines": [2, 3, 4, 7, 8, 17, 21, 24, 25, 38, 39, 45, 46, 51, 52, 65, 66, 77, 78, 108, 109, 115, 116, 121, 122, 144, 145], "excluded_lines": []}}, "classes": {"": {"executed_lines": [], "summary": {"covered_lines": 0, "num_statements": 80, "percent_covered": 0.0, "percent_covered_display": "0", "missing_lines": 80, "excluded_lines": 0}, "missing_lines": [2, 3, 4, 7, 8, 17, 21, 24, 25, 30, 35, 36, 38, 39, 40, 41, 42, 43, 45, 46, 47, 48, 49, 51, 52, 59, 60, 61, 62, 63, 65, 66, 71, 72, 73, 74, 77, 78, 83, 84, 89, 91, 92, 93, 94, 96, 97, 98, 101, 103, 104, 106, 108, 109, 110, 111, 112, 113, 115, 116, 117, 118, 119, 121, 122, 128, 130, 132, 133, 134, 139, 140, 141, 142, 144, 145, 150, 151, 152, 153], "excluded_lines": []}}}, "src/backend/gs_service/app/api/v1/qec_error_correction.py": {"executed_lines": [], "summary": {"covered_lines": 0, "num_statements": 148, "percent_covered": 0.0, "percent_covered_display": "0", "missing_lines": 148, "excluded_lines": 0}, "missing_lines": [9, 10, 11, 12, 14, 15, 16, 17, 18, 20, 21, 22, 25, 42, 43, 45, 47, 50, 54, 56, 57, 58, 59, 60, 63, 65, 66, 67, 70, 72, 73, 74, 77, 79, 80, 81, 84, 85, 98, 100, 101, 102, 105, 106, 108, 109, 110, 113, 114, 116, 118, 121, 122, 124, 127, 128, 131, 139, 144, 159, 160, 161, 167, 168, 179, 181, 184, 185, 188, 191, 192, 194, 195, 201, 208, 209, 210, 222, 237, 238, 239, 245, 246, 257, 259, 262, 263, 265, 266, 272, 275, 276, 278, 279, 285, 291, 316, 317, 318, 324, 325, 334, 335, 337, 351, 352, 353, 359, 360, 371, 373, 376, 377, 379, 380, 386, 389, 390, 392, 393, 399, 406, 407, 408, 421, 436, 437, 438, 444, 445, 456, 458, 471, 476, 502, 503, 504, 510, 511, 522, 523, 524, 530, 542, 547, 574, 575, 576], "excluded_lines": [], "functions": {"execute_error_correction_workflow": {"executed_lines": [], "summary": {"covered_lines": 0, "num_statements": 24, "percent_covered": 0.0, "percent_covered_display": "0", "missing_lines": 24, "excluded_lines": 0}, "missing_lines": [98, 100, 101, 102, 105, 106, 108, 109, 110, 113, 114, 116, 118, 121, 122, 124, 127, 128, 131, 139, 144, 159, 160, 161], "excluded_lines": []}, "detect_conflicts": {"executed_lines": [], "summary": {"covered_lines": 0, "num_statements": 17, "percent_covered": 0.0, "percent_covered_display": "0", "missing_lines": 17, "excluded_lines": 0}, "missing_lines": [179, 181, 184, 185, 188, 191, 192, 194, 195, 201, 208, 209, 210, 222, 237, 238, 239], "excluded_lines": []}, "validate_semantic_consistency": {"executed_lines": [], "summary": {"covered_lines": 0, "num_statements": 16, "percent_covered": 0.0, "percent_covered_display": "0", "missing_lines": 16, "excluded_lines": 0}, "missing_lines": [257, 259, 262, 263, 265, 266, 272, 275, 276, 278, 279, 285, 291, 316, 317, 318], "excluded_lines": []}, "get_performance_summary": {"executed_lines": [], "summary": {"covered_lines": 0, "num_statements": 6, "percent_covered": 0.0, "percent_covered_display": "0", "missing_lines": 6, "excluded_lines": 0}, "missing_lines": [334, 335, 337, 351, 352, 353], "excluded_lines": []}, "generate_policy_refinement_suggestions": {"executed_lines": [], "summary": {"covered_lines": 0, "num_statements": 19, "percent_covered": 0.0, "percent_covered_display": "0", "missing_lines": 19, "excluded_lines": 0}, "missing_lines": [371, 373, 376, 377, 379, 380, 386, 389, 390, 392, 393, 399, 406, 407, 408, 421, 436, 437, 438], "excluded_lines": []}, "resolve_conflict_automatically": {"executed_lines": [], "summary": {"covered_lines": 0, "num_statements": 7, "percent_covered": 0.0, "percent_covered_display": "0", "missing_lines": 7, "excluded_lines": 0}, "missing_lines": [456, 458, 471, 476, 502, 503, 504], "excluded_lines": []}, "analyze_conflict_complexity": {"executed_lines": [], "summary": {"covered_lines": 0, "num_statements": 9, "percent_covered": 0.0, "percent_covered_display": "0", "missing_lines": 9, "excluded_lines": 0}, "missing_lines": [522, 523, 524, 530, 542, 547, 574, 575, 576], "excluded_lines": []}, "": {"executed_lines": [], "summary": {"covered_lines": 0, "num_statements": 50, "percent_covered": 0.0, "percent_covered_display": "0", "missing_lines": 50, "excluded_lines": 0}, "missing_lines": [9, 10, 11, 12, 14, 15, 16, 17, 18, 20, 21, 22, 25, 42, 43, 45, 47, 50, 54, 56, 57, 58, 59, 60, 63, 65, 66, 67, 70, 72, 73, 74, 77, 79, 80, 81, 84, 85, 167, 168, 245, 246, 324, 325, 359, 360, 444, 445, 510, 511], "excluded_lines": []}}, "classes": {"ErrorCorrectionRequest": {"executed_lines": [], "summary": {"covered_lines": 0, "num_statements": 0, "percent_covered": 100.0, "percent_covered_display": "100", "missing_lines": 0, "excluded_lines": 0}, "missing_lines": [], "excluded_lines": []}, "ConflictDetectionRequest": {"executed_lines": [], "summary": {"covered_lines": 0, "num_statements": 0, "percent_covered": 100.0, "percent_covered_display": "100", "missing_lines": 0, "excluded_lines": 0}, "missing_lines": [], "excluded_lines": []}, "SemanticValidationRequest": {"executed_lines": [], "summary": {"covered_lines": 0, "num_statements": 0, "percent_covered": 100.0, "percent_covered_display": "100", "missing_lines": 0, "excluded_lines": 0}, "missing_lines": [], "excluded_lines": []}, "PolicyRefinementRequest": {"executed_lines": [], "summary": {"covered_lines": 0, "num_statements": 0, "percent_covered": 100.0, "percent_covered_display": "100", "missing_lines": 0, "excluded_lines": 0}, "missing_lines": [], "excluded_lines": []}, "": {"executed_lines": [], "summary": {"covered_lines": 0, "num_statements": 148, "percent_covered": 0.0, "percent_covered_display": "0", "missing_lines": 148, "excluded_lines": 0}, "missing_lines": [9, 10, 11, 12, 14, 15, 16, 17, 18, 20, 21, 22, 25, 42, 43, 45, 47, 50, 54, 56, 57, 58, 59, 60, 63, 65, 66, 67, 70, 72, 73, 74, 77, 79, 80, 81, 84, 85, 98, 100, 101, 102, 105, 106, 108, 109, 110, 113, 114, 116, 118, 121, 122, 124, 127, 128, 131, 139, 144, 159, 160, 161, 167, 168, 179, 181, 184, 185, 188, 191, 192, 194, 195, 201, 208, 209, 210, 222, 237, 238, 239, 245, 246, 257, 259, 262, 263, 265, 266, 272, 275, 276, 278, 279, 285, 291, 316, 317, 318, 324, 325, 334, 335, 337, 351, 352, 353, 359, 360, 371, 373, 376, 377, 379, 380, 386, 389, 390, 392, 393, 399, 406, 407, 408, 421, 436, 437, 438, 444, 445, 456, 458, 471, 476, 502, 503, 504, 510, 511, 522, 523, 524, 530, 542, 547, 574, 575, 576], "excluded_lines": []}}}, "src/backend/gs_service/app/api/v1/reliability_metrics.py": {"executed_lines": [], "summary": {"covered_lines": 0, "num_statements": 19, "percent_covered": 0.0, "percent_covered_display": "0", "missing_lines": 19, "excluded_lines": 0}, "missing_lines": [1, 2, 3, 5, 11, 13, 14, 18, 19, 20, 21, 22, 24, 25, 29, 32, 33, 34, 35], "excluded_lines": [], "functions": {"get_reliability_metrics": {"executed_lines": [], "summary": {"covered_lines": 0, "num_statements": 5, "percent_covered": 0.0, "percent_covered_display": "0", "missing_lines": 5, "excluded_lines": 0}, "missing_lines": [18, 19, 20, 21, 22], "excluded_lines": []}, "get_reliability_metrics_history": {"executed_lines": [], "summary": {"covered_lines": 0, "num_statements": 5, "percent_covered": 0.0, "percent_covered_display": "0", "missing_lines": 5, "excluded_lines": 0}, "missing_lines": [29, 32, 33, 34, 35], "excluded_lines": []}, "": {"executed_lines": [], "summary": {"covered_lines": 0, "num_statements": 9, "percent_covered": 0.0, "percent_covered_display": "0", "missing_lines": 9, "excluded_lines": 0}, "missing_lines": [1, 2, 3, 5, 11, 13, 14, 24, 25], "excluded_lines": []}}, "classes": {"": {"executed_lines": [], "summary": {"covered_lines": 0, "num_statements": 19, "percent_covered": 0.0, "percent_covered_display": "0", "missing_lines": 19, "excluded_lines": 0}, "missing_lines": [1, 2, 3, 5, 11, 13, 14, 18, 19, 20, 21, 22, 24, 25, 29, 32, 33, 34, 35], "excluded_lines": []}}}, "src/backend/gs_service/app/api/v1/synthesize.py": {"executed_lines": [], "summary": {"covered_lines": 0, "num_statements": 57, "percent_covered": 0.0, "percent_covered_display": "0", "missing_lines": 57, "excluded_lines": 0}, "missing_lines": [3, 4, 5, 7, 10, 11, 12, 14, 17, 25, 26, 28, 29, 30, 33, 35, 38, 41, 47, 49, 50, 60, 61, 63, 64, 65, 66, 67, 73, 74, 75, 77, 78, 79, 82, 89, 93, 96, 97, 99, 101, 102, 103, 104, 105, 106, 108, 113, 114, 118, 127, 130, 138, 147, 149, 150, 156], "excluded_lines": [], "functions": {"perform_actual_synthesis": {"executed_lines": [], "summary": {"covered_lines": 0, "num_statements": 10, "percent_covered": 0.0, "percent_covered_display": "0", "missing_lines": 10, "excluded_lines": 0}, "missing_lines": [25, 26, 28, 29, 30, 33, 35, 38, 41, 47], "excluded_lines": []}, "synthesize_rules": {"executed_lines": [], "summary": {"covered_lines": 0, "num_statements": 36, "percent_covered": 0.0, "percent_covered_display": "0", "missing_lines": 36, "excluded_lines": 0}, "missing_lines": [60, 61, 63, 64, 65, 66, 67, 73, 74, 75, 77, 78, 79, 82, 89, 93, 96, 97, 99, 101, 102, 103, 104, 105, 106, 108, 113, 114, 118, 127, 130, 138, 147, 149, 150, 156], "excluded_lines": []}, "": {"executed_lines": [], "summary": {"covered_lines": 0, "num_statements": 11, "percent_covered": 0.0, "percent_covered_display": "0", "missing_lines": 11, "excluded_lines": 0}, "missing_lines": [3, 4, 5, 7, 10, 11, 12, 14, 17, 49, 50], "excluded_lines": []}}, "classes": {"": {"executed_lines": [], "summary": {"covered_lines": 0, "num_statements": 57, "percent_covered": 0.0, "percent_covered_display": "0", "missing_lines": 57, "excluded_lines": 0}, "missing_lines": [3, 4, 5, 7, 10, 11, 12, 14, 17, 25, 26, 28, 29, 30, 33, 35, 38, 41, 47, 49, 50, 60, 61, 63, 64, 65, 66, 67, 73, 74, 75, 77, 78, 79, 82, 89, 93, 96, 97, 99, 101, 102, 103, 104, 105, 106, 108, 113, 114, 118, 127, 130, 138, 147, 149, 150, 156], "excluded_lines": []}}}, "src/backend/gs_service/app/api/v1/violation_management.py": {"executed_lines": [], "summary": {"covered_lines": 0, "num_statements": 187, "percent_covered": 0.0, "percent_covered_display": "0", "missing_lines": 187, "excluded_lines": 0}, "missing_lines": [9, 10, 11, 12, 14, 15, 16, 17, 18, 20, 21, 25, 28, 35, 40, 47, 54, 59, 60, 63, 64, 65, 68, 69, 99, 101, 103, 104, 105, 106, 107, 108, 109, 110, 111, 112, 113, 114, 117, 118, 119, 121, 122, 125, 130, 131, 133, 135, 136, 139, 140, 141, 157, 159, 179, 180, 181, 184, 185, 201, 203, 210, 211, 212, 215, 218, 223, 225, 226, 227, 239, 241, 266, 267, 268, 269, 270, 273, 274, 290, 292, 294, 301, 302, 303, 306, 308, 310, 313, 314, 316, 327, 328, 331, 339, 340, 342, 347, 363, 365, 366, 368, 369, 370, 373, 374, 394, 396, 399, 401, 402, 405, 409, 411, 424, 428, 442, 443, 444, 445, 446, 449, 450, 470, 472, 475, 477, 478, 481, 482, 483, 484, 485, 487, 490, 501, 510, 511, 512, 513, 514, 515, 518, 519, 539, 540, 544, 562, 563, 564, 567, 568, 586, 587, 591, 609, 610, 611, 614, 615, 629, 630, 631, 633, 634, 635, 647, 652, 653, 654, 657, 658, 676, 678, 679, 684, 687, 689, 701, 705, 706, 708, 715, 716, 717, 718, 719], "excluded_lines": [], "functions": {"get_violations": {"executed_lines": [], "summary": {"covered_lines": 0, "num_statements": 33, "percent_covered": 0.0, "percent_covered_display": "0", "missing_lines": 33, "excluded_lines": 0}, "missing_lines": [99, 101, 103, 104, 105, 106, 107, 108, 109, 110, 111, 112, 113, 114, 117, 118, 119, 121, 122, 125, 130, 131, 133, 135, 136, 139, 140, 141, 157, 159, 179, 180, 181], "excluded_lines": []}, "get_violation": {"executed_lines": [], "summary": {"covered_lines": 0, "num_statements": 18, "percent_covered": 0.0, "percent_covered_display": "0", "missing_lines": 18, "excluded_lines": 0}, "missing_lines": [201, 203, 210, 211, 212, 215, 218, 223, 225, 226, 227, 239, 241, 266, 267, 268, 269, 270], "excluded_lines": []}, "trigger_violation_scan": {"executed_lines": [], "summary": {"covered_lines": 0, "num_statements": 6, "percent_covered": 0.0, "percent_covered_display": "0", "missing_lines": 6, "excluded_lines": 0}, "missing_lines": [290, 292, 294, 301, 302, 303], "excluded_lines": []}, "perform_violation_scan": {"executed_lines": [], "summary": {"covered_lines": 0, "num_statements": 18, "percent_covered": 0.0, "percent_covered_display": "0", "missing_lines": 18, "excluded_lines": 0}, "missing_lines": [308, 310, 313, 314, 316, 327, 328, 331, 339, 340, 342, 347, 363, 365, 366, 368, 369, 370], "excluded_lines": []}, "escalate_violation": {"executed_lines": [], "summary": {"covered_lines": 0, "num_statements": 15, "percent_covered": 0.0, "percent_covered_display": "0", "missing_lines": 15, "excluded_lines": 0}, "missing_lines": [394, 396, 399, 401, 402, 405, 409, 411, 424, 428, 442, 443, 444, 445, 446], "excluded_lines": []}, "resolve_violation": {"executed_lines": [], "summary": {"covered_lines": 0, "num_statements": 19, "percent_covered": 0.0, "percent_covered_display": "0", "missing_lines": 19, "excluded_lines": 0}, "missing_lines": [470, 472, 475, 477, 478, 481, 482, 483, 484, 485, 487, 490, 501, 510, 511, 512, 513, 514, 515], "excluded_lines": []}, "get_violation_analytics": {"executed_lines": [], "summary": {"covered_lines": 0, "num_statements": 6, "percent_covered": 0.0, "percent_covered_display": "0", "missing_lines": 6, "excluded_lines": 0}, "missing_lines": [539, 540, 544, 562, 563, 564], "excluded_lines": []}, "get_compliance_report": {"executed_lines": [], "summary": {"covered_lines": 0, "num_statements": 6, "percent_covered": 0.0, "percent_covered_display": "0", "missing_lines": 6, "excluded_lines": 0}, "missing_lines": [586, 587, 591, 609, 610, 611], "excluded_lines": []}, "get_violation_thresholds": {"executed_lines": [], "summary": {"covered_lines": 0, "num_statements": 10, "percent_covered": 0.0, "percent_covered_display": "0", "missing_lines": 10, "excluded_lines": 0}, "missing_lines": [629, 630, 631, 633, 634, 635, 647, 652, 653, 654], "excluded_lines": []}, "update_violation_threshold": {"executed_lines": [], "summary": {"covered_lines": 0, "num_statements": 15, "percent_covered": 0.0, "percent_covered_display": "0", "missing_lines": 15, "excluded_lines": 0}, "missing_lines": [676, 678, 679, 684, 687, 689, 701, 705, 706, 708, 715, 716, 717, 718, 719], "excluded_lines": []}, "": {"executed_lines": [], "summary": {"covered_lines": 0, "num_statements": 41, "percent_covered": 0.0, "percent_covered_display": "0", "missing_lines": 41, "excluded_lines": 0}, "missing_lines": [9, 10, 11, 12, 14, 15, 16, 17, 18, 20, 21, 25, 28, 35, 40, 47, 54, 59, 60, 63, 64, 65, 68, 69, 184, 185, 273, 274, 306, 373, 374, 449, 450, 518, 519, 567, 568, 614, 615, 657, 658], "excluded_lines": []}}, "classes": {"": {"executed_lines": [], "summary": {"covered_lines": 0, "num_statements": 187, "percent_covered": 0.0, "percent_covered_display": "0", "missing_lines": 187, "excluded_lines": 0}, "missing_lines": [9, 10, 11, 12, 14, 15, 16, 17, 18, 20, 21, 25, 28, 35, 40, 47, 54, 59, 60, 63, 64, 65, 68, 69, 99, 101, 103, 104, 105, 106, 107, 108, 109, 110, 111, 112, 113, 114, 117, 118, 119, 121, 122, 125, 130, 131, 133, 135, 136, 139, 140, 141, 157, 159, 179, 180, 181, 184, 185, 201, 203, 210, 211, 212, 215, 218, 223, 225, 226, 227, 239, 241, 266, 267, 268, 269, 270, 273, 274, 290, 292, 294, 301, 302, 303, 306, 308, 310, 313, 314, 316, 327, 328, 331, 339, 340, 342, 347, 363, 365, 366, 368, 369, 370, 373, 374, 394, 396, 399, 401, 402, 405, 409, 411, 424, 428, 442, 443, 444, 445, 446, 449, 450, 470, 472, 475, 477, 478, 481, 482, 483, 484, 485, 487, 490, 501, 510, 511, 512, 513, 514, 515, 518, 519, 539, 540, 544, 562, 563, 564, 567, 568, 586, 587, 591, 609, 610, 611, 614, 615, 629, 630, 631, 633, 634, 635, 647, 652, 653, 654, 657, 658, 676, 678, 679, 684, 687, 689, 701, 705, 706, 708, 715, 716, 717, 718, 719], "excluded_lines": []}}}, "src/backend/gs_service/app/api/v1/wina_rego_synthesis.py": {"executed_lines": [], "summary": {"covered_lines": 0, "num_statements": 107, "percent_covered": 0.0, "percent_covered_display": "0", "missing_lines": 107, "excluded_lines": 0}, "missing_lines": [14, 15, 16, 17, 19, 28, 30, 34, 36, 37, 38, 39, 40, 43, 45, 46, 49, 52, 55, 60, 62, 63, 64, 65, 66, 67, 68, 69, 72, 74, 75, 76, 77, 78, 79, 80, 81, 84, 86, 89, 92, 94, 95, 96, 97, 98, 101, 102, 112, 113, 116, 121, 130, 131, 132, 135, 155, 158, 160, 161, 162, 168, 169, 179, 180, 183, 184, 185, 188, 197, 203, 204, 205, 206, 207, 209, 229, 230, 233, 235, 236, 237, 243, 244, 254, 255, 257, 265, 266, 267, 273, 274, 284, 285, 286, 288, 290, 291, 292, 298, 299, 306, 307, 309, 317, 318, 319], "excluded_lines": [], "functions": {"synthesize_rego_policy": {"executed_lines": [], "summary": {"covered_lines": 0, "num_statements": 13, "percent_covered": 0.0, "percent_covered_display": "0", "missing_lines": 13, "excluded_lines": 0}, "missing_lines": [112, 113, 116, 121, 130, 131, 132, 135, 155, 158, 160, 161, 162], "excluded_lines": []}, "batch_synthesize_rego_policies": {"executed_lines": [], "summary": {"covered_lines": 0, "num_statements": 19, "percent_covered": 0.0, "percent_covered_display": "0", "missing_lines": 19, "excluded_lines": 0}, "missing_lines": [179, 180, 183, 184, 185, 188, 197, 203, 204, 205, 206, 207, 209, 229, 230, 233, 235, 236, 237], "excluded_lines": []}, "get_performance_summary": {"executed_lines": [], "summary": {"covered_lines": 0, "num_statements": 6, "percent_covered": 0.0, "percent_covered_display": "0", "missing_lines": 6, "excluded_lines": 0}, "missing_lines": [254, 255, 257, 265, 266, 267], "excluded_lines": []}, "clear_synthesis_cache": {"executed_lines": [], "summary": {"covered_lines": 0, "num_statements": 7, "percent_covered": 0.0, "percent_covered_display": "0", "missing_lines": 7, "excluded_lines": 0}, "missing_lines": [284, 285, 286, 288, 290, 291, 292], "excluded_lines": []}, "health_check": {"executed_lines": [], "summary": {"covered_lines": 0, "num_statements": 6, "percent_covered": 0.0, "percent_covered_display": "0", "missing_lines": 6, "excluded_lines": 0}, "missing_lines": [306, 307, 309, 317, 318, 319], "excluded_lines": []}, "": {"executed_lines": [], "summary": {"covered_lines": 0, "num_statements": 56, "percent_covered": 0.0, "percent_covered_display": "0", "missing_lines": 56, "excluded_lines": 0}, "missing_lines": [14, 15, 16, 17, 19, 28, 30, 34, 36, 37, 38, 39, 40, 43, 45, 46, 49, 52, 55, 60, 62, 63, 64, 65, 66, 67, 68, 69, 72, 74, 75, 76, 77, 78, 79, 80, 81, 84, 86, 89, 92, 94, 95, 96, 97, 98, 101, 102, 168, 169, 243, 244, 273, 274, 298, 299], "excluded_lines": []}}, "classes": {"ConstitutionalPrincipleModel": {"executed_lines": [], "summary": {"covered_lines": 0, "num_statements": 0, "percent_covered": 100.0, "percent_covered_display": "100", "missing_lines": 0, "excluded_lines": 0}, "missing_lines": [], "excluded_lines": []}, "WINARegoSynthesisRequest": {"executed_lines": [], "summary": {"covered_lines": 0, "num_statements": 0, "percent_covered": 100.0, "percent_covered_display": "100", "missing_lines": 0, "excluded_lines": 0}, "missing_lines": [], "excluded_lines": []}, "WINARegoSynthesisMetricsResponse": {"executed_lines": [], "summary": {"covered_lines": 0, "num_statements": 0, "percent_covered": 100.0, "percent_covered_display": "100", "missing_lines": 0, "excluded_lines": 0}, "missing_lines": [], "excluded_lines": []}, "WINARegoSynthesisResponse": {"executed_lines": [], "summary": {"covered_lines": 0, "num_statements": 0, "percent_covered": 100.0, "percent_covered_display": "100", "missing_lines": 0, "excluded_lines": 0}, "missing_lines": [], "excluded_lines": []}, "BatchWINARegoSynthesisRequest": {"executed_lines": [], "summary": {"covered_lines": 0, "num_statements": 0, "percent_covered": 100.0, "percent_covered_display": "100", "missing_lines": 0, "excluded_lines": 0}, "missing_lines": [], "excluded_lines": []}, "PerformanceSummaryResponse": {"executed_lines": [], "summary": {"covered_lines": 0, "num_statements": 0, "percent_covered": 100.0, "percent_covered_display": "100", "missing_lines": 0, "excluded_lines": 0}, "missing_lines": [], "excluded_lines": []}, "": {"executed_lines": [], "summary": {"covered_lines": 0, "num_statements": 107, "percent_covered": 0.0, "percent_covered_display": "0", "missing_lines": 107, "excluded_lines": 0}, "missing_lines": [14, 15, 16, 17, 19, 28, 30, 34, 36, 37, 38, 39, 40, 43, 45, 46, 49, 52, 55, 60, 62, 63, 64, 65, 66, 67, 68, 69, 72, 74, 75, 76, 77, 78, 79, 80, 81, 84, 86, 89, 92, 94, 95, 96, 97, 98, 101, 102, 112, 113, 116, 121, 130, 131, 132, 135, 155, 158, 160, 161, 162, 168, 169, 179, 180, 183, 184, 185, 188, 197, 203, 204, 205, 206, 207, 209, 229, 230, 233, 235, 236, 237, 243, 244, 254, 255, 257, 265, 266, 267, 273, 274, 284, 285, 286, 288, 290, 291, 292, 298, 299, 306, 307, 309, 317, 318, 319], "excluded_lines": []}}}, "src/backend/gs_service/app/config/opa_config.py": {"executed_lines": [1, 11, 12, 13, 14, 15, 17, 20, 21, 22, 23, 24, 27, 28, 29, 30, 31, 32, 33, 34, 35, 36, 38, 39, 43, 44, 48, 49, 53, 54, 59, 60, 61, 62, 63, 64, 65, 66, 67, 68, 69, 70, 71, 74, 75, 76, 77, 78, 79, 80, 81, 82, 83, 84, 87, 88, 89, 90, 91, 92, 93, 94, 95, 96, 98, 99, 103, 104, 115, 116, 117, 118, 119, 120, 122, 124, 126, 127, 128, 133, 135, 145, 147, 160, 162, 173, 175, 176, 186, 229, 231, 233, 237, 241, 247, 250, 251, 259, 262, 265, 266, 267, 270, 273], "summary": {"covered_lines": 97, "num_statements": 120, "percent_covered": 80.83333333333333, "percent_covered_display": "81", "missing_lines": 23, "excluded_lines": 0}, "missing_lines": [41, 46, 51, 56, 100, 129, 130, 131, 188, 234, 235, 238, 242, 243, 244, 248, 253, 254, 255, 268, 269, 276, 277], "excluded_lines": [], "functions": {"OPAServerConfig.base_url": {"executed_lines": [], "summary": {"covered_lines": 0, "num_statements": 1, "percent_covered": 0.0, "percent_covered_display": "0", "missing_lines": 1, "excluded_lines": 0}, "missing_lines": [41], "excluded_lines": []}, "OPAServerConfig.data_api_url": {"executed_lines": [], "summary": {"covered_lines": 0, "num_statements": 1, "percent_covered": 0.0, "percent_covered_display": "0", "missing_lines": 1, "excluded_lines": 0}, "missing_lines": [46], "excluded_lines": []}, "OPAServerConfig.policy_api_url": {"executed_lines": [], "summary": {"covered_lines": 0, "num_statements": 1, "percent_covered": 0.0, "percent_covered_display": "0", "missing_lines": 1, "excluded_lines": 0}, "missing_lines": [51], "excluded_lines": []}, "OPAServerConfig.health_url": {"executed_lines": [], "summary": {"covered_lines": 0, "num_statements": 1, "percent_covered": 0.0, "percent_covered_display": "0", "missing_lines": 1, "excluded_lines": 0}, "missing_lines": [56], "excluded_lines": []}, "OPASecurityConfig.__post_init__": {"executed_lines": [99], "summary": {"covered_lines": 1, "num_statements": 2, "percent_covered": 50.0, "percent_covered_display": "50", "missing_lines": 1, "excluded_lines": 0}, "missing_lines": [100], "excluded_lines": []}, "OPAConfig.__init__": {"executed_lines": [116, 117, 118, 119, 120, 122], "summary": {"covered_lines": 6, "num_statements": 6, "percent_covered": 100.0, "percent_covered_display": "100", "missing_lines": 0, "excluded_lines": 0}, "missing_lines": [], "excluded_lines": []}, "OPAConfig._get_opa_mode": {"executed_lines": [126, 127, 128], "summary": {"covered_lines": 3, "num_statements": 6, "percent_covered": 50.0, "percent_covered_display": "50", "missing_lines": 3, "excluded_lines": 0}, "missing_lines": [129, 130, 131], "excluded_lines": []}, "OPAConfig._get_server_config": {"executed_lines": [135], "summary": {"covered_lines": 1, "num_statements": 1, "percent_covered": 100.0, "percent_covered_display": "100", "missing_lines": 0, "excluded_lines": 0}, "missing_lines": [], "excluded_lines": []}, "OPAConfig._get_performance_config": {"executed_lines": [147], "summary": {"covered_lines": 1, "num_statements": 1, "percent_covered": 100.0, "percent_covered_display": "100", "missing_lines": 0, "excluded_lines": 0}, "missing_lines": [], "excluded_lines": []}, "OPAConfig._get_policy_config": {"executed_lines": [162], "summary": {"covered_lines": 1, "num_statements": 1, "percent_covered": 100.0, "percent_covered_display": "100", "missing_lines": 0, "excluded_lines": 0}, "missing_lines": [], "excluded_lines": []}, "OPAConfig._get_security_config": {"executed_lines": [175, 176], "summary": {"covered_lines": 2, "num_statements": 2, "percent_covered": 100.0, "percent_covered_display": "100", "missing_lines": 0, "excluded_lines": 0}, "missing_lines": [], "excluded_lines": []}, "OPAConfig.get_config_dict": {"executed_lines": [], "summary": {"covered_lines": 0, "num_statements": 1, "percent_covered": 0.0, "percent_covered_display": "0", "missing_lines": 1, "excluded_lines": 0}, "missing_lines": [188], "excluded_lines": []}, "OPAConfig.validate_config": {"executed_lines": [231, 233, 23
[...]
on_flow": {"executed_lines": [374, 375, 376, 379, 380, 381, 383], "summary": {"covered_lines": 7, "num_statements": 7, "percent_covered": 100.0, "percent_covered_display": "100", "missing_lines": 0, "excluded_lines": 0}, "missing_lines": [], "excluded_lines": []}, "TestSecurityComplianceIntegration.test_security_summary_generation": {"executed_lines": [389, 392, 396, 398, 399, 400, 401, 403, 404, 405, 406], "summary": {"covered_lines": 11, "num_statements": 11, "percent_covered": 100.0, "percent_covered_display": "100", "missing_lines": 0, "excluded_lines": 0}, "missing_lines": [], "excluded_lines": []}, "TestSecurityPerformance.test_input_validation_performance": {"executed_lines": [416, 419, 420, 421, 422, 424, 425], "summary": {"covered_lines": 7, "num_statements": 7, "percent_covered": 100.0, "percent_covered_display": "100", "missing_lines": 0, "excluded_lines": 0}, "missing_lines": [], "excluded_lines": []}, "TestSecurityPerformance.test_rate_limiting_performance": {"executed_lines": [431, 434, 435, 436, 437, 439, 440], "summary": {"covered_lines": 7, "num_statements": 7, "percent_covered": 100.0, "percent_covered_display": "100", "missing_lines": 0, "excluded_lines": 0}, "missing_lines": [], "excluded_lines": []}, "": {"executed_lines": [1, 10, 11, 12, 13, 14, 15, 16, 17, 19, 29, 30, 35, 36, 49, 50, 57, 58, 60, 61, 76, 77, 92, 93, 109, 110, 125, 126, 143, 144, 146, 147, 165, 166, 185, 186, 206, 207, 209, 210, 229, 230, 243, 244, 263, 264, 283, 284, 286, 287, 315, 316, 333, 334, 336, 337, 338, 344, 345, 346, 352, 353, 370, 371, 385, 386, 409, 410, 412, 413, 414, 427, 428, 429], "summary": {"covered_lines": 67, "num_statements": 67, "percent_covered": 100.0, "percent_covered_display": "100", "missing_lines": 0, "excluded_lines": 0}, "missing_lines": [], "excluded_lines": []}}, "classes": {"TestInputValidation": {"executed_lines": [63, 72, 73, 79, 88, 89, 95, 105, 106, 112, 121, 122, 128, 136, 137, 138, 139, 140], "summary": {"covered_lines": 18, "num_statements": 18, "percent_covered": 100.0, "percent_covered_display": "100", "missing_lines": 0, "excluded_lines": 0}, "missing_lines": [], "excluded_lines": []}, "TestRateLimiting": {"executed_lines": [149, 150, 151, 152, 155, 156, 157, 158, 161, 162, 163, 168, 169, 170, 173, 174, 175, 178, 179, 182, 183, 188, 189, 190, 191, 194, 195, 196, 199, 200], "summary": {"covered_lines": 30, "num_statements": 30, "percent_covered": 100.0, "percent_covered_display": "100", "missing_lines": 0, "excluded_lines": 0}, "missing_lines": [], "excluded_lines": []}, "TestJWTAuthentication": {"executed_lines": [212, 213, 214, 217, 218, 219, 222, 223, 224, 225, 226, 227, 232, 233, 235, 237, 238, 240, 241, 246, 247, 250, 251, 254, 257, 258, 260, 261, 266, 268, 276, 277, 278, 280], "summary": {"covered_lines": 34, "num_statements": 34, "percent_covered": 100.0, "percent_covered_display": "100", "missing_lines": 0, "excluded_lines": 0}, "missing_lines": [], "excluded_lines": []}, "TestAuditLogging": {"executed_lines": [289, 292, 299, 300, 303, 304, 307, 308, 310, 311, 312, 313, 318, 321, 324, 325, 329, 330], "summary": {"covered_lines": 18, "num_statements": 18, "percent_covered": 100.0, "percent_covered_display": "100", "missing_lines": 0, "excluded_lines": 0}, "missing_lines": [], "excluded_lines": []}, "TestSecurityComplianceIntegration": {"executed_lines": [341, 342, 348, 355, 361, 362, 365, 366, 368, 374, 375, 376, 379, 380, 381, 383, 389, 392, 396, 398, 399, 400, 401, 403, 404, 405, 406], "summary": {"covered_lines": 27, "num_statements": 29, "percent_covered": 93.10344827586206, "percent_covered_display": "93", "missing_lines": 2, "excluded_lines": 0}, "missing_lines": [349, 350], "excluded_lines": []}, "TestSecurityPerformance": {"executed_lines": [416, 419, 420, 421, 422, 424, 425, 431, 434, 435, 436, 437, 439, 440], "summary": {"covered_lines": 14, "num_statements": 14, "percent_covered": 100.0, "percent_covered_display": "100", "missing_lines": 0, "excluded_lines": 0}, "missing_lines": [], "excluded_lines": []}, "": {"executed_lines": [1, 10, 11, 12, 13, 14, 15, 16, 17, 19, 29, 30, 32, 35, 36, 38, 39, 40, 45, 46, 49, 50, 52, 53, 54, 57, 58, 60, 61, 76, 77, 92, 93, 109, 110, 125, 126, 143, 144, 146, 147, 165, 166, 185, 186, 206, 207, 209, 210, 229, 230, 243, 244, 263, 264, 283, 284, 286, 287, 315, 316, 333, 334, 336, 337, 338, 344, 345, 346, 352, 353, 370, 371, 385, 386, 409, 410, 412, 413, 414, 427, 428, 429], "summary": {"covered_lines": 76, "num_statements": 76, "percent_covered": 100.0, "percent_covered_display": "100", "missing_lines": 0, "excluded_lines": 0}, "missing_lines": [], "excluded_lines": []}}}, "src/backend/gs_service/tests/test_wina_rego_integration.py": {"executed_lines": [1, 8, 9, 10, 11, 14, 16, 19, 20, 22, 23, 27, 45, 46, 50, 59, 60, 63, 88, 89, 92, 125, 126, 129, 145, 146, 149, 170, 171, 174, 208, 211, 232, 233, 236, 252, 253, 256, 309], "summary": {"covered_lines": 37, "num_statements": 127, "percent_covered": 29.133858267716537, "percent_covered_display": "29", "missing_lines": 90, "excluded_lines": 0}, "missing_lines": [28, 30, 31, 32, 35, 38, 41, 42, 43, 51, 54, 57, 64, 66, 69, 80, 83, 84, 85, 86, 93, 95, 98, 106, 118, 123, 130, 132, 134, 137, 140, 141, 142, 143, 150, 152, 155, 161, 166, 167, 168, 175, 180, 183, 184, 185, 186, 188, 189, 190, 193, 201, 202, 203, 204, 205, 206, 212, 214, 217, 220, 221, 222, 223, 224, 227, 228, 229, 230, 238, 240, 241, 244, 247, 250, 257, 260, 261, 262, 265, 270, 290, 291, 294, 300, 301, 302, 303, 306, 310], "excluded_lines": [], "functions": {"TestWINARegoIntegration.test_wina_rego_synthesis_basic_functionality": {"executed_lines": [27], "summary": {"covered_lines": 1, "num_statements": 10, "percent_covered": 10.0, "percent_covered_display": "10", "missing_lines": 9, "excluded_lines": 0}, "missing_lines": [28, 30, 31, 32, 35, 38, 41, 42, 43], "excluded_lines": []}, "TestWINARegoIntegration.test_wina_rego_synthesis_without_dependencies": {"executed_lines": [50], "summary": {"covered_lines": 1, "num_statements": 4, "percent_covered": 25.0, "percent_covered_display": "25", "missing_lines": 3, "excluded_lines": 0}, "missing_lines": [51, 54, 57], "excluded_lines": []}, "TestWINARegoIntegration.test_rego_policy_validation_basic": {"executed_lines": [63], "summary": {"covered_lines": 1, "num_statements": 9, "percent_covered": 11.11111111111111, "percent_covered_display": "11", "missing_lines": 8, "excluded_lines": 0}, "missing_lines": [64, 66, 69, 80, 83, 84, 85, 86], "excluded_lines": []}, "TestWINARegoIntegration.test_constitutional_compliance_verification": {"executed_lines": [92], "summary": {"covered_lines": 1, "num_statements": 7, "percent_covered": 14.285714285714286, "percent_covered_display": "14", "missing_lines": 6, "excluded_lines": 0}, "missing_lines": [93, 95, 98, 106, 118, 123], "excluded_lines": []}, "TestWINARegoIntegration.test_fallback_rego_generation": {"executed_lines": [129], "summary": {"covered_lines": 1, "num_statements": 9, "percent_covered": 11.11111111111111, "percent_covered_display": "11", "missing_lines": 8, "excluded_lines": 0}, "missing_lines": [130, 132, 134, 137, 140, 141, 142, 143], "excluded_lines": []}, "TestWINARegoIntegration.test_rego_format_enforcement": {"executed_lines": [149], "summary": {"covered_lines": 1, "num_statements": 8, "percent_covered": 12.5, "percent_covered_display": "12", "missing_lines": 7, "excluded_lines": 0}, "missing_lines": [150, 152, 155, 161, 166, 167, 168], "excluded_lines": []}, "TestWINARegoIntegration.test_performance_metrics_calculation": {"executed_lines": [174], "summary": {"covered_lines": 1, "num_statements": 17, "percent_covered": 5.882352941176471, "percent_covered_display": "6", "missing_lines": 16, "excluded_lines": 0}, "missing_lines": [175, 180, 183, 184, 185, 186, 188, 189, 190, 193, 201, 202, 203, 204, 205, 206], "excluded_lines": []}, "TestWINARegoIntegration.test_performance_summary_structure": {"executed_lines": [211], "summary": {"covered_lines": 1, "num_statements": 13, "percent_covered": 7.6923076923076925, "percent_covered_display": "8", "missing_lines": 12, "excluded_lines": 0}, "missing_lines": [212, 214, 217, 220, 221, 222, 223, 224, 227, 228, 229, 230], "excluded_lines": []}, "TestWINARegoIntegration.test_global_function_interfaces": {"executed_lines": [236], "summary": {"covered_lines": 1, "num_statements": 7, "percent_covered": 14.285714285714286, "percent_covered_display": "14", "missing_lines": 6, "excluded_lines": 0}, "missing_lines": [238, 240, 241, 244, 247, 250], "excluded_lines": []}, "TestWINARegoIntegration.test_api_integration_readiness": {"executed_lines": [256], "summary": {"covered_lines": 1, "num_statements": 15, "percent_covered": 6.666666666666667, "percent_covered_display": "7", "missing_lines": 14, "excluded_lines": 0}, "missing_lines": [257, 260, 261, 262, 265, 270, 290, 291, 294, 300, 301, 302, 303, 306], "excluded_lines": []}, "": {"executed_lines": [1, 8, 9, 10, 11, 14, 16, 19, 20, 22, 23, 45, 46, 59, 60, 88, 89, 125, 126, 145, 146, 170, 171, 208, 232, 233, 252, 253, 309], "summary": {"covered_lines": 27, "num_statements": 28, "percent_covered": 96.42857142857143, "percent_covered_display": "96", "missing_lines": 1, "excluded_lines": 0}, "missing_lines": [310], "excluded_lines": []}}, "classes": {"TestWINARegoIntegration": {"executed_lines": [27, 50, 63, 92, 129, 149, 174, 211, 236, 256], "summary": {"covered_lines": 10, "num_statements": 99, "percent_covered": 10.1010101010101, "percent_covered_display": "10", "missing_lines": 89, "excluded_lines": 0}, "missing_lines": [28, 30, 31, 32, 35, 38, 41, 42, 43, 51, 54, 57, 64, 66, 69, 80, 83, 84, 85, 86, 93, 95, 98, 106, 118, 123, 130, 132, 134, 137, 140, 141, 142, 143, 150, 152, 155, 161, 166, 167, 168, 175, 180, 183, 184, 185, 186, 188, 189, 190, 193, 201, 202, 203, 204, 205, 206, 212, 214, 217, 220, 221, 222, 223, 224, 227, 228, 229, 230, 238, 240, 241, 244, 247, 250, 257, 260, 261, 262, 265, 270, 290, 291, 294, 300, 301, 302, 303, 306], "excluded_lines": []}, "": {"executed_lines": [1, 8, 9, 10, 11, 14, 16, 19, 20, 22, 23, 45, 46, 59, 60, 88, 89, 125, 126, 145, 146, 170, 171, 208, 232, 233, 252, 253, 309], "summary": {"covered_lines": 27, "num_statements": 28, "percent_covered": 96.42857142857143, "percent_covered_display": "96", "missing_lines": 1, "excluded_lines": 0}, "missing_lines": [310], "excluded_lines": []}}}, "src/backend/gs_service/tests/unit/services/test_policy_validator.py": {"executed_lines": [1, 10, 11, 12, 13, 14, 16, 27, 35, 36, 38, 39, 40, 41, 44, 45, 47, 48, 49, 50, 53, 54, 56, 94, 95, 97, 98, 100, 101, 102, 104, 105, 107, 108, 109, 111, 112, 115, 126, 169, 171, 172, 173, 174, 175, 176, 177, 178, 179, 181, 182, 185, 195, 197, 198, 199, 200, 201, 203, 204, 205, 207, 208, 211, 222, 234, 236, 237, 238, 239, 240, 241, 243, 244, 247, 258, 301, 303, 304, 305, 306, 307, 309, 310, 313, 324, 325, 326, 332, 334, 337, 338, 339, 341, 342, 344, 360, 370, 372, 373, 374, 375, 377, 378, 381, 384, 385, 386, 387, 389, 390, 393, 403, 404, 406, 408, 409, 410, 411, 413, 415, 425, 433, 442, 451, 457, 459, 461, 471, 479, 488, 497, 501, 504, 505, 508, 511, 512, 514, 515, 517, 518, 519, 521, 522, 524, 525, 527, 528, 530, 531, 533, 534, 535, 537, 540, 541, 542, 544, 545, 548, 558, 564, 565, 566, 568, 571, 572, 574, 575, 578, 594, 604, 605, 606, 608, 611, 612, 615, 616], "summary": {"covered_lines": 176, "num_statements": 176, "percent_covered": 100.0, "percent_covered_display": "100", "missing_lines": 0, "excluded_lines": 0}, "missing_lines": [], "excluded_lines": [], "functions": {"mock_opa_client": {"executed_lines": [38, 39, 40, 41], "summary": {"covered_lines": 4, "num_statements": 4, "percent_covered": 100.0, "percent_covered_display": "100", "missing_lines": 0, "excluded_lines": 0}, "missing_lines": [], "excluded_lines": []}, "policy_validator": {"executed_lines": [47, 48, 49, 50], "summary": {"covered_lines": 4, "num_statements": 4, "percent_covered": 100.0, "percent_covered_display": "100", "missing_lines": 0, "excluded_lines": 0}, "missing_lines": [], "excluded_lines": []}, "sample_policy_request": {"executed_lines": [56], "summary": {"covered_lines": 1, "num_statements": 1, "percent_covered": 100.0, "percent_covered_display": "100", "missing_lines": 0, "excluded_lines": 0}, "missing_lines": [], "excluded_lines": []}, "TestPolicyValidationEngine.test_initialization": {"executed_lines": [100, 101, 102, 104, 105, 107, 108, 109], "summary": {"covered_lines": 8, "num_statements": 8, "percent_covered": 100.0, "percent_covered_display": "100", "missing_lines": 0, "excluded_lines": 0}, "missing_lines": [], "excluded_lines": []}, "TestPolicyValidationEngine.test_validate_policy_success": {"executed_lines": [115, 126, 169, 171, 172, 173, 174, 175, 176, 177, 178, 179], "summary": {"covered_lines": 12, "num_statements": 12, "percent_covered": 100.0, "percent_covered_display": "100", "missing_lines": 0, "excluded_lines": 0}, "missing_lines": [], "excluded_lines": []}, "TestPolicyValidationEngine.test_validate_policy_syntax_error": {"executed_lines": [185, 195, 197, 198, 199, 200, 201, 203, 204, 205], "summary": {"covered_lines": 10, "num_statements": 10, "percent_covered": 100.0, "percent_covered_display": "100", "missing_lines": 0, "excluded_lines": 0}, "missing_lines": [], "excluded_lines": []}, "TestPolicyValidationEngine.test_validate_policy_constitutional_violation": {"executed_lines": [211, 222, 234, 236, 237, 238, 239, 240, 241], "summary": {"covered_lines": 9, "num_statements": 9, "percent_covered": 100.0, "percent_covered_display": "100", "missing_lines": 0, "excluded_lines": 0}, "missing_lines": [], "excluded_lines": []}, "TestPolicyValidationEngine.test_validate_policy_with_conflicts": {"executed_lines": [247, 258, 301, 303, 304, 305, 306, 307], "summary": {"covered_lines": 8, "num_statements": 8, "percent_covered": 100.0, "percent_covered_display": "100", "missing_lines": 0, "excluded_lines": 0}, "missing_lines": [], "excluded_lines": []}, "TestPolicyValidationEngine.test_performance_threshold_warning": {"executed_lines": [313, 324, 332, 334, 337, 338, 339], "summary": {"covered_lines": 7, "num_statements": 7, "percent_covered": 100.0, "percent_covered_display": "100", "missing_lines": 0, "excluded_lines": 0}, "missing_lines": [], "excluded_lines": []}, "TestPolicyValidationEngine.test_performance_threshold_warning.slow_evaluate": {"executed_lines": [325, 326], "summary": {"covered_lines": 2, "num_statements": 2, "percent_covered": 100.0, "percent_covered_display": "100", "missing_lines": 0, "excluded_lines": 0}, "missing_lines": [], "excluded_lines": []}, "TestPolicyValidationEngine.test_batch_validate": {"executed_lines": [344, 360, 370, 372, 373, 374, 375], "summary": {"covered_lines": 7, "num_statements": 7, "percent_covered": 100.0, "percent_covered_display": "100", "missing_lines": 0, "excluded_lines": 0}, "missing_lines": [], "excluded_lines": []}, "TestPolicyValidationEngine.test_opa_integration_error_handling": {"executed_lines": [381, 384, 385, 386, 387], "summary": {"covered_lines": 5, "num_statements": 5, "percent_covered": 100.0, "percent_covered_display": "100", "missing_lines": 0, "excluded_lines": 0}, "missing_lines": [], "excluded_lines": []}, "TestPolicyValidationEngine.test_metrics_tracking": {"executed_lines": [393, 403, 404, 406, 408, 409, 410, 411], "summary": {"covered_lines": 8, "num_statements": 8, "percent_covered": 100.0, "percent_covered_display": "100", "missing_lines": 0, "excluded_lines": 0}, "missing_lines": [], "excluded_lines": []}, "TestPolicyValidationEngine.test_calculate_overall_score": {"executed_lines": [415, 425, 433, 442, 451, 457], "summary": {"covered_lines": 6, "num_statements": 6, "percent_covered": 100.0, "percent_covered_display": "100", "missing_lines": 0, "excluded_lines": 0}, "missing_lines": [], "excluded_lines": []}, "TestPolicyValidationEngine.test_calculate_overall_validity": {"executed_lines": [461, 471, 479, 488, 497, 501, 504, 505, 508], "summary": {"covered_lines": 9, "num_statements": 9, "percent_covered": 100.0, "percent_covered_display": "100", "missing_lines": 0, "excluded_lines": 0}, "missing_lines": [], "excluded_lines": []}, "TestPolicyValidatorGlobalInstance.test_get_policy_validator_singleton": {"executed_lines": [517, 518, 519, 521, 522, 524, 525], "summary": {"covered_lines": 7, "num_statements": 7, "percent_covered": 100.0, "percent_covered_display": "100", "missing_lines": 0, "excluded_lines": 0}, "missing_lines": [], "excluded_lines": []}, "TestPolicyValidatorGlobalInstance.test_policy_validator_initialization_error": {"executed_lines": [530, 531, 533, 534, 535, 537], "summary": {"covered_lines": 6, "num_statements": 6, "percent_covered": 100.0, "percent_covered_display": "100", "missing_lines": 0, "excluded_lines": 0}, "missing_lines": [], "excluded_lines": []}, "TestPolicyValidatorPerformance.test_validation_latency_under_threshold": {"executed_lines": [548, 558, 564, 565, 566, 568, 571, 572], "summary": {"covered_lines": 8, "num_statements": 8, "percent_covered": 100.0, "percent_covered_display": "100", "missing_lines": 0, "excluded_lines": 0}, "missing_lines": [], "excluded_lines": []}, "TestPolicyValidatorPerformance.test_batch_validation_performance": {"executed_lines": [578, 594, 604, 605, 606, 608, 611, 612, 615, 616], "summary": {"covered_lines": 10, "num_statements": 10, "percent_covered": 100.0, "percent_covered_display": "100", "missing_lines": 0, "excluded_lines": 0}, "missing_lines": [], "excluded_lines": []}, "": {"executed_lines": [1, 10, 11, 12, 13, 14, 16, 27, 35, 36, 44, 45, 53, 54, 94, 95, 97, 98, 111, 112, 181, 182, 207, 208, 243, 244, 309, 310, 341, 342, 377, 378, 389, 390, 413, 459, 511, 512, 514, 515, 527, 528, 540, 541, 542, 544, 545, 574, 575], "summary": {"covered_lines": 45, "num_statements": 45, "percent_covered": 100.0, "percent_covered_display": "100", "missing_lines": 0, "excluded_lines": 0}, "missing_lines": [], "excluded_lines": []}}, "classes": {"TestPolicyValidationEngine": {"executed_lines": [100, 101, 102, 104, 105, 107, 108, 109, 115, 126, 169, 171, 172, 173, 174, 175, 176, 177, 178, 179, 185, 195, 197, 198, 199, 200, 201, 203, 204, 205, 211, 222, 234, 236, 237, 238, 239, 240, 241, 247, 258, 301, 303, 304, 305, 306, 307, 313, 324, 325, 326, 332, 334, 337, 338, 339, 344, 360, 370, 372, 373, 374, 375, 381, 384, 385, 386, 387, 393, 403, 404, 406, 408, 409, 410, 411, 415, 425, 433, 442, 451, 457, 461, 471, 479, 488, 497, 501, 504, 505, 508], "summary": {"covered_lines": 91, "num_statements": 91, "percent_covered": 100.0, "percent_covered_display": "100", "missing_lines": 0, "excluded_lines": 0}, "missing_lines": [], "excluded_lines": []}, "TestPolicyValidatorGlobalInstance": {"executed_lines": [517, 518, 519, 521, 522, 524, 525, 530, 531, 533, 534, 535, 537], "summary": {"covered_lines": 13, "num_statements": 13, "percent_covered": 100.0, "percent_covered_display": "100", "missing_lines": 0, "excluded_lines": 0}, "missing_lines": [], "excluded_lines": []}, "TestPolicyValidatorPerformance": {"executed_lines": [548, 558, 564, 565, 566, 568, 571, 572, 578, 594, 604, 605, 606, 608, 611, 612, 615, 616], "summary": {"covered_lines": 18, "num_statements": 18, "percent_covered": 100.0, "percent_covered_display": "100", "missing_lines": 0, "excluded_lines": 0}, "missing_lines": [], "excluded_lines": []}, "": {"executed_lines": [1, 10, 11, 12, 13, 14, 16, 27, 35, 36, 38, 39, 40, 41, 44, 45, 47, 48, 49, 50, 53, 54, 56, 94, 95, 97, 98, 111, 112, 181, 182, 207, 208, 243, 244, 309, 310, 341, 342, 377, 378, 389, 390, 413, 459, 511, 512, 514, 515, 527, 528, 540, 541, 542, 544, 545, 574, 575], "summary": {"covered_lines": 54, "num_statements": 54, "percent_covered": 100.0, "percent_covered_display": "100", "missing_lines": 0, "excluded_lines": 0}, "missing_lines": [], "excluded_lines": []}}}}, "totals": {"covered_lines": 1923, "num_statements": 11968, "percent_covered": 16.067847593582886, "percent_covered_display": "16", "missing_lines": 10045, "excluded_lines": 0}}