{"meta": {"format": 3, "version": "7.8.2", "timestamp": "2025-05-31T22:42:53.351427", "branch_coverage": false, "show_contexts": false}, "files": {"src/backend/ac_service/app/__init__.py": {"executed_lines": [0], "summary": {"covered_lines": 0, "num_statements": 0, "percent_covered": 100.0, "percent_covered_display": "100", "missing_lines": 0, "excluded_lines": 0}, "missing_lines": [], "excluded_lines": [], "functions": {"": {"executed_lines": [], "summary": {"covered_lines": 0, "num_statements": 0, "percent_covered": 100.0, "percent_covered_display": "100", "missing_lines": 0, "excluded_lines": 0}, "missing_lines": [], "excluded_lines": []}}, "classes": {"": {"executed_lines": [], "summary": {"covered_lines": 0, "num_statements": 0, "percent_covered": 100.0, "percent_covered_display": "100", "missing_lines": 0, "excluded_lines": 0}, "missing_lines": [], "excluded_lines": []}}}, "src/backend/ac_service/app/core/__init__.py": {"executed_lines": [0], "summary": {"covered_lines": 0, "num_statements": 0, "percent_covered": 100.0, "percent_covered_display": "100", "missing_lines": 0, "excluded_lines": 0}, "missing_lines": [], "excluded_lines": [], "functions": {"": {"executed_lines": [], "summary": {"covered_lines": 0, "num_statements": 0, "percent_covered": 100.0, "percent_covered_display": "100", "missing_lines": 0, "excluded_lines": 0}, "missing_lines": [], "excluded_lines": []}}, "classes": {"": {"executed_lines": [], "summary": {"covered_lines": 0, "num_statements": 0, "percent_covered": 100.0, "percent_covered_display": "100", "missing_lines": 0, "excluded_lines": 0}, "missing_lines": [], "excluded_lines": []}}}, "src/backend/ac_service/app/core/constitutional_council_scalability.py": {"executed_lines": [1, 10, 11, 12, 13, 14, 15, 16, 17, 19, 20, 22, 23, 25, 28, 29, 30, 31, 32, 33, 36, 37, 38, 39, 40, 41, 44, 45, 46, 47, 48, 49, 50, 51, 52, 53, 54, 57, 58, 59, 60, 61, 62, 63, 64, 65, 68, 69, 71, 72, 73, 74, 75, 77, 84, 87, 88, 96, 99, 102, 103, 105, 113, 120, 121, 128, 129, 136, 137, 140, 142, 144, 149, 151, 158, 161, 173, 175, 178, 182, 186, 187, 188, 189, 192, 194, 204, 220, 221, 222, 224, 226, 228, 234, 236, 244, 247, 256, 259, 261, 267, 269, 277, 279, 287, 289, 291, 293, 294, 299, 306, 307, 309, 310, 311, 313, 349, 373, 404, 434, 444, 445, 447, 448, 449, 450, 451, 453, 456, 458, 461, 463, 474, 477, 478, 479, 480, 481, 482, 483, 484, 485, 488, 491, 494, 502, 503, 504, 505, 507, 509, 512], "summary": {"covered_lines": 144, "num_statements": 205, "percent_covered": 70.2439024390244, "percent_covered_display": "70", "missing_lines": 61, "excluded_lines": 0}, "missing_lines": [89, 122, 130, 138, 162, 170, 171, 179, 183, 190, 321, 324, 325, 326, 329, 330, 333, 335, 342, 343, 352, 353, 354, 356, 357, 360, 368, 369, 371, 381, 383, 391, 392, 395, 397, 399, 400, 401, 402, 407, 416, 417, 420, 422, 424, 425, 426, 429, 430, 431, 432, 436, 437, 438, 439, 440, 441, 464, 506, 508, 510], "excluded_lines": [], "functions": {"RapidCoEvolutionHandler.__init__": {"executed_lines": [72, 73, 74, 75], "summary": {"covered_lines": 4, "num_statements": 4, "percent_covered": 100.0, "percent_covered_display": "100", "missing_lines": 0, "excluded_lines": 0}, "missing_lines": [], "excluded_lines": []}, "RapidCoEvolutionHandler.process_rapid_amendment": {"executed_lines": [84, 87, 88, 96, 99, 102, 103, 105], "summary": {"covered_lines": 8, "num_statements": 9, "percent_covered": 88.88888888888889, "percent_covered_display": "89", "missing_lines": 1, "excluded_lines": 0}, "missing_lines": [89], "excluded_lines": []}, "RapidCoEvolutionHandler._validate_rapid_amendment": {"executed_lines": [120, 121, 128, 129, 136, 137, 140], "summary": {"covered_lines": 7, "num_statements": 10, "percent_covered": 70.0, "percent_covered_display": "70", "missing_lines": 3, "excluded_lines": 0}, "missing_lines": [122, 130, 138], "excluded_lines": []}, "RapidCoEvolutionHandler._get_active_amendment_count": {"executed_lines": [144, 149], "summary": {"covered_lines": 2, "num_statements": 2, "percent_covered": 100.0, "percent_covered_display": "100", "missing_lines": 0, "excluded_lines": 0}, "missing_lines": [], "excluded_lines": []}, "RapidCoEvolutionHandler._check_amendment_conflicts": {"executed_lines": [158, 161, 173], "summary": {"covered_lines": 3, "num_statements": 6, "percent_covered": 50.0, "percent_covered_display": "50", "missing_lines": 3, "excluded_lines": 0}, "missing_lines": [162, 170, 171], "excluded_lines": []}, "RapidCoEvolutionHandler._validate_amendment_content": {"executed_lines": [178, 182, 186, 187, 188, 189, 192], "summary": {"covered_lines": 7, "num_statements": 10, "percent_covered": 70.0, "percent_covered_display": "70", "missing_lines": 3, "excluded_lines": 0}, "missing_lines": [179, 183, 190], "excluded_lines": []}, "RapidCoEvolutionHandler._create_rapid_amendment": {"executed_lines": [204, 220, 221, 222, 224], "summary": {"covered_lines": 5, "num_statements": 5, "percent_covered": 100.0, "percent_covered_display": "100", "missing_lines": 0, "excluded_lines": 0}, "missing_lines": [], "excluded_lines": []}, "RapidCoEvolutionHandler._get_voting_window": {"executed_lines": [228, 234], "summary": {"covered_lines": 2, "num_statements": 2, "percent_covered": 100.0, "percent_covered_display": "100", "missing_lines": 0, "excluded_lines": 0}, "missing_lines": [], "excluded_lines": []}, "RapidCoEvolutionHandler._initialize_rapid_voting": {"executed_lines": [244, 247, 256, 259, 261], "summary": {"covered_lines": 5, "num_statements": 5, "percent_covered": 100.0, "percent_covered_display": "100", "missing_lines": 0, "excluded_lines": 0}, "missing_lines": [], "excluded_lines": []}, "RapidCoEvolutionHandler._get_council_members": {"executed_lines": [269, 277], "summary": {"covered_lines": 2, "num_statements": 2, "percent_covered": 100.0, "percent_covered_display": "100", "missing_lines": 0, "excluded_lines": 0}, "missing_lines": [], "excluded_lines": []}, "RapidCoEvolutionHandler._notify_council_members": {"executed_lines": [287], "summary": {"covered_lines": 1, "num_statements": 1, "percent_covered": 100.0, "percent_covered_display": "100", "missing_lines": 0, "excluded_lines": 0}, "missing_lines": [], "excluded_lines": []}, "RapidCoEvolutionHandler._monitor_amendment_performance": {"executed_lines": [291, 293, 294, 299], "summary": {"covered_lines": 4, "num_statements": 4, "percent_covered": 100.0, "percent_covered_display": "100", "missing_lines": 0, "excluded_lines": 0}, "missing_lines": [], "excluded_lines": []}, "AsyncVotingManager.__init__": {"executed_lines": [310, 311], "summary": {"covered_lines": 2, "num_statements": 2, "percent_covered": 100.0, "percent_covered_display": "100", "missing_lines": 0, "excluded_lines": 0}, "missing_lines": [], "excluded_lines": []}, "AsyncVotingManager.process_async_vote": {"executed_lines": [], "summary": {"covered_lines": 0, "num_statements": 10, "percent_covered": 0.0, "percent_covered_display": "0", "missing_lines": 10, "excluded_lines": 0}, "missing_lines": [321, 324, 325, 326, 329, 330, 333, 335, 342, 343], "excluded_lines": []}, "AsyncVotingManager._validate_vote": {"executed_lines": [], "summary": {"covered_lines": 0, "num_statements": 9, "percent_covered": 0.0, "percent_covered_display": "0", "missing_lines": 9, "excluded_lines": 0}, "missing_lines": [352, 353, 354, 356, 357, 360, 368, 369, 371], "excluded_lines": []}, "AsyncVotingManager._process_vote_background": {"executed_lines": [], "summary": {"covered_lines": 0, "num_statements": 10, "percent_covered": 0.0, "percent_covered_display": "0", "missing_lines": 10, "excluded_lines": 0}, "missing_lines": [381, 383, 391, 392, 395, 397, 399, 400, 401, 402], "excluded_lines": []}, "AsyncVotingManager._check_voting_completion": {"executed_lines": [], "summary": {"covered_lines": 0, "num_statements": 12, "percent_covered": 0.0, "percent_covered_display": "0", "missing_lines": 12, "excluded_lines": 0}, "missing_lines": [407, 416, 417, 420, 422, 424, 425, 426, 429, 430, 431, 432], "excluded_lines": []}, "AsyncVotingManager._finalize_amendment": {"executed_lines": [], "summary": {"covered_lines": 0, "num_statements": 6, "percent_covered": 0.0, "percent_covered_display": "0", "missing_lines": 6, "excluded_lines": 0}, "missing_lines": [436, 437, 438, 439, 440, 441], "excluded_lines": []}, "ConstitutionalCouncilScalabilityFramework.__init__": {"executed_lines": [448, 449, 450, 451], "summary": {"covered_lines": 4, "num_statements": 4, "percent_covered": 100.0, "percent_covered_display": "100", "missing_lines": 0, "excluded_lines": 0}, "missing_lines": [], "excluded_lines": []}, "ConstitutionalCouncilScalabilityFramework.get_scalability_metrics": {"executed_lines": [456, 458, 461, 463, 474, 477, 478, 479, 480, 481, 482, 483, 484, 485, 488, 491, 494, 502, 503, 504, 505, 507, 509, 512], "summary": {"covered_lines": 24, "num_statements": 28, "percent_covered": 85.71428571428571, "percent_covered_display": "86", "missing_lines": 4, "excluded_lines": 0}, "missing_lines": [464, 506, 508, 510], "excluded_lines": []}, "": {"executed_lines": [1, 10, 11, 12, 13, 14, 15, 16, 17, 19, 20, 22, 23, 25, 28, 29, 30, 31, 32, 33, 36, 37, 38, 39, 40, 41, 44, 45, 46, 47, 48, 49, 50, 51, 52, 53, 54, 57, 58, 59, 60, 61, 62, 63, 64, 65, 68, 69, 71, 77, 113, 142, 151, 175, 194, 226, 236, 267, 279, 289, 306, 307, 309, 313, 349, 373, 404, 434, 444, 445, 447, 453], "summary": {"covered_lines": 64, "num_statements": 64, "percent_covered": 100.0, "percent_covered_display": "100", "missing_lines": 0, "excluded_lines": 0}, "missing_lines": [], "excluded_lines": []}}, "classes": {"CoEvolutionMode": {"executed_lines": [], "summary": {"covered_lines": 0, "num_statements": 0, "percent_covered": 100.0, "percent_covered_display": "100", "missing_lines": 0, "excluded_lines": 0}, "missing_lines": [], "excluded_lines": []}, "VotingStrategy": {"executed_lines": [], "summary": {"covered_lines": 0, "num_statements": 0, "percent_covered": 100.0, "percent_covered_display": "100", "missing_lines": 0, "excluded_lines": 0}, "missing_lines": [], "excluded_lines": []}, "ScalabilityConfig": {"executed_lines": [], "summary": {"covered_lines": 0, "num_statements": 0, "percent_covered": 100.0, "percent_covered_display": "100", "missing_lines": 0, "excluded_lines": 0}, "missing_lines": [], "excluded_lines": []}, "CoEvolutionMetrics": {"executed_lines": [], "summary": {"covered_lines": 0, "num_statements": 0, "percent_covered": 100.0, "percent_covered_display": "100", "missing_lines": 0, "excluded_lines": 0}, "missing_lines": [], "excluded_lines": []}, "RapidCoEvolutionHandler": {"executed_lines": [72, 73, 74, 75, 84, 87, 88, 96, 99, 102, 103, 105, 120, 121, 128, 129, 136, 137, 140, 144, 149, 158, 161, 173, 178, 182, 186, 187, 188, 189, 192, 204, 220, 221, 222, 224, 228, 234, 244, 247, 256, 259, 261, 269, 277, 287, 291, 293, 294, 299], "summary": {"covered_lines": 50, "num_statements": 60, "percent_covered": 83.33333333333333, "percent_covered_display": "83", "missing_lines": 10, "excluded_lines": 0}, "missing_lines": [89, 122, 130, 138, 162, 170, 171, 179, 183, 190], "excluded_lines": []}, "AsyncVotingManager": {"executed_lines": [310, 311], "summary": {"covered_lines": 2, "num_statements": 49, "percent_covered": 4.081632653061225, "percent_covered_display": "4", "missing_lines": 47, "excluded_lines": 0}, "missing_lines": [321, 324, 325, 326, 329, 330, 333, 335, 342, 343, 352, 353, 354, 356, 357, 360, 368, 369, 371, 381, 383, 391, 392, 395, 397, 399, 400, 401, 402, 407, 416, 417, 420, 422, 424, 425, 426, 429, 430, 431, 432, 436, 437, 438, 439, 440, 441], "excluded_lines": []}, "ConstitutionalCouncilScalabilityFramework": {"executed_lines": [448, 449, 450, 451, 456, 458, 461, 463, 474, 477, 478, 479, 480, 481, 482, 483, 484, 485, 488, 491, 494, 502, 503, 504, 505, 507, 509, 512], "summary": {"covered_lines": 28, "num_statements": 32, "percent_covered": 87.5, "percent_covered_display": "88", "missing_lines": 4, "excluded_lines": 0}, "missing_lines": [464, 506, 508, 510], "excluded_lines": []}, "": {"executed_lines": [1, 10, 11, 12, 13, 14, 15, 16, 17, 19, 20, 22, 23, 25, 28, 29, 30, 31, 32, 33, 36, 37, 38, 39, 40, 41, 44, 45, 46, 47, 48, 49, 50, 51, 52, 53, 54, 57, 58, 59, 60, 61, 62, 63, 64, 65, 68, 69, 71, 77, 113, 142, 151, 175, 194, 226, 236, 267, 279, 289, 306, 307, 309, 313, 349, 373, 404, 434, 444, 445, 447, 453], "summary": {"covered_lines": 64, "num_statements": 64, "percent_covered": 100.0, "percent_covered_display": "100", "missing_lines": 0, "excluded_lines": 0}, "missing_lines": [], "excluded_lines": []}}}, "src/backend/ac_service/app/models.py": {"executed_lines": [2, 13], "summary": {"covered_lines": 2, "num_statements": 2, "percent_covered": 100.0, "percent_covered_display": "100", "missing_lines": 0, "excluded_lines": 0}, "missing_lines": [], "excluded_lines": [], "functions": {"": {"executed_lines": [2, 13], "summary": {"covered_lines": 2, "num_statements": 2, "percent_covered": 100.0, "percent_covered_display": "100", "missing_lines": 0, "excluded_lines": 0}, "missing_lines": [], "excluded_lines": []}}, "classes": {"": {"executed_lines": [2, 13], "summary": {"covered_lines": 2, "num_statements": 2, "percent_covered": 100.0, "percent_covered_display": "100", "missing_lines": 0, "excluded_lines": 0}, "missing_lines": [], "excluded_lines": []}}}, "src/backend/ac_service/app/schemas.py": {"executed_lines": [1, 2, 3, 6, 7, 8, 9, 12, 13, 14, 15, 16, 17, 18, 19, 20, 23, 27, 28, 41, 42, 43, 44, 45, 48, 49, 50, 51, 52, 53, 54, 55, 56, 61, 62, 63, 64, 65, 66, 67, 69, 70, 73, 74, 75, 78, 79, 80, 81, 86, 87, 88, 89, 90, 91, 92, 93, 95, 97, 98, 109, 110, 111, 112, 113, 114, 115, 116, 117, 119, 120, 121, 122, 123, 124, 126, 127, 130, 131, 132, 133, 134, 135, 136, 138, 139, 140, 141, 143, 144, 145, 146, 147, 148, 149, 150, 151, 152, 154, 155, 156, 157, 158, 159, 160, 161, 162, 163, 164, 165, 166, 167, 168, 170, 171, 174, 175, 176, 178, 179, 181, 182, 183, 184, 185, 187, 188, 191, 192, 193, 194, 196, 197, 198, 199, 201, 202, 203, 204, 205, 206, 207, 208, 209, 211, 212, 215, 216, 217, 218, 219, 220, 221, 222, 223, 225, 227, 228, 239, 240, 241, 242, 243, 244, 245, 246, 247, 248, 250, 251, 252, 253, 254, 255, 256, 258, 259], "summary": {"covered_lines": 177, "num_statements": 177, "percent_covered": 100.0, "percent_covered_display": "100", "missing_lines": 0, "excluded_lines": 0}, "missing_lines": [], "excluded_lines": [], "functions": {"": {"executed_lines": [1, 2, 3, 6, 7, 8, 9, 12, 13, 14, 15, 16, 17, 18, 19, 20, 23, 27, 28, 41, 42, 43, 44, 45, 48, 49, 50, 51, 52, 53, 54, 55, 56, 61, 62, 63, 64, 65, 66, 67, 69, 70, 73, 74, 75, 78, 79, 80, 81, 86, 87, 88, 89, 90, 91, 92, 93, 95, 97, 98, 109, 110, 111, 112, 113, 114, 115, 116, 117, 119, 120, 121, 122, 123, 124, 126, 127, 130, 131, 132, 133, 134, 135, 136, 138, 139, 140, 141, 143, 144, 145, 146, 147, 148, 149, 150, 151, 152, 154, 155, 156, 157, 158, 159, 160, 161, 162, 163, 164, 165, 166, 167, 168, 170, 171, 174, 175, 176, 178, 179, 181, 182, 183, 184, 185, 187, 188, 191, 192, 193, 194, 196, 197, 198, 199, 201, 202, 203, 204, 205, 206, 207, 208, 209, 211, 212, 215, 216, 217, 218, 219, 220, 221, 222, 223, 225, 227, 228, 239, 240, 241, 242, 243, 244, 245, 246, 247, 248, 250, 251, 252, 253, 254, 255, 256, 258, 259], "summary": {"covered_lines": 177, "num_statements": 177, "percent_covered": 100.0, "percent_covered_display": "100", "missing_lines": 0, "excluded_lines": 0}, "missing_lines": [], "excluded_lines": []}}, "classes": {"PrincipleBase": {"executed_lines": [], "summary": {"covered_lines": 0, "num_statements": 0, "percent_covered": 100.0, "percent_covered_display": "100", "missing_lines": 0, "excluded_lines": 0}, "missing_lines": [], "excluded_lines": []}, "PrincipleCreate": {"executed_lines": [], "summary": {"covered_lines": 0, "num_statements": 0, "percent_covered": 100.0, "percent_covered_display": "100", "missing_lines": 0, "excluded_lines": 0}, "missing_lines": [], "excluded_lines": []}, "PrincipleCreate.Config": {"executed_lines": [], "summary": {"covered_lines": 0, "num_statements": 0, "percent_covered": 100.0, "percent_covered_display": "100", "missing_lines": 0, "excluded_lines": 0}, "missing_lines": [], "excluded_lines": []}, "PrincipleUpdate": {"executed_lines": [], "summary": {"covered_lines": 0, "num_statements": 0, "percent_covered": 100.0, "percent_covered_display": "100", "missing_lines": 0, "excluded_lines": 0}, "missing_lines": [], "excluded_lines": []}, "Principle": {"executed_lines": [], "summary": {"covered_lines": 0, "num_statements": 0, "percent_covered": 100.0, "percent_covered_display": "100", "missing_lines": 0, "excluded_lines": 0}, "missing_lines": [], "excluded_lines": []}, "Principle.Config": {"executed_lines": [], "summary": {"covered_lines": 0, "num_statements": 0, "percent_covered": 100.0, "percent_covered_display": "100", "missing_lines": 0, "excluded_lines": 0}, "missing_lines": [], "excluded_lines": []}, "PrincipleList": {"executed_lines": [], "summary": {"covered_lines": 0, "num_statements": 0, "percent_covered": 100.0, "percent_covered_display": "100", "missing_lines": 0, "excluded_lines": 0}, "missing_lines": [], "excluded_lines": []}, "User": {"executed_lines": [], "summary": {"covered_lines": 0, "num_statements": 0, "percent_covered": 100.0, "percent_covered_display": "100", "missing_lines": 0, "excluded_lines": 0}, "missing_lines": [], "excluded_lines": []}, "ACMetaRuleBase": {"executed_lines": [], "summary": {"covered_lines": 0, "num_statements": 0, "percent_covered": 100.0, "percent_covered_display": "100", "missing_lines": 0, "excluded_lines": 0}, "missing_lines": [], "excluded_lines": []}, "ACMetaRuleCreate": {"executed_lines": [], "summary": {"covered_lines": 0, "num_statements": 0, "percent_covered": 100.0, "percent_covered_display": "100", "missing_lines": 0, "excluded_lines": 0}, "missing_lines": [], "excluded_lines": []}, "ACMetaRuleCreate.Config": {"executed_lines": [], "summary": {"covered_lines": 0, "num_statements": 0, "percent_covered": 100.0, "percent_covered_display": "100", "missing_lines": 0, "excluded_lines": 0}, "missing_lines": [], "excluded_lines": []}, "ACMetaRuleUpdate": {"executed_lines": [], "summary": {"covered_lines": 0, "num_statements": 0, "percent_covered": 100.0, "percent_covered_display": "100", "missing_lines": 0, "excluded_lines": 0}, "missing_lines": [], "excluded_lines": []}, "ACMetaRule": {"executed_lines": [], "summary": {"covered_lines": 0, "num_statements": 0, "percent_covered": 100.0, "percent_covered_display": "100", "missing_lines": 0, "excluded_lines": 0}, "missing_lines": [], "excluded_lines": []}, "ACMetaRule.Config": {"executed_lines": [], "summary": {"covered_lines": 0, "num_statements": 0, "percent_covered": 100.0, "percent_covered_display": "100", "missing_lines": 0, "excluded_lines": 0}, "missing_lines": [], "excluded_lines": []}, "ACAmendmentBase": {"executed_lines": [], "summary": {"covered_lines": 0, "num_statements": 0, "percent_covered": 100.0, "percent_covered_display": "100", "missing_lines": 0, "excluded_lines": 0}, "missing_lines": [], "excluded_lines": []}, "ACAmendmentCreate": {"executed_lines": [], "summary": {"covered_lines": 0, "num_statements": 0, "percent_covered": 100.0, "percent_covered_display": "100", "missing_lines": 0, "excluded_lines": 0}, "missing_lines": [], "excluded_lines": []}, "ACAmendmentUpdate": {"executed_lines": [], "summary": {"covered_lines": 0, "num_statements": 0, "percent_covered": 100.0, "percent_covered_display": "100", "missing_lines": 0, "excluded_lines": 0}, "missing_lines": [], "excluded_lines": []}, "ACAmendment": {"executed_lines": [], "summary": {"covered_lines": 0, "num_statements": 0, "percent_covered": 100.0, "percent_covered_display": "100", "missing_lines": 0, "excluded_lines": 0}, "missing_lines": [], "excluded_lines": []}, "ACAmendment.Config": {"executed_lines": [], "summary": {"covered_lines": 0, "num_statements": 0, "percent_covered": 100.0, "percent_covered_display": "100", "missing_lines": 0, "excluded_lines": 0}, "missing_lines": [], "excluded_lines": []}, "ACAmendmentVoteBase": {"executed_lines": [], "summary": {"covered_lines": 0, "num_statements": 0, "percent_covered": 100.0, "percent_covered_display": "100", "missing_lines": 0, "excluded_lines": 0}, "missing_lines": [], "excluded_lines": []}, "ACAmendmentVoteCreate": {"executed_lines": [], "summary": {"covered_lines": 0, "num_statements": 0, "percent_covered": 100.0, "percent_covered_display": "100", "missing_lines": 0, "excluded_lines": 0}, "missing_lines": [], "excluded_lines": []}, "ACAmendmentVote": {"executed_lines": [], "summary": {"covered_lines": 0, "num_statements": 0, "percent_covered": 100.0, "percent_covered_display": "100", "missing_lines": 0, "excluded_lines": 0}, "missing_lines": [], "excluded_lines": []}, "ACAmendmentVote.Config": {"executed_lines": [], "summary": {"covered_lines": 0, "num_statements": 0, "percent_covered": 100.0, "percent_covered_display": "100", "missing_lines": 0, "excluded_lines": 0}, "missing_lines": [], "excluded_lines": []}, "ACAmendmentCommentBase": {"executed_lines": [], "summary": {"covered_lines": 0, "num_statements": 0, "percent_covered": 100.0, "percent_covered_display": "100", "missing_lines": 0, "excluded_lines": 0}, "missing_lines": [], "excluded_lines": []}, "ACAmendmentCommentCreate": {"executed_lines": [], "summary": {"covered_lines": 0, "num_statements": 0, "percent_covered": 100.0, "percent_covered_display": "100", "missing_lines": 0, "excluded_lines": 0}, "missing_lines": [], "excluded_lines": []}, "ACAmendmentComment": {"executed_lines": [], "summary": {"covered_lines": 0, "num_statements": 0, "percent_covered": 100.0, "percent_covered_display": "100", "missing_lines": 0, "excluded_lines": 0}, "missing_lines": [], "excluded_lines": []}, "ACAmendmentComment.Config": {"executed_lines": [], "summary": {"covered_lines": 0, "num_statements": 0, "percent_covered": 100.0, "percent_covered_display": "100", "missing_lines": 0, "excluded_lines": 0}, "missing_lines": [], "excluded_lines": []}, "ACConflictResolutionBase": {"executed_lines": [], "summary": {"covered_lines": 0, "num_statements": 0, "percent_covered": 100.0, "percent_covered_display": "100", "missing_lines": 0, "excluded_lines": 0}, "missing_lines": [], "excluded_lines": []}, "ACConflictResolutionCreate": {"executed_lines": [], "summary": {"covered_lines": 0, "num_statements": 0, "percent_covered": 100.0, "percent_covered_display": "100", "missing_lines": 0, "excluded_lines": 0}, "missing_lines": [], "excluded_lines": []}, "ACConflictResolutionCreate.Config": {"executed_lines": [], "summary": {"covered_lines": 0, "num_statements": 0, "percent_covered": 100.0, "percent_covered_display": "100", "missing_lines": 0, "excluded_lines": 0}, "missing_lines": [], "excluded_lines": []}, "ACConflictResolutionUpdate": {"executed_lines": [], "summary": {"covered_lines": 0, "num_statements": 0, "percent_covered": 100.0, "percent_covered_display": "100", "missing_lines": 0, "excluded_lines": 0}, "missing_lines": [], "excluded_lines": []}, "ACConflictResolution": {"executed_lines": [], "summary": {"covered_lines": 0, "num_statements": 0, "percent_covered": 100.0, "percent_covered_display": "100", "missing_lines": 0, "excluded_lines": 0}, "missing_lines": [], "excluded_lines": []}, "ACConflictResolution.Config": {"executed_lines": [], "summary": {"covered_lines": 0, "num_statements": 0, "percent_covered": 100.0, "percent_covered_display": "100", "missing_lines": 0, "excluded_lines": 0}, "missing_lines": [], "excluded_lines": []}, "": {"executed_lines": [1, 2, 3, 6, 7, 8, 9, 12, 13, 14, 15, 16, 17, 18, 19, 20, 23, 27, 28, 41, 42, 43, 44, 45, 48, 49, 50, 51, 52, 53, 54, 55, 56, 61, 62, 63, 64, 65, 66, 67, 69, 70, 73, 74, 75, 78, 79, 80, 81, 86, 87, 88, 89, 90, 91, 92, 93, 95, 97, 98, 109, 110, 111, 112, 113, 114, 115, 116, 117, 119, 120, 121, 122, 123, 124, 126, 127, 130, 131, 132, 133, 134, 135, 136, 138, 139, 140, 141, 143, 144, 145, 146, 147, 148, 149, 150, 151, 152, 154, 155, 156, 157, 158, 159, 160, 161, 162, 163, 164, 165, 166, 167, 168, 170, 171, 174, 175, 176, 178, 179, 181, 182, 183, 184, 185, 187, 188, 191, 192, 193, 194, 196, 197, 198, 199, 201, 202, 203, 204, 205, 206, 207, 208, 209, 211, 212, 215, 216, 217, 218, 219, 220, 221, 222, 223, 225, 227, 228, 239, 240, 241, 242, 243, 244, 245, 246, 247, 248, 250, 251, 252, 253, 254, 255, 256, 258, 259], "summary": {"covered_lines": 177, "num_statements": 177, "percent_covered": 100.0, "percent_covered_display": "100", "missing_lines": 0, "excluded_lines": 0}, "missing_lines": [], "excluded_lines": []}}}, "src/backend/fv_service/app/__init__.py": {"executed_lines": [0], "summary": {"covered_lines": 0, "num_statements": 0, "percent_covered": 100.0, "percent_covered_display": "100", "missing_lines": 0, "excluded_lines": 0}, "missing_lines": [], "excluded_lines": [], "functions": {"": {"executed_lines": [], "summary": {"covered_lines": 0, "num_statements": 0, "percent_covered": 100.0, "percent_covered_display": "100", "missing_lines": 0, "excluded_lines": 0}, "missing_lines": [], "excluded_lines": []}}, "classes": {"": {"executed_lines": [], "summary": {"covered_lines": 0, "num_statements": 0, "percent_covered": 100.0, "percent_covered_display": "100", "missing_lines": 0, "excluded_lines": 0}, "missing_lines": [], "excluded_lines": []}}}, "src/backend/fv_service/app/core/__init__.py": {"executed_lines": [0], "summary": {"covered_lines": 0, "num_statements": 0, "percent_covered": 100.0, "percent_covered_display": "100", "missing_lines": 0, "excluded_lines": 0}, "missing_lines": [], "excluded_lines": [], "functions": {"": {"executed_lines": [], "summary": {"covered_lines": 0, "num_statements": 0, "percent_covered": 100.0, "percent_covered_display": "100", "missing_lines": 0, "excluded_lines": 0}, "missing_lines": [], "excluded_lines": []}}, "classes": {"": {"executed_lines": [], "summary": {"covered_lines": 0, "num_statements": 0, "percent_covered": 100.0, "percent_covered_display": "100", "missing_lines": 0, "excluded_lines": 0}, "missing_lines": [], "excluded_lines": []}}}, "src/backend/fv_service/app/core/adversarial_robustness_tester.py": {"executed_lines": [1, 10, 11, 12, 13, 14, 15, 16, 17, 18, 20, 22, 25, 26, 27, 28, 29, 30, 31, 32, 33, 34, 37, 38, 39, 40, 41, 42, 45, 46, 47, 48, 49, 50, 51, 52, 53, 54, 55, 56, 58, 59, 60, 63, 64, 65, 66, 67, 68, 69, 70, 71, 72, 73, 74, 75, 76, 79, 80, 81, 82, 83, 84, 85, 86, 87, 88, 89, 92, 93, 95, 96, 98, 104, 106, 108, 109, 112, 113, 116, 117, 119, 121, 123, 126, 127, 129, 130, 131, 134, 143, 144, 147, 149, 150, 152, 153, 155, 171, 173, 175, 178, 186, 187, 190, 192, 194, 207, 209, 211, 214, 221, 222, 223, 226, 228, 241, 243, 246, 247, 248, 250, 252, 253, 254, 255, 256, 257, 258, 260, 262, 265, 266, 268, 269, 271, 273, 275, 277, 279, 280, 283, 285, 287, 300, 302, 304, 307, 308, 309, 310, 311, 314, 315, 320, 321, 322, 323, 325, 327, 330, 333, 334, 335, 338, 340, 342, 346, 347, 350, 352, 354, 355, 357, 359, 361, 363, 366, 369, 370, 372, 373, 374, 375, 377, 383, 384, 386, 389, 390, 391, 394, 395, 396, 399, 401, 402, 404, 406, 408, 409, 410, 413, 414, 415, 416, 419, 422, 426, 433, 438, 441, 442, 443, 444, 447, 449, 460, 466, 468, 471, 474, 475, 478, 479, 482, 483, 486, 489], "summary": {"covered_lines": 220, "num_statements": 236, "percent_covered": 93.22033898305085, "percent_covered_display": "93", "missing_lines": 16, "excluded_lines": 0}, "missing_lines": [151, 168, 169, 316, 317, 336, 343, 360, 362, 364, 423, 469, 472, 480, 484, 487], "excluded_lines": [], "functions": {"AdversarialTestConfig.__post_init__": {"executed_lines": [59, 60], "summary": {"covered_lines": 2, "num_statements": 2, "percent_covered": 100.0, "percent_covered_display": "100", "missing_lines": 0, "excluded_lines": 0}, "missing_lines": [], "excluded_lines": []}, "BoundaryConditionTester.__init__": {"executed_lines": [96], "summary": {"covered_lines": 1, "num_statements": 1, "percent_covered": 100.0, "percent_covered_display": "100", "missing_lines": 0, "excluded_lines": 0}, "missing_lines": [], "excluded_lines": []}, "BoundaryConditionTester.test_boundary_conditions": {"executed_lines": [104, 106, 108, 109, 112, 113, 116, 117, 119], "summary": {"covered_lines": 9, "num_statements": 9, "percent_covered": 100.0, "percent_covered_display": "100", "missing_lines": 0, "excluded_lines": 0}, "missing_lines": [], "excluded_lines": []}, "BoundaryConditionTester._test_numerical_boundaries": {"executed_lines": [123, 126, 127, 129, 130, 131, 134, 143, 144, 147, 149, 150, 152, 153, 155, 171], "summary": {"covered_lines": 16, "num_statements": 19, "percent_covered": 84.21052631578948, "percent_covered_display": "84", "missing_lines": 3, "excluded_lines": 0}, "missing_lines": [151, 168, 169], "excluded_lines": []}, "BoundaryConditionTester._test_string_boundaries": {"executed_lines": [175, 178, 186, 187, 190, 192, 194, 207], "summary": {"covered_lines": 8, "num_statements": 8, "percent_covered": 100.0, "percent_covered_display": "100", "missing_lines": 0, "excluded_lines": 0}, "missing_lines": [], "excluded_lines": []}, "BoundaryConditionTester._test_logical_boundaries": {"executed_lines": [211, 214, 221, 222, 223, 226, 228, 241], "summary": {"covered_lines": 8, "num_statements": 8, "percent_covered": 100.0, "percent_covered_display": "100", "missing_lines": 0, "excluded_lines": 0}, "missing_lines": [], "excluded_lines": []}, "BoundaryConditionTester._simulate_boundary_test": {"executed_lines": [246, 247, 248], "summary": {"covered_lines": 3, "num_statements": 3, "percent_covered": 100.0, "percent_covered_display": "100", "missing_lines": 0, "excluded_lines": 0}, "missing_lines": [], "excluded_lines": []}, "BoundaryConditionTester._simulate_string_boundary_test": {"executed_lines": [252, 253, 254, 255, 256, 257, 258], "summary": {"covered_lines": 7, "num_statements": 7, "percent_covered": 100.0, "percent_covered_display": "100", "missing_lines": 0, "excluded_lines": 0}, "missing_lines": [], "excluded_lines": []}, "BoundaryConditionTester._simulate_logical_boundary_test": {"executed_lines": [262], "summary": {"covered_lines": 1, "num_statements": 1, "percent_covered": 100.0, "percent_covered_display": "100", "missing_lines": 0, "excluded_lines": 0}, "missing_lines": [], "excluded_lines": []}, "MutationTester.__init__": {"executed_lines": [269], "summary": {"covered_lines": 1, "num_statements": 1, "percent_covered": 100.0, "percent_covered_display": "100", "missing_lines": 0, "excluded_lines": 0}, "missing_lines": [], "excluded_lines": []}, "MutationTester.test_mutations": {"executed_lines": [273, 275, 277, 279, 280, 283, 285, 287, 300], "summary": {"covered_lines": 9, "num_statements": 9, "percent_covered": 100.0, "percent_covered_display": "100", "missing_lines": 0, "excluded_lines": 0}, "missing_lines": [], "excluded_lines": []}, "MutationTester._generate_mutations": {"executed_lines": [304, 307, 308, 309, 310, 311, 314, 315, 320, 321, 322, 323, 325], "summary": {"covered_lines": 13, "num_statements": 15, "percent_covered": 86.66666666666667, "percent_covered_display": "87", "missing_lines": 2, "excluded_lines": 0}, "missing_lines": [316, 317], "excluded_lines": []}, "MutationTester._test_mutation": {"executed_lines": [330, 333, 334, 335, 338], "summary": {"covered_lines": 5, "num_statements": 6, "percent_covered": 83.33333333333333, "percent_covered_display": "83", "missing_lines": 1, "excluded_lines": 0}, "missing_lines": [336], "excluded_lines": []}, "MutationTester._calculate_similarity": {"executed_lines": [342, 346, 347, 350], "summary": {"covered_lines": 4, "num_statements": 5, "percent_covered": 80.0, "percent_covered_display": "80", "missing_lines": 1, "excluded_lines": 0}, "missing_lines": [343], "excluded_lines": []}, "MutationTester._assess_mutation_vulnerability": {"executed_lines": [354, 355, 357, 359, 361, 363, 366], "summary": {"covered_lines": 7, "num_statements": 10, "percent_covered": 70.0, "percent_covered_display": "70", "missing_lines": 3, "excluded_lines": 0}, "missing_lines": [360, 362, 364], "excluded_lines": []}, "AdversarialRobustnessTester.__init__": {"executed_lines": [373, 374, 375], "summary": {"covered_lines": 3, "num_statements": 3, "percent_covered": 100.0, "percent_covered_display": "100", "missing_lines": 0, "excluded_lines": 0}, "missing_lines": [], "excluded_lines": []}, "AdversarialRobustnessTester.run_comprehensive_test": {"executed_lines": [383, 384, 386, 389, 390, 391, 394, 395, 396, 399, 401, 402, 404], "summary": {"covered_lines": 13, "num_statements": 13, "percent_covered": 100.0, "percent_covered_display": "100", "missing_lines": 0, "excluded_lines": 0}, "missing_lines": [], "excluded_lines": []}, "AdversarialRobustnessTester._generate_robustness_report": {"executed_lines": [408, 409, 410, 413, 414, 415, 416, 419, 422, 426, 433, 438, 441, 442, 443, 444, 447, 449], "summary": {"covered_lines": 18, "num_statements": 19, "percent_covered": 94.73684210526316, "percent_covered_display": "95", "missing_lines": 1, "excluded_lines": 0}, "missing_lines": [423], "excluded_lines": []}, "AdversarialRobustnessTester._generate_recommendations": {"executed_lines": [466, 468, 471, 474, 475, 478, 479, 482, 483, 486, 489], "summary": {"covered_lines": 11, "num_statements": 16, "percent_covered": 68.75, "percent_covered_display": "69", "missing_lines": 5, "excluded_lines": 0}, "missing_lines": [469, 472, 480, 484, 487], "excluded_lines": []}, "": {"executed_lines": [1, 10, 11, 12, 13, 14, 15, 16, 17, 18, 20, 22, 25, 26, 27, 28, 29, 30, 31, 32, 33, 34, 37, 38, 39, 40, 41, 42, 45, 46, 47, 48, 49, 50, 51, 52, 53, 54, 55, 56, 58, 63, 64, 65, 66, 67, 68, 69, 70, 71, 72, 73, 74, 75, 76, 79, 80, 81, 82, 83, 84, 85, 86, 87, 88, 89, 92, 93, 95, 98, 121, 173, 209, 243, 250, 260, 265, 266, 268, 271, 302, 327, 340, 352, 369, 370, 372, 377, 406, 460], "summary": {"covered_lines": 81, "num_statements": 81, "percent_covered": 100.0, "percent_covered_display": "100", "missing_lines": 0, "excluded_lines": 0}, "missing_lines": [], "excluded_lines": []}}, "classes": {"AdversarialTestType": {"executed_lines": [], "summary": {"covered_lines": 0, "num_statements": 0, "percent_covered": 100.0, "percent_covered_display": "100", "missing_lines": 0, "excluded_lines": 0}, "missing_lines": [], "excluded_lines": []}, "VulnerabilityLevel": {"executed_lines": [], "summary": {"covered_lines": 0, "num_statements": 0, "percent_covered": 100.0, "percent_covered_display": "100", "missing_lines": 0, "excluded_lines": 0}, "missing_lines": [], "excluded_lines": []}, "AdversarialTestConfig": {"executed_lines": [59, 60], "summary": {"covered_lines": 2, "num_statements": 2, "percent_covered": 100.0, "percent_covered_display": "100", "missing_lines": 0, "excluded_lines": 0}, "missing_lines": [], "excluded_lines": []}, "AdversarialTestResult": {"executed_lines": [], "summary": {"covered_lines": 0, "num_statements": 0, "percent_covered": 100.0, "percent_covered_display": "100", "missing_lines": 0, "excluded_lines": 0}, "missing_lines": [], "excluded_lines": []}, "RobustnessReport": {"executed_lines": [], "summary": {"covered_lines": 0, "num_statements": 0, "percent_covered": 100.0, "percent_covered_display": "100", "missing_lines": 0, "excluded_lines": 0}, "missing_lines": [], "excluded_lines": []}, "BoundaryConditionTester": {"executed_lines": [96, 104, 106, 108, 109, 112, 113, 116, 117, 119, 123, 126, 127, 129, 130, 131, 134, 143, 144, 147, 149, 150, 152, 153, 155, 171, 175, 178, 186, 187, 190, 192, 194, 207, 211, 214, 221, 222, 223, 226, 228, 241, 246, 247, 248, 252, 253, 254, 255, 256, 257, 258, 262], "summary": {"covered_lines": 53, "num_statements": 56, "percent_covered": 94.64285714285714, "percent_covered_display": "95", "missing_lines": 3, "excluded_lines": 0}, "missing_lines": [151, 168, 169], "excluded_lines": []}, "MutationTester": {"executed_lines": [269, 273, 275, 277, 279, 280, 283, 285, 287, 300, 304, 307, 308, 309, 310, 311, 314, 315, 320, 321, 322, 323, 325, 330, 333, 334, 335, 338, 342, 346, 347, 350, 354, 355, 357, 359, 361, 363, 366], "summary": {"covered_lines": 39, "num_statements": 46, "percent_covered": 84.78260869565217, "percent_covered_display": "85", "missing_lines": 7, "excluded_lines": 0}, "missing_lines": [316, 317, 336, 343, 360, 362, 364], "excluded_lines": []}, "AdversarialRobustnessTester": {"executed_lines": [373, 374, 375, 383, 384, 386, 389, 390, 391, 394, 395, 396, 399, 401, 402, 404, 408, 409, 410, 413, 414, 415, 416, 419, 422, 426, 433, 438, 441, 442, 443, 444, 447, 449, 466, 468, 471, 474, 475, 478, 479, 482, 483, 486, 489], "summary": {"covered_lines": 45, "num_statements": 51, "percent_covered": 88.23529411764706, "percent_covered_display": "88", "missing_lines": 6, "excluded_lines": 0}, "missing_lines": [423, 469, 472, 480, 484, 487], "excluded_lines": []}, "": {"executed_lines": [1, 10, 11, 12, 13, 14, 15, 16, 17, 18, 20, 22, 25, 26, 27, 28, 29, 30, 31, 32, 33, 34, 37, 38, 39, 40, 41, 42, 45, 46, 47, 48, 49, 50, 51, 52, 53, 54, 55, 56, 58, 63, 64, 65, 66, 67, 68, 69, 70, 71, 72, 73, 74, 75, 76, 79, 80, 81, 82, 83, 84, 85, 86, 87, 88, 89, 92, 93, 95, 98, 121, 173, 209, 243, 250, 260, 265, 266, 268, 271, 302, 327, 340, 352, 369, 370, 372, 377, 406, 460], "summary": {"covered_lines": 81, "num_statements": 81, "percent_covered": 100.0, "percent_covered_display": "100", "missing_lines": 0, "excluded_lines": 0}, "missing_lines": [], "excluded_lines": []}}}, "src/backend/fv_service/app/schemas.py": {"executed_lines": [1, 2, 3, 4, 8, 9, 12, 13, 16, 17, 19, 21, 22, 23, 24, 25, 27, 28, 29, 30, 34, 35, 36, 37, 39, 40, 41, 43, 44, 45, 49, 50, 55, 56, 57, 58, 59, 62, 63, 64, 65, 66, 67, 69, 70, 75, 76, 77, 78, 79, 80, 81, 82, 84, 85, 86, 87, 88, 89, 90, 91, 92, 94, 95, 96, 97, 98, 99, 100, 101, 103, 104, 105, 106, 107, 108, 109, 110, 111, 112, 114, 115, 116, 117, 118, 119, 120, 121, 122, 124, 125, 126, 127, 128, 129, 131, 132, 133, 134, 135, 136, 137, 138, 140, 141, 142, 143, 144, 145, 146, 151, 152, 153, 154, 155, 157, 158, 159, 160, 161, 162, 164, 165, 166, 167, 168, 169, 170, 172, 173, 174, 175, 176, 177, 178, 179, 180, 182, 183, 184, 185, 186, 187, 188, 189, 190, 191, 192, 193, 194, 196, 197, 198, 199, 200, 201, 202, 203, 207, 208, 209, 210, 211, 212, 214, 215, 216, 217, 218, 219, 221, 222, 223, 224, 225, 226, 227, 228, 229, 231, 232, 233, 234, 235, 236, 237, 239, 240, 241, 242, 243, 244, 245, 247, 248, 249, 250, 251, 252, 253, 254, 256, 257, 258, 259, 260, 261, 264, 265, 266], "summary": {"covered_lines": 189, "num_statements": 189, "percent_covered": 100.0, "percent_covered_display": "100", "missing_lines": 0, "excluded_lines": 0}, "missing_lines": [], "excluded_lines": [], "functions": {"": {"executed_lines": [1, 2, 3, 4, 8, 9, 12, 13, 16, 17, 19, 21, 22, 23, 24, 25, 27, 28, 29, 30, 34, 35, 36, 37, 39, 40, 41, 43, 44, 45, 49, 50, 55, 56, 57, 58, 59, 62, 63, 64, 65, 66, 67, 69, 70, 75, 76, 77, 78, 79, 80, 81, 82, 84, 85, 86, 87, 88, 89, 90, 91, 92, 94, 95, 96, 97, 98, 99, 100, 101, 103, 104, 105, 106, 107, 108, 109, 110, 111, 112, 114, 115, 116, 117, 118, 119, 120, 121, 122, 124, 125, 126, 127, 128, 129, 131, 132, 133, 134, 135, 136, 137, 138, 140, 141, 142, 143, 144, 145, 146, 151, 152, 153, 154, 155, 157, 158, 159, 160, 161, 162, 164, 165, 166, 167, 168, 169, 170, 172, 173, 174, 175, 176, 177, 178, 179, 180, 182, 183, 184, 185, 186, 187, 188, 189, 190, 191, 192, 193, 194, 196, 197, 198, 199, 200, 201, 202, 203, 207, 208, 209, 210, 211, 212, 214, 215, 216, 217, 218, 219, 221, 222, 223, 224, 225, 226, 227, 228, 229, 231, 232, 233, 234, 235, 236, 237, 239, 240, 241, 242, 243, 244, 245, 247, 248, 249, 250, 251, 252, 253, 254, 256, 257, 258, 259, 260, 261, 264, 265, 266], "summary": {"covered_lines": 189, "num_statements": 189, "percent_covered": 100.0, "percent_covered_display": "100", "missing_lines": 0, "excluded_lines": 0}, "missing_lines": [], "excluded_lines": []}}, "classes": {"PolicyRuleRef": {"executed_lines": [], "summary": {"covered_lines": 0, "num_statements": 0, "percent_covered": 100.0, "percent_covered_display": "100", "missing_lines": 0, "excluded_lines": 0}, "missing_lines": [], "excluded_lines": []}, "ACPrincipleRef": {"executed_lines": [], "summary": {"covered_lines": 0, "num_statements": 0, "percent_covered": 100.0, "percent_covered_display": "100", "missing_lines": 0, "excluded_lines": 0}, "missing_lines": [], "excluded_lines": []}, "VerificationRequest": {"executed_lines": [], "summary": {"covered_lines": 0, "num_statements": 0, "percent_covered": 100.0, "percent_covered_display": "100", "missing_lines": 0, "excluded_lines": 0}, "missing_lines": [], "excluded_lines": []}, "VerificationResult": {"executed_lines": [], "summary": {"covered_lines": 0, "num_statements": 0, "percent_covered": 100.0, "percent_covered_display": "100", "missing_lines": 0, "excluded_lines": 0}, "missing_lines": [], "excluded_lines": []}, "VerificationResponse": {"executed_lines": [], "summary": {"covered_lines": 0, "num_statements": 0, "percent_covered": 100.0, "percent_covered_display": "100", "missing_lines": 0, "excluded_lines": 0}, "missing_lines": [], "excluded_lines": []}, "ProofObligation": {"executed_lines": [], "summary": {"covered_lines": 0, "num_statements": 0, "percent_covered": 100.0, "percent_covered_display": "100", "missing_lines": 0, "excluded_lines": 0}, "missing_lines": [], "excluded_lines": []}, "SMTSolverInput": {"executed_lines": [], "summary": {"covered_lines": 0, "num_statements": 0, "percent_covered": 100.0, "percent_covered_display": "100", "missing_lines": 0, "excluded_lines": 0}, "missing_lines": [], "excluded_lines": []}, "SMTSolverOutput": {"executed_lines": [], "summary": {"covered_lines": 0, "num_statements": 0, "percent_covered": 100.0, "percent_covered_display": "100", "missing_lines": 0, "excluded_lines": 0}, "missing_lines": [], "excluded_lines": []}, "ACPrinciple": {"executed_lines": [], "summary": {"covered_lines": 0, "num_statements": 0, "percent_covered": 100.0, "percent_covered_display": "100", "missing_lines": 0, "excluded_lines": 0}, "missing_lines": [], "excluded_lines": []}, "PolicyRule": {"executed_lines": [], "summary": {"covered_lines": 0, "num_statements": 0, "percent_covered": 100.0, "percent_covered_display": "100", "missing_lines": 0, "excluded_lines": 0}, "missing_lines": [], "excluded_lines": []}, "PolicyRuleStatusUpdate": {"executed_lines": [], "summary": {"covered_lines": 0, "num_statements": 0, "percent_covered": 100.0, "percent_covered_display": "100", "missing_lines": 0, "excluded_lines": 0}, "missing_lines": [], "excluded_lines": []}, "BiasMetric": {"executed_lines": [], "summary": {"covered_lines": 0, "num_statements": 0, "percent_covered": 100.0, "percent_covered_display": "100", "missing_lines": 0, "excluded_lines": 0}, "missing_lines": [], "excluded_lines": []}, "FairnessProperty": {"executed_lines": [], "summary": {"covered_lines": 0, "num_statements": 0, "percent_covered": 100.0, "percent_covered_display": "100", "missing_lines": 0, "excluded_lines": 0}, "missing_lines": [], "excluded_lines": []}, "BiasDetectionRequest": {"executed_lines": [], "summary": {"covered_lines": 0, "num_statements": 0, "percent_covered": 100.0, "percent_covered_display": "100", "missing_lines": 0, "excluded_lines": 0}, "missing_lines": [], "excluded_lines": []}, "BiasDetectionResult": {"executed_lines": [], "summary": {"covered_lines": 0, "num_statements": 0, "percent_covered": 100.0, "percent_covered_display": "100", "missing_lines": 0, "excluded_lines": 0}, "missing_lines": [], "excluded_lines": []}, "BiasDetectionResponse": {"executed_lines": [], "summary": {"covered_lines": 0, "num_statements": 0, "percent_covered": 100.0, "percent_covered_display": "100", "missing_lines": 0, "excluded_lines": 0}, "missing_lines": [], "excluded_lines": []}, "FairnessValidationRequest": {"executed_lines": [], "summary": {"covered_lines": 0, "num_statements": 0, "percent_covered": 100.0, "percent_covered_display": "100", "missing_lines": 0, "excluded_lines": 0}, "missing_lines": [], "excluded_lines": []}, "FairnessValidationResult": {"executed_lines": [], "summary": {"covered_lines": 0, "num_statements": 0, "percent_covered": 100.0, "percent_covered_display": "100", "missing_lines": 0, "excluded_lines": 0}, "missing_lines": [], "excluded_lines": []}, "FairnessValidationResponse": {"executed_lines": [], "summary": {"covered_lines": 0, "num_statements": 0, "percent_covered": 100.0, "percent_covered_display": "100", "missing_lines": 0, "excluded_lines": 0}, "missing_lines": [], "excluded_lines": []}, "ValidationTier": {"executed_lines": [], "summary": {"covered_lines": 0, "num_statements": 0, "percent_covered": 100.0, "percent_covered_display": "100", "missing_lines": 0, "excluded_lines": 0}, "missing_lines": [], "excluded_lines": []}, "ValidationLevel": {"executed_lines": [], "summary": {"covered_lines": 0, "num_statements": 0, "percent_covered": 100.0, "percent_covered_display": "100", "missing_lines": 0, "excluded_lines": 0}, "missing_lines": [], "excluded_lines": []}, "SafetyProperty": {"executed_lines": [], "summary": {"covered_lines": 0, "num_statements": 0, "percent_covered": 100.0, "percent_covered_display": "100", "missing_lines": 0, "excluded_lines": 0}, "missing_lines": [], "excluded_lines": []}, "TieredVerificationRequest": {"executed_lines": [], "summary": {"covered_lines": 0, "num_statements": 0, "percent_covered": 100.0, "percent_covered_display": "100", "missing_lines": 0, "excluded_lines": 0}, "missing_lines": [], "excluded_lines": []}, "TieredVerificationResult": {"executed_lines": [], "summary": {"covered_lines": 0, "num_statements": 0, "percent_covered": 100.0, "percent_covered_display": "100", "missing_lines": 0, "excluded_lines": 0}, "missing_lines": [], "excluded_lines": []}, "TieredVerificationResponse": {"executed_lines": [], "summary": {"covered_lines": 0, "num_statements": 0, "percent_covered": 100.0, "percent_covered_display": "100", "missing_lines": 0, "excluded_lines": 0}, "missing_lines": [], "excluded_lines": []}, "ConflictType": {"executed_lines": [], "summary": {"covered_lines": 0, "num_statements": 0, "percent_covered": 100.0, "percent_covered_display": "100", "missing_lines": 0, "excluded_lines": 0}, "missing_lines": [], "excluded_lines": []}, "ConflictCheckRequest": {"executed_lines": [], "summary": {"covered_lines": 0, "num_statements": 0, "percent_covered": 100.0, "percent_covered_display": "100", "missing_lines": 0, "excluded_lines": 0}, "missing_lines": [], "excluded_lines": []}, "ConflictDetectionResult": {"executed_lines": [], "summary": {"covered_lines": 0, "num_statements": 0, "percent_covered": 100.0, "percent_covered_display": "100", "missing_lines": 0, "excluded_lines": 0}, "missing_lines": [], "excluded_lines": []}, "ConflictCheckResponse": {"executed_lines": [], "summary": {"covered_lines": 0, "num_statements": 0, "percent_covered": 100.0, "percent_covered_display": "100", "missing_lines": 0, "excluded_lines": 0}, "missing_lines": [], "excluded_lines": []}, "SafetyCheckRequest": {"executed_lines": [], "summary": {"covered_lines": 0, "num_statements": 0, "percent_covered": 100.0, "percent_covered_display": "100", "missing_lines": 0, "excluded_lines": 0}, "missing_lines": [], "excluded_lines": []}, "SafetyCheckResult": {"executed_lines": [], "summary": {"covered_lines": 0, "num_statements": 0, "percent_covered": 100.0, "percent_covered_display": "100", "missing_lines": 0, "excluded_lines": 0}, "missing_lines": [], "excluded_lines": []}, "SafetyCheckResponse": {"executed_lines": [], "summary": {"covered_lines": 0, "num_statements": 0, "percent_covered": 100.0, "percent_covered_display": "100", "missing_lines": 0, "excluded_lines": 0}, "missing_lines": [], "excluded_lines": []}, "User": {"executed_lines": [], "summary": {"covered_lines": 0, "num_statements": 0, "percent_covered": 100.0, "percent_covered_display": "100", "missing_lines": 0, "excluded_lines": 0}, "missing_lines": [], "excluded_lines": []}, "": {"executed_lines": [1, 2, 3, 4, 8, 9, 12, 13, 16, 17, 19, 21, 22, 23, 24, 25, 27, 28, 29, 30, 34, 35, 36, 37, 39, 40, 41, 43, 44, 45, 49, 50, 55, 56, 57, 58, 59, 62, 63, 64, 65, 66, 67, 69, 70, 75, 76, 77, 78, 79, 80, 81, 82, 84, 85, 86, 87, 88, 89, 90, 91, 92, 94, 95, 96, 97, 98, 99, 100, 101, 103, 104, 105, 106, 107, 108, 109, 110, 111, 112, 114, 115, 116, 117, 118, 119, 120, 121, 122, 124, 125, 126, 127, 128, 129, 131, 132, 133, 134, 135, 136, 137, 138, 140, 141, 142, 143, 144, 145, 146, 151, 152, 153, 154, 155, 157, 158, 159, 160, 161, 162, 164, 165, 166, 167, 168, 169, 170, 172, 173, 174, 175, 176, 177, 178, 179, 180, 182, 183, 184, 185, 186, 187, 188, 189, 190, 191, 192, 193, 194, 196, 197, 198, 199, 200, 201, 202, 203, 207, 208, 209, 210, 211, 212, 214, 215, 216, 217, 218, 219, 221, 222, 223, 224, 225, 226, 227, 228, 229, 231, 232, 233, 234, 235, 236, 237, 239, 240, 241, 242, 243, 244, 245, 247, 248, 249, 250, 251, 252, 253, 254, 256, 257, 258, 259, 260, 261, 264, 265, 266], "summary": {"covered_lines": 189, "num_statements": 189, "percent_covered": 100.0, "percent_covered_display": "100", "missing_lines": 0, "excluded_lines": 0}, "missing_lines": [], "excluded_lines": []}}}, "src/backend/gs_service/app/__init__.py": {"executed_lines": [0], "summary": {"covered_lines": 0, "num_statements": 0, "percent_covered": 100.0, "percent_covered_display": "100", "missing_lines": 0, "excluded_lines": 0}, "missing_lines": [], "excluded_lines": [], "functions": {"": {"executed_lines": [], "summary": {"covered_lines": 0, "num_statements": 0, "percent_covered": 100.0, "percent_covered_display": "100", "missing_lines": 0, "excluded_lines": 0}, "missing_lines": [], "excluded_lines": []}}, "classes": {"": {"executed_lines": [], "summary": {"covered_lines": 0, "num_statements": 0, "percent_covered": 100.0, "percent_covered_display": "100", "missing_lines": 0, "excluded_lines": 0}, "missing_lines": [], "excluded_lines": []}}}, "src/backend/gs_service/app/core/__init__.py": {"executed_lines": [0], "summary": {"covered_lines": 0, "num_statements": 0, "percent_covered": 100.0, "percent_covered_display": "100", "missing_lines": 0, "excluded_lines": 0}, "missing_lines": [], "excluded_lines": [], "functions": {"": {"executed_lines": [], "summary": {"covered_lines": 0, "num_statements": 0, "percent_covered": 100.0, "percent_covered_display": "100", "missing_lines": 0, "excluded_lines": 0}, "missing_lines": [], "excluded_lines": []}}, "classes": {"": {"executed_lines": [], "summary": {"covered_lines": 0, "num_statements": 0, "percent_covered": 100.0, "percent_covered_display": "100", "missing_lines": 0, "excluded_lines": 0}, "missing_lines": [], "excluded_lines": []}}}, "src/backend/gs_service/app/core/constitutional_prompting.py": {"executed_lines": [1, 8, 9, 10, 11, 13, 16, 17, 22, 23, 39, 84, 162, 173, 203, 214, 227, 281, 315, 349], "summary": {"covered_lines": 18, "num_statements": 115, "percent_covered": 15.652173913043478, "percent_covered_display": "16", "missing_lines": 97, "excluded_lines": 0}, "missing_lines": [56, 59, 61, 71, 72, 74, 75, 76, 91, 93, 100, 103, 109, 110, 114, 115, 121, 122, 123, 127, 128, 133, 135, 136, 138, 139, 141, 142, 143, 146, 148, 149, 152, 157, 158, 159, 160, 164, 167, 168, 171, 175, 177, 178, 181, 182, 183, 184, 185, 186, 187, 188, 190, 192, 201, 205, 207, 208, 209, 210, 212, 216, 218, 219, 220, 222, 223, 225, 244, 245, 248, 251, 256, 279, 287, 288, 290, 292, 293, 294, 295, 297, 298, 299, 300, 302, 303, 305, 306, 308, 309, 311, 313, 322, 323, 325, 345], "excluded_lines": [], "functions": {"ConstitutionalPromptBuilder.__init__": {"executed_lines": [23], "summary": {"covered_lines": 1, "num_statements": 1, "percent_covered": 100.0, "percent_covered_display": "100", "missing_lines": 0, "excluded_lines": 0}, "missing_lines": [], "excluded_lines": []}, "ConstitutionalPromptBuilder.build_constitutional_context": {"executed_lines": [], "summary": {"covered_lines": 0, "num_statements": 8, "percent_covered": 0.0, "percent_covered_display": "0", "missing_lines": 8, "excluded_lines": 0}, "missing_lines": [56, 59, 61, 71, 72, 74, 75, 76], "excluded_lines": []}, "ConstitutionalPromptBuilder._fetch_relevant_principles": {"executed_lines": [], "summary": {"covered_lines": 0, "num_statements": 29, "percent_covered": 0.0, "percent_covered_display": "0", "missing_lines": 29, "excluded_lines": 0}, "missing_lines": [91, 93, 100, 103, 109, 110, 114, 115, 121, 122, 123, 127, 128, 133, 135, 136, 138, 139, 141, 142, 143, 146, 148, 149, 152, 157, 158, 159, 160], "excluded_lines": []}, "ConstitutionalPromptBuilder._principle_applies_to_context": {"executed_lines": [], "summary": {"covered_lines": 0, "num_statements": 4, "percent_covered": 0.0, "percent_covered_display": "0", "missing_lines": 4, "excluded_lines": 0}, "missing_lines": [164, 167, 168, 171], "excluded_lines": []}, "ConstitutionalPromptBuilder._build_principle_hierarchy": {"executed_lines": [], "summary": {"covered_lines": 0, "num_statements": 14, "percent_covered": 0.0, "percent_covered_display": "0", "missing_lines": 14, "excluded_lines": 0}, "missing_lines": [175, 177, 178, 181, 182, 183, 184, 185, 186, 187, 188, 190, 192, 201], "excluded_lines": []}, "ConstitutionalPromptBuilder._extract_scope_constraints": {"executed_lines": [], "summary": {"covered_lines": 0, "num_statements": 6, "percent_covered": 0.0, "percent_covered_display": "0", "missing_lines": 6, "excluded_lines": 0}, "missing_lines": [205, 207, 208, 209, 210, 212], "excluded_lines": []}, "ConstitutionalPromptBuilder._build_normative_framework": {"executed_lines": [], "summary": {"covered_lines": 0, "num_statements": 7, "percent_covered": 0.0, "percent_covered_display": "0", "missing_lines": 7, "excluded_lines": 0}, "missing_lines": [216, 218, 219, 220, 222, 223, 225], "excluded_lines": []}, "ConstitutionalPromptBuilder.build_constitutional_prompt": {"executed_lines": [], "summary": {"covered_lines": 0, "num_statements": 6, "percent_covered": 0.0, "percent_covered_display": "0", "missing_lines": 6, "excluded_lines": 0}, "missing_lines": [244, 245, 248, 251, 256, 279], "excluded_lines": []}, "ConstitutionalPromptBuilder._build_principles_section": {"executed_lines": [], "summary": {"covered_lines": 0, "num_statements": 19, "percent_covered": 0.0, "percent_covered_display": "0", "missing_lines": 19, "excluded_lines": 0}, "missing_lines": [287, 288, 290, 292, 293, 294, 295, 297, 298, 299, 300, 302, 303, 305, 306, 308, 309, 311, 313], "excluded_lines": []}, "ConstitutionalPromptBuilder._build_synthesis_instructions": {"executed_lines": [], "summary": {"covered_lines": 0, "num_statements": 4, "percent_covered": 0.0, "percent_covered_display": "0", "missing_lines": 4, "excluded_lines": 0}, "missing_lines": [322, 323, 325, 345], "excluded_lines": []}, "": {"executed_lines": [1, 8, 9, 10, 11, 13, 16, 17, 22, 39, 84, 162, 173, 203, 214, 227, 281, 315, 349], "summary": {"covered_lines": 17, "num_statements": 17, "percent_covered": 100.0, "percent_covered_display": "100", "missing_lines": 0, "excluded_lines": 0}, "missing_lines": [], "excluded_lines": []}}, "classes": {"ConstitutionalPromptBuilder": {"executed_lines": [23], "summary": {"covered_lines": 1, "num_statements": 98, "percent_covered": 1.0204081632653061, "percent_covered_display": "1", "missing_lines": 97, "excluded_lines": 0}, "missing_lines": [56, 59, 61, 71, 72, 74, 75, 76, 91, 93, 100, 103, 109, 110, 114, 115, 121, 122, 123, 127, 128, 133, 135, 136, 138, 139, 141, 142, 143, 146, 148, 149, 152, 157, 158, 159, 160, 164, 167, 168, 171, 175, 177, 178, 181, 182, 183, 184, 185, 186, 187, 188, 190, 192, 201, 205, 207, 208, 209, 210, 212, 216, 218, 219, 220, 222, 223, 225, 244, 245, 248, 251, 256, 279, 287, 288, 290, 292, 293, 294, 295, 297, 298, 299, 300, 302, 303, 305, 306, 308, 309, 311, 313, 322, 323, 325, 345], "excluded_lines": []}, "": {"executed_lines": [1, 8, 9, 10, 11, 13, 16, 17, 22, 39, 84, 162, 173, 203, 214, 227, 281, 315, 349], "summary": {"covered_lines": 17, "num_statements": 17, "percent_covered": 100.0, "percent_covered_display": "100", "missing_lines": 0, "excluded_lines": 0}, "missing_lines": [], "excluded_lines": []}}}, "src/backend/gs_service/app/core/llm_integration.py": {"executed_lines": [2, 3, 4, 5, 8, 9, 11, 13, 15, 18, 22, 23, 24, 25, 26, 29, 36, 43, 50, 51, 52, 54, 55, 57, 121, 122, 142, 143, 160, 193, 194, 261, 298, 304, 381, 481, 482, 485, 487, 489, 491, 498, 505, 506, 512, 534, 554], "summary": {"covered_lines": 47, "num_statements": 223, "percent_covered": 21.076233183856502, "percent_covered_display": "21", "missing_lines": 176, "excluded_lines": 0}, "missing_lines": [19, 30, 31, 35, 37, 38, 42, 44, 45, 48, 59, 61, 64, 87, 88, 89, 91, 99, 106, 108, 123, 124, 125, 126, 134, 135, 136, 137, 138, 139, 144, 145, 146, 147, 150, 151, 155, 156, 157, 158, 162, 191, 195, 196, 197, 199, 200, 201, 203, 204, 211, 212, 213, 216, 217, 218, 220, 221, 222, 223, 224, 225, 227, 238, 249, 250, 251, 253, 254, 255, 256, 257, 258, 268, 287, 296, 305, 306, 308, 310, 311, 312, 314, 334, 335, 346, 349, 350, 353, 357, 364, 365, 367, 368, 370, 371, 372, 373, 374, 375, 379, 391, 393, 394, 395, 403, 405, 412, 418, 419, 422, 425, 426, 428, 429, 431, 439, 446, 448, 450, 458, 466, 467, 469, 470, 471, 492, 493, 494, 495, 496, 497, 499, 500, 501, 502, 503, 504, 508, 509, 516, 517, 518, 519, 520, 521, 523, 527, 528, 529, 538, 540, 541, 542, 543, 544, 545, 546, 555, 557, 559, 560, 564, 565, 566, 567, 572, 574, 577, 579, 584, 585, 586, 587, 590, 593], "excluded_lines": [], "functions": {"MockLLMClient.get_structured_interpretation": {"executed_lines": [24, 25, 26, 29, 36, 43, 50, 51, 52, 54, 55], "summary": {"covered_lines": 11, "num_statements": 20, "percent_covered": 55.0, "percent_covered_display": "55", "missing_lines": 9, "excluded_lines": 0}, "missing_lines": [30, 31, 35, 37, 38, 42, 44, 45, 48], "excluded_lines": []}, "MockLLMClient.get_constitutional_synthesis": {"executed_lines": [], "summary": {"covered_lines": 0, "num_statements": 10, "percent_covered": 0.0, "percent_covered_display": "0", "missing_lines": 10, "excluded_lines": 0}, "missing_lines": [59, 61, 64, 87, 88, 89, 91, 99, 106, 108], "excluded_lines": []}, "RealLLMClient.__init__": {"executed_lines": [], "summary": {"covered_lines": 0, "num_statements": 10, "percent_covered": 0.0, "percent_covered_display": "0", "missing_lines": 10, "excluded_lines": 0}, "missing_lines": [123, 124, 125, 126, 134, 135, 136, 137, 138, 139], "excluded_lines": []}, "GroqLLMClient.__init__": {"executed_lines": [], "summary": {"covered_lines": 0, "num_statements": 10, "percent_covered": 0.0, "percent_covered_display": "0", "missing_lines": 10, "excluded_lines": 0}, "missing_lines": [144, 145, 146, 147, 150, 151, 155, 156, 157, 158], "excluded_lines": []}, "GroqLLMClient._construct_prompt": {"executed_lines": [], "summary": {"covered_lines": 0, "num_statements": 3, "percent_covered": 0.0, "percent_covered_display": "0", "missing_lines": 3, "excluded_lines": 0}, "missing_lines": [268, 287, 296], "excluded_lines": []}, "GroqLLMClient.get_structured_interpretation": {"executed_lines": [], "summary": {"covered_lines": 0, "num_statements": 25, "percent_covered": 0.0, "percent_covered_display": "0", "missing_lines": 25, "excluded_lines": 0}, "missing_lines": [305, 306, 308, 310, 311, 312, 314, 334, 335, 346, 349, 350, 353, 357, 364, 365, 367, 368, 370, 371, 372, 373, 374, 375, 379], "excluded_lines": []}, "GroqLLMClient.get_constitutional_synthesis": {"executed_lines": [], "summary": {"covered_lines": 0, "num_statements": 25, "percent_covered": 0.0, "percent_covered_display": "0", "missing_lines": 25, "excluded_lines": 0}, "missing_lines": [391, 393, 394, 395, 403, 405, 412, 418, 419, 422, 425, 426, 428, 429, 431, 439, 446, 448, 450, 458, 466, 467, 469, 470, 471], "excluded_lines": []}, "get_llm_client": {"executed_lines": [489, 491, 498, 505, 506], "summary": {"covered_lines": 5, "num_statements": 19, "percent_covered": 26.31578947368421, "percent_covered_display": "26", "missing_lines": 14, "excluded_lines": 0}, "missing_lines": [492, 493, 494, 495, 496, 497, 499, 500, 501, 502, 503, 504, 508, 509], "excluded_lines": []}, "query_llm_for_structured_output": {"executed_lines": [], "summary": {"covered_lines": 0, "num_statements": 10, "percent_covered": 0.0, "percent_covered_display": "0", "missing_lines": 10, "excluded_lines": 0}, "missing_lines": [516, 517, 518, 519, 520, 521, 523, 527, 528, 529], "excluded_lines": []}, "query_llm_for_constitutional_synthesis": {"executed_lines": [], "summary": {"covered_lines": 0, "num_statements": 8, "percent_covered": 0.0, "percent_covered_display": "0", "missing_lines": 8, "excluded_lines": 0}, "missing_lines": [538, 540, 541, 542, 543, 544, 545, 546], "excluded_lines": []}, "main_test": {"executed_lines": [], "summary": {"covered_lines": 0, "num_statements": 15, "percent_covered": 0.0, "percent_covered_display": "0", "missing_lines": 15, "excluded_lines": 0}, "missing_lines": [559, 560, 564, 565, 566, 567, 572, 574, 577, 579, 584, 585, 586, 587, 590], "excluded_lines": []}, "": {"executed_lines": [2, 3, 4, 5, 8, 9, 11, 13, 15, 18, 22, 23, 57, 121, 122, 142, 143, 160, 193, 194, 261, 298, 304, 381, 481, 482, 485, 487, 512, 534, 554], "summary": {"covered_lines": 31, "num_statements": 35, "percent_covered": 88.57142857142857, "percent_covered_display": "89", "missing_lines": 4, "excluded_lines": 0}, "missing_lines": [19, 555, 557, 593], "excluded_lines": []}}, "classes": {"MockLLMClient": {"executed_lines": [24, 25, 26, 29, 36, 43, 50, 51, 52, 54, 55], "summary": {"covered_lines": 11, "num_statements": 30, "percent_covered": 36.666666666666664, "percent_covered_display": "37", "missing_lines": 19, "excluded_lines": 0}, "missing_lines": [30, 31, 35, 37, 38, 42, 44, 45, 48, 59, 61, 64, 87, 88, 89, 91, 99, 106, 108], "excluded_lines": []}, "RealLLMClient": {"executed_lines": [], "summary": {"covered_lines": 0, "num_statements": 10, "percent_covered": 0.0, "percent_covered_display": "0", "missing_lines": 10, "excluded_lines": 0}, "missing_lines": [123, 124, 125, 126, 134, 135, 136, 137, 138, 139], "excluded_lines": []}, "GroqLLMClient": {"executed_lines": [], "summary": {"covered_lines": 0, "num_statements": 96, "percent_covered": 0.0, "percent_covered_display": "0", "missing_lines": 96, "excluded_lines": 0}, "missing_lines": [144, 145, 146, 147, 150, 151, 155, 156, 157, 158, 162, 191, 195, 196, 197, 199, 200, 201, 203, 204, 211, 212, 213, 216, 217, 218, 220, 221, 222, 223, 224, 225, 227, 238, 249, 250, 251, 253, 254, 255, 256, 257, 258, 268, 287, 296, 305, 306, 308, 310, 311, 312, 314, 334, 335, 346, 349, 350, 353, 357, 364, 365, 367, 368, 370, 371, 372, 373, 374, 375, 379, 391, 393, 394, 395, 403, 405, 412, 418, 419, 422, 425, 426, 428, 429, 431, 439, 446, 448, 450, 458, 466, 467, 469, 470, 471], "excluded_lines": []}, "": {"executed_lines": [2, 3, 4, 5, 8, 9, 11, 13, 15, 18, 22, 23, 57, 121, 122, 142, 143, 160, 193, 194, 261, 298, 304, 381, 481, 482, 485, 487, 489, 491, 498, 505, 506, 512, 534, 554], "summary": {"covered_lines": 36, "num_statements": 87, "percent_covered": 41.37931034482759, "percent_covered_display": "41", "missing_lines": 51, "excluded_lines": 0}, "missing_lines": [19, 492, 493, 494, 495, 496, 497, 499, 500, 501, 502, 503, 504, 508, 509, 516, 517, 518, 519, 520, 521, 523, 527, 528, 529, 538, 540, 541, 542, 543, 544, 545, 546, 555, 557, 559, 560, 564, 565, 566, 567, 572, 574, 577, 579, 584, 585, 586, 587, 590, 593], "excluded_lines": []}}}, "src/backend/gs_service/app/core/llm_reliability_framework.py": {"executed_lines": [1, 10, 11, 12, 13, 14, 15, 16, 17, 19, 20, 22, 25, 26, 27, 28, 29, 30, 33, 34, 35, 36, 37, 38, 39, 40, 41, 42, 43, 44, 47, 48, 49, 50, 51, 52, 53, 54, 55, 56, 57, 60, 61, 63, 64, 65, 66, 68, 72, 77, 79, 84, 85, 86, 89, 90, 91, 92, 101, 106, 109, 114, 119, 121, 123, 127, 128, 129, 132, 135, 140, 145, 148, 149, 150, 152, 153, 155, 158, 160, 162, 170, 171, 174, 177, 188, 214, 232, 233, 235, 236, 237, 239, 241, 248, 250, 251, 254, 256, 257, 258, 262, 268, 270, 272, 279, 288, 293, 299, 300, 302, 303, 305, 312, 313, 316, 317, 319, 321, 329, 330, 332, 333, 334, 335, 336, 337, 339, 341, 342, 344, 350, 353, 354, 357, 364, 366, 368], "summary": {"covered_lines": 130, "num_statements": 161, "percent_covered": 80.74534161490683, "percent_covered_display": "81", "missing_lines": 31, "excluded_lines": 0}, "missing_lines": [97, 98, 99, 103, 115, 116, 117, 124, 159, 194, 196, 201, 212, 220, 223, 228, 229, 259, 260, 273, 275, 280, 282, 358, 361, 370, 371, 373, 374, 375, 377], "excluded_lines": [], "functions": {"MultiModelValidator.__init__": {"executed_lines": [64, 65, 66], "summary": {"covered_lines": 3, "num_statements": 3, "percent_covered": 100.0, "percent_covered_display": "100", "missing_lines": 0, "excluded_lines": 0}, "missing_lines": [], "excluded_lines": []}, "MultiModelValidator.initialize": {"executed_lines": [72, 77], "summary": {"covered_lines": 2, "num_statements": 2, "percent_covered": 100.0, "percent_covered_display": "100", "missing_lines": 0, "excluded_lines": 0}, "missing_lines": [], "excluded_lines": []}, "MultiModelValidator.validate_with_ensemble": {"executed_lines": [84, 85, 86, 89, 90, 91, 92, 101, 106, 109, 114, 119], "summary": {"covered_lines": 12, "num_statements": 19, "percent_covered": 63.1578947368421, "percent_covered_display": "63", "missing_lines": 7, "excluded_lines": 0}, "missing_lines": [97, 98, 99, 103, 115, 116, 117], "excluded_lines": []}, "MultiModelValidator._analyze_consensus": {"executed_lines": [123, 127, 128, 129, 132, 135, 140], "summary": {"covered_lines": 7, "num_statements": 8, "percent_covered": 87.5, "percent_covered_display": "88", "missing_lines": 1, "excluded_lines": 0}, "missing_lines": [124], "excluded_lines": []}, "MultiModelValidator._group_similar_interpretations": {"executed_lines": [148, 149, 150, 152, 153], "summary": {"covered_lines": 5, "num_statements": 5, "percent_covered": 100.0, "percent_covered_display": "100", "missing_lines": 0, "excluded_lines": 0}, "missing_lines": [], "excluded_lines": []}, "MultiModelValidator._are_similar_interpretations": {"executed_lines": [158, 160], "summary": {"covered_lines": 2, "num_statements": 3, "percent_covered": 66.66666666666667, "percent_covered_display": "67", "missing_lines": 1, "excluded_lines": 0}, "missing_lines": [159], "excluded_lines": []}, "MultiModelValidator._calculate_reliability_metrics": {"executed_lines": [170, 171, 174, 177], "summary": {"covered_lines": 4, "num_statements": 4, "percent_covered": 100.0, "percent_covered_display": "100", "missing_lines": 0, "excluded_lines": 0}, "missing_lines": [], "excluded_lines": []}, "MultiModelValidator._handle_complete_failure": {"executed_lines": [], "summary": {"covered_lines": 0, "num_statements": 4, "percent_covered": 0.0, "percent_covered_display": "0", "missing_lines": 4, "excluded_lines": 0}, "missing_lines": [194, 196, 201, 212], "excluded_lines": []}, "MultiModelValidator._apply_conservative_fallback": {"executed_lines": [], "summary": {"covered_lines": 0, "num_statements": 4, "percent_covered": 0.0, "percent_covered_display": "0", "missing_lines": 4, "excluded_lines": 0}, "missing_lines": [220, 223, 228, 229], "excluded_lines": []}, "BiasDetectionFramework.__init__": {"executed_lines": [236, 237], "summary": {"covered_lines": 2, "num_statements": 2, "percent_covered": 100.0, "percent_covered_display": "100", "missing_lines": 0, "excluded_lines": 0}, "missing_lines": [], "excluded_lines": []}, "BiasDetectionFramework._load_bias_patterns": {"executed_lines": [241], "summary": {"covered_lines": 1, "num_statements": 1, "percent_covered": 100.0, "percent_covered_display": "100", "missing_lines": 0, "excluded_lines": 0}, "missing_lines": [], "excluded_lines": []}, "BiasDetectionFramework.detect_bias": {"executed_lines": [250, 251, 254, 256, 257, 258, 262], "summary": {"covered_lines": 7, "num_statements": 9, "percent_covered": 77.77777777777777, "percent_covered_display": "78", "missing_lines": 2, "excluded_lines": 0}, "missing_lines": [259, 260], "excluded_lines": []}, "BiasDetectionFramework.mitigate_bias": {"executed_lines": [270, 272, 279, 288, 293], "summary": {"covered_lines": 5, "num_statements": 9, "percent_covered": 55.55555555555556, "percent_covered_display": "56", "missing_lines": 4, "excluded_lines": 0}, "missing_lines": [273, 275, 280, 282], "excluded_lines": []}, "SemanticFaithfulnessValidator.__init__": {"executed_lines": [303], "summary": {"covered_lines": 1, "num_statements": 1, "percent_covered": 100.0, "percent_covered_display": "100", "missing_lines": 0, "excluded_lines": 0}, "missing_lines": [], "excluded_lines": []}, "SemanticFaithfulnessValidator.validate_faithfulness": {"executed_lines": [312, 313, 316, 317, 319, 321], "summary": {"covered_lines": 6, "num_statements": 6, "percent_covered": 100.0, "percent_covered_display": "100", "missing_lines": 0, "excluded_lines": 0}, "missing_lines": [], "excluded_lines": []}, "LLMReliabilityFramework.__init__": {"executed_lines": [333, 334, 335, 336, 337], "summary": {"covered_lines": 5, "num_statements": 5, "percent_covered": 100.0, "percent_covered_display": "100", "missing_lines": 0, "excluded_lines": 0}, "missing_lines": [], "excluded_lines": []}, "LLMReliabilityFramework.initialize": {"executed_lines": [341, 342], "summary": {"covered_lines": 2, "num_statements": 2, "percent_covered": 100.0, "percent_covered_display": "100", "missing_lines": 0, "excluded_lines": 0}, "missing_lines": [], "excluded_lines": []}, "LLMReliabilityFramework.process_with_reliability": {"executed_lines": [350, 353, 354, 357, 364, 366], "summary": {"covered_lines": 6, "num_statements": 8, "percent_covered": 75.0, "percent_covered_display": "75", "missing_lines": 2, "excluded_lines": 0}, "missing_lines": [358, 361], "excluded_lines": []}, "LLMReliabilityFramework.get_overall_reliability": {"executed_lines": [], "summary": {"covered_lines": 0, "num_statements": 6, "percent_covered": 0.0, "percent_covered_display": "0", "missing_lines": 6, "excluded_lines": 0}, "missing_lines": [370, 371, 373, 374, 375, 377], "excluded_lines": []}, "": {"executed_lines": [1, 10, 11, 12, 13, 14, 15, 16, 17, 19, 20, 22, 25, 26, 27, 28, 29, 30, 33, 34, 35, 36, 37, 38, 39, 40, 41, 42, 43, 44, 47, 48, 49, 50, 51, 52, 53, 54, 55, 56, 57, 60, 61, 63, 68, 79, 121, 145, 155, 162, 188, 214, 232, 233, 235, 239, 248, 268, 299, 300, 302, 305, 329, 330, 332, 339, 344, 368], "summary": {"covered_lines": 60, "num_statements": 60, "percent_covered": 100.0, "percent_covered_display": "100", "missing_lines": 0, "excluded_lines": 0}, "missing_lines": [], "excluded_lines": []}}, "classes": {"ReliabilityLevel": {"executed_lines": [], "summary": {"covered_lines": 0, "num_statements": 0, "percent_covered": 100.0, "percent_covered_display": "100", "missing_lines": 0, "excluded_lines": 0}, "missing_lines": [], "excluded_lines": []}, "LLMReliabilityConfig": {"executed_lines": [], "summary": {"covered_lines": 0, "num_statements": 0, "percent_covered": 100.0, "percent_covered_display": "100", "missing_lines": 0, "excluded_lines": 0}, "missing_lines": [], "excluded_lines": []}, "ReliabilityMetrics": {"executed_lines": [], "summary": {"covered_lines": 0, "num_statements": 0, "percent_covered": 100.0, "percent_covered_display": "100", "missing_lines": 0, "excluded_lines": 0}, "missing_lines": [], "excluded_lines": []}, "MultiModelValidator": {"executed_lines": [64, 65, 66, 72, 77, 84, 85, 86, 89, 90, 91, 92, 101, 106, 109, 114, 119, 123, 127, 128, 129, 132, 135, 140, 148, 149, 150, 152, 153, 158, 160, 170, 171, 174, 177], "summary": {"covered_lines": 35, "num_statements": 52, "percent_covered": 67.3076923076923, "percent_covered_display": "67", "missing_lines": 17, "excluded_lines": 0}, "missing_lines": [97, 98, 99, 103, 115, 116, 117, 124, 159, 194, 196, 201, 212, 220, 223, 228, 229], "excluded_lines": []}, "BiasDetectionFramework": {"executed_lines": [236, 237, 241, 250, 251, 254, 256, 257, 258, 262, 270, 272, 279, 288, 293], "summary": {"covered_lines": 15, "num_statements": 21, "percent_covered": 71.42857142857143, "percent_covered_display": "71", "missing_lines": 6, "excluded_lines": 0}, "missing_lines": [259, 260, 273, 275, 280, 282], "excluded_lines": []}, "SemanticFaithfulnessValidator": {"executed_lines": [303, 312, 313, 316, 317, 319, 321], "summary": {"covered_lines": 7, "num_statements": 7, "percent_covered": 100.0, "percent_covered_display": "100", "missing_lines": 0, "excluded_lines": 0}, "missing_lines": [], "excluded_lines": []}, "LLMReliabilityFramework": {"executed_lines": [333, 334, 335, 336, 337, 341, 342, 350, 353, 354, 357, 364, 366], "summary": {"covered_lines": 13, "num_statements": 21, "percent_covered": 61.904761904761905, "percent_covered_display": "62", "missing_lines": 8, "excluded_lines": 0}, "missing_lines": [358, 361, 370, 371, 373, 374, 375, 377], "excluded_lines": []}, "": {"executed_lines": [1, 10, 11, 12, 13, 14, 15, 16, 17, 19, 20, 22, 25, 26, 27, 28, 29, 30, 33, 34, 35, 36, 37, 38, 39, 40, 41, 42, 43, 44, 47, 48, 49, 50, 51, 52, 53, 54, 55, 56, 57, 60, 61, 63, 68, 79, 121, 145, 155, 162, 188, 214, 232, 233, 235, 239, 248, 268, 299, 300, 302, 305, 329, 330, 332, 339, 344, 368], "summary": {"covered_lines": 60, "num_statements": 60, "percent_covered": 100.0, "percent_covered_display": "100", "missing_lines": 0, "excluded_lines": 0}, "missing_lines": [], "excluded_lines": []}}}, "src/backend/gs_service/app/schemas.py": {"executed_lines": [2, 3, 4, 7, 8, 9, 10, 12, 14, 15, 17, 18, 19, 20, 21, 24, 25, 26, 27, 28, 29, 31, 32, 34, 35, 36, 39, 40, 41, 43, 44, 45, 47, 48, 51, 54, 56, 57, 58, 70, 71, 72, 73, 74, 75, 76, 79, 80, 81, 82, 83, 84, 88, 89, 91, 92, 93, 96, 98, 100, 101, 103, 104, 105, 117, 118, 119, 120, 121, 122, 123, 124, 125, 127, 128, 129, 132, 133, 134, 135, 141, 142, 143, 144, 146, 147, 149, 150, 151, 152, 154, 155, 156, 157, 158, 160, 161, 162, 166, 167, 168, 169, 170, 171, 172, 174, 175, 176, 177, 178, 179, 180, 182, 183, 184, 185, 186, 189, 190, 192, 193, 194, 195, 196, 197, 198, 202, 203, 204, 206, 209, 211, 212, 213, 214, 215, 216, 217, 219, 220, 224, 225, 227, 228, 230, 231, 232, 233, 234, 236, 237, 238, 239, 245, 246, 247, 248, 249, 250, 251, 252, 254, 255, 256, 257, 258, 259, 260, 261, 262, 263, 265, 266, 267, 268, 269, 270, 271, 273, 274, 275, 276, 277, 278, 279, 280, 282, 283, 284, 285, 286, 287, 288, 290, 291, 292, 293, 294, 295, 296, 297], "summary": {"covered_lines": 191, "num_statements": 199, "percent_covered": 95.97989949748744, "percent_covered_display": "96", "missing_lines": 8, "excluded_lines": 0}, "missing_lines": [59, 60, 61, 67, 106, 107, 108, 109], "excluded_lines": [], "functions": {"GSPolicyCreate.check_content_or_template": {"executed_lines": [], "summary": {"covered_lines": 0, "num_statements": 4, "percent_covered": 0.0, "percent_covered_display": "0", "missing_lines": 4, "excluded_lines": 0}, "missing_lines": [59, 60, 61, 67], "excluded_lines": []}, "SynthesisRequest.check_policy_id_or_principles": {"executed_lines": [], "summary": {"covered_lines": 0, "num_statements": 4, "percent_covered": 0.0, "percent_covered_display": "0", "missing_lines": 4, "excluded_lines": 0}, "missing_lines": [106, 107, 108, 109], "excluded_lines": []}, "": {"executed_lines": [2, 3, 4, 7, 8, 9, 10, 12, 14, 15, 17, 18, 19, 20, 21, 24, 25, 26, 27, 28, 29, 31, 32, 34, 35, 36, 39, 40, 41, 43, 44, 45, 47, 48, 51, 54, 56, 57, 58, 70, 71, 72, 73, 74, 75, 76, 79, 80, 81, 82, 83, 84, 88, 89, 91, 92, 93, 96, 98, 100, 101, 103, 104, 105, 117, 118, 119, 120, 121, 122, 123, 124, 125, 127, 128, 129, 132, 133, 134, 135, 141, 142, 143, 144, 146, 147, 149, 150, 151, 152, 154, 155, 156, 157, 158, 160, 161, 162, 166, 167, 168, 169, 170, 171, 172, 174, 175, 176, 177, 178, 179, 180, 182, 183, 184, 185, 186, 189, 190, 192, 193, 194, 195, 196, 197, 198, 202, 203, 204, 206, 209, 211, 212, 213, 214, 215, 216, 217, 219, 220, 224, 225, 227, 228, 230, 231, 232, 233, 234, 236, 237, 238, 239, 245, 246, 247, 248, 249, 250, 251, 252, 254, 255, 256, 257, 258, 259, 260, 261, 262, 263, 265, 266, 267, 268, 269, 270, 271, 273, 274, 275, 276, 277, 278, 279, 280, 282, 283, 284, 285, 286, 287, 288, 290, 291, 292, 293, 294, 295, 296, 297], "summary": {"covered_lines": 191, "num_statements": 191, "percent_covered": 100.0, "percent_covered_display": "100", "missing_lines": 0, "excluded_lines": 0}, "missing_lines": [], "excluded_lines": []}}, "classes": {"GSTemplateBase": {"executed_lines": [], "summary": {"covered_lines": 0, "num_statements": 0, "percent_covered": 100.0, "percent_covered_display": "100", "missing_lines": 0, "excluded_lines": 0}, "missing_lines": [], "excluded_lines": []}, "GSTemplateCreate": {"executed_lines": [], "summary": {"covered_lines": 0, "num_statements": 0, "percent_covered": 100.0, "percent_covered_display": "100", "missing_lines": 0, "excluded_lines": 0}, "missing_lines": [], "excluded_lines": []}, "GSTemplateUpdate": {"executed_lines": [], "summary": {"covered_lines": 0, "num_statements": 0, "percent_covered": 100.0, "percent_covered_display": "100", "missing_lines": 0, "excluded_lines": 0}, "missing_lines": [], "excluded_lines": []}, "GSTemplateResponse": {"executed_lines": [], "summary": {"covered_lines": 0, "num_statements": 0, "percent_covered": 100.0, "percent_covered_display": "100", "missing_lines": 0, "excluded_lines": 0}, "missing_lines": [], "excluded_lines": []}, "GSTemplateResponse.Config": {"executed_lines": [], "summary": {"covered_lines": 0, "num_statements": 0, "percent_covered": 100.0, "percent_covered_display": "100", "missing_lines": 0, "excluded_lines": 0}, "missing_lines": [], "excluded_lines": []}, "GSTemplateListResponse": {"executed_lines": [], "summary": {"covered_lines": 0, "num_statements": 0, "percent_covered": 100.0, "percent_covered_display": "100", "missing_lines": 0, "excluded_lines": 0}, "missing_lines": [], "excluded_lines": []}, "GSPolicyBase": {"executed_lines": [], "summary": {"covered_lines": 0, "num_statements": 0, "percent_covered": 100.0, "percent_covered_display": "100", "missing_lines": 0, "excluded_lines": 0}, "missing_lines": [], "excluded_lines": []}, "GSPolicyCreate": {"executed_lines": [], "summary": {"covered_lines": 0, "num_statements": 4, "percent_covered": 0.0, "percent_covered_display": "0", "missing_lines": 4, "excluded_lines": 0}, "missing_lines": [59, 60, 61, 67], "excluded_lines": []}, "GSPolicyUpdateRequest": {"executed_lines": [], "summary": {"covered_lines": 0, "num_statements": 0, "percent_covered": 100.0, "percent_covered_display": "100", "missing_lines": 0, "excluded_lines": 0}, "missing_lines": [], "excluded_lines": []}, "GSPolicyResponse": {"executed_lines": [], "summary": {"covered_lines": 0, "num_statements": 0, "percent_covered": 100.0, "percent_covered_display": "100", "missing_lines": 0, "excluded_lines": 0}, "missing_lines": [], "excluded_lines": []}, "GSPolicyResponse.Config": {"executed_lines": [], "summary": {"covered_lines": 0, "num_statements": 0, "percent_covered": 100.0, "percent_covered_display": "100", "missing_lines": 0, "excluded_lines": 0}, "missing_lines": [], "excluded_lines": []}, "GSPolicyListResponse": {"executed_lines": [], "summary": {"covered_lines": 0, "num_statements": 0, "percent_covered": 100.0, "percent_covered_display": "100", "missing_lines": 0, "excluded_lines": 0}, "missing_lines": [], "excluded_lines": []}, "SynthesisRequest": {"executed_lines": [], "summary": {"covered_lines": 0, "num_statements": 4, "percent_covered": 0.0, "percent_covered_display": "0", "missing_lines": 4, "excluded_lines": 0}, "missing_lines": [106, 107, 108, 109], "excluded_lines": []}, "ACPrinciple": {"executed_lines": [], "summary": {"covered_lines": 0, "num_statements": 0, "percent_covered": 100.0, "percent_covered_display": "100", "missing_lines": 0, "excluded_lines": 0}, "missing_lines": [], "excluded_lines": []}, "ACPrinciple.Config": {"executed_lines": [], "summary": {"covered_lines": 0, "num_statements": 0, "percent_covered": 100.0, "percent_covered_display": "100", "missing_lines": 0, "excluded_lines": 0}, "missing_lines": [], "excluded_lin
[...]
lateCreate": {"executed_lines": [], "summary": {"covered_lines": 0, "num_statements": 0, "percent_covered": 100.0, "percent_covered_display": "100", "missing_lines": 0, "excluded_lines": 0}, "missing_lines": [], "excluded_lines": []}, "PolicyTemplateUpdate": {"executed_lines": [], "summary": {"covered_lines": 0, "num_statements": 0, "percent_covered": 100.0, "percent_covered_display": "100", "missing_lines": 0, "excluded_lines": 0}, "missing_lines": [], "excluded_lines": []}, "PolicyTemplateSchema": {"executed_lines": [], "summary": {"covered_lines": 0, "num_statements": 0, "percent_covered": 100.0, "percent_covered_display": "100", "missing_lines": 0, "excluded_lines": 0}, "missing_lines": [], "excluded_lines": []}, "PolicyBase": {"executed_lines": [], "summary": {"covered_lines": 0, "num_statements": 0, "percent_covered": 100.0, "percent_covered_display": "100", "missing_lines": 0, "excluded_lines": 0}, "missing_lines": [], "excluded_lines": []}, "PolicyCreate": {"executed_lines": [], "summary": {"covered_lines": 0, "num_statements": 0, "percent_covered": 100.0, "percent_covered_display": "100", "missing_lines": 0, "excluded_lines": 0}, "missing_lines": [], "excluded_lines": []}, "PolicyUpdate": {"executed_lines": [], "summary": {"covered_lines": 0, "num_statements": 0, "percent_covered": 100.0, "percent_covered_display": "100", "missing_lines": 0, "excluded_lines": 0}, "missing_lines": [], "excluded_lines": []}, "PolicySchema": {"executed_lines": [], "summary": {"covered_lines": 0, "num_statements": 0, "percent_covered": 100.0, "percent_covered_display": "100", "missing_lines": 0, "excluded_lines": 0}, "missing_lines": [], "excluded_lines": []}, "Message": {"executed_lines": [], "summary": {"covered_lines": 0, "num_statements": 0, "percent_covered": 100.0, "percent_covered_display": "100", "missing_lines": 0, "excluded_lines": 0}, "missing_lines": [], "excluded_lines": []}, "IdResponse": {"executed_lines": [], "summary": {"covered_lines": 0, "num_statements": 0, "percent_covered": 100.0, "percent_covered_display": "100", "missing_lines": 0, "excluded_lines": 0}, "missing_lines": [], "excluded_lines": []}, "": {"executed_lines": [], "summary": {"covered_lines": 0, "num_statements": 146, "percent_covered": 0.0, "percent_covered_display": "0", "missing_lines": 146, "excluded_lines": 0}, "missing_lines": [2, 3, 4, 5, 8, 9, 11, 14, 15, 16, 17, 19, 20, 21, 25, 26, 27, 28, 29, 31, 32, 33, 34, 36, 37, 41, 42, 43, 44, 45, 46, 48, 49, 51, 52, 53, 54, 55, 56, 57, 59, 60, 61, 62, 65, 66, 67, 71, 72, 73, 74, 75, 76, 78, 79, 81, 82, 83, 84, 85, 87, 88, 89, 90, 91, 95, 96, 97, 98, 99, 100, 101, 102, 103, 106, 107, 108, 109, 110, 111, 113, 114, 116, 117, 120, 121, 122, 123, 124, 125, 126, 130, 131, 132, 133, 134, 135, 136, 137, 138, 139, 141, 142, 144, 145, 146, 150, 151, 152, 153, 154, 155, 156, 158, 159, 161, 162, 163, 166, 167, 168, 169, 170, 174, 175, 176, 177, 178, 179, 180, 181, 182, 184, 185, 187, 188, 191, 192, 193, 194, 195, 196, 199, 200, 203, 204], "excluded_lines": []}}}, "src/backend/shared/schemas/__init__.py": {"executed_lines": [2, 3, 5], "summary": {"covered_lines": 3, "num_statements": 3, "percent_covered": 100.0, "percent_covered_display": "100", "missing_lines": 0, "excluded_lines": 0}, "missing_lines": [], "excluded_lines": [], "functions": {"": {"executed_lines": [2, 3, 5], "summary": {"covered_lines": 3, "num_statements": 3, "percent_covered": 100.0, "percent_covered_display": "100", "missing_lines": 0, "excluded_lines": 0}, "missing_lines": [], "excluded_lines": []}}, "classes": {"": {"executed_lines": [2, 3, 5], "summary": {"covered_lines": 3, "num_statements": 3, "percent_covered": 100.0, "percent_covered_display": "100", "missing_lines": 0, "excluded_lines": 0}, "missing_lines": [], "excluded_lines": []}}}, "src/backend/shared/schemas/token.py": {"executed_lines": [1, 2, 5, 6, 7, 8, 11, 12, 13, 14, 15, 16, 17], "summary": {"covered_lines": 13, "num_statements": 13, "percent_covered": 100.0, "percent_covered_display": "100", "missing_lines": 0, "excluded_lines": 0}, "missing_lines": [], "excluded_lines": [], "functions": {"": {"executed_lines": [1, 2, 5, 6, 7, 8, 11, 12, 13, 14, 15, 16, 17], "summary": {"covered_lines": 13, "num_statements": 13, "percent_covered": 100.0, "percent_covered_display": "100", "missing_lines": 0, "excluded_lines": 0}, "missing_lines": [], "excluded_lines": []}}, "classes": {"Token": {"executed_lines": [], "summary": {"covered_lines": 0, "num_statements": 0, "percent_covered": 100.0, "percent_covered_display": "100", "missing_lines": 0, "excluded_lines": 0}, "missing_lines": [], "excluded_lines": []}, "TokenPayload": {"executed_lines": [], "summary": {"covered_lines": 0, "num_statements": 0, "percent_covered": 100.0, "percent_covered_display": "100", "missing_lines": 0, "excluded_lines": 0}, "missing_lines": [], "excluded_lines": []}, "": {"executed_lines": [1, 2, 5, 6, 7, 8, 11, 12, 13, 14, 15, 16, 17], "summary": {"covered_lines": 13, "num_statements": 13, "percent_covered": 100.0, "percent_covered_display": "100", "missing_lines": 0, "excluded_lines": 0}, "missing_lines": [], "excluded_lines": []}}}, "src/backend/shared/schemas/user.py": {"executed_lines": [1, 2, 5, 6, 7, 8, 9, 10, 13, 14, 17, 18, 21, 22, 24, 25, 29, 30], "summary": {"covered_lines": 18, "num_statements": 18, "percent_covered": 100.0, "percent_covered_display": "100", "missing_lines": 0, "excluded_lines": 0}, "missing_lines": [], "excluded_lines": [], "functions": {"": {"executed_lines": [1, 2, 5, 6, 7, 8, 9, 10, 13, 14, 17, 18, 21, 22, 24, 25, 29, 30], "summary": {"covered_lines": 18, "num_statements": 18, "percent_covered": 100.0, "percent_covered_display": "100", "missing_lines": 0, "excluded_lines": 0}, "missing_lines": [], "excluded_lines": []}}, "classes": {"UserBase": {"executed_lines": [], "summary": {"covered_lines": 0, "num_statements": 0, "percent_covered": 100.0, "percent_covered_display": "100", "missing_lines": 0, "excluded_lines": 0}, "missing_lines": [], "excluded_lines": []}, "UserCreate": {"executed_lines": [], "summary": {"covered_lines": 0, "num_statements": 0, "percent_covered": 100.0, "percent_covered_display": "100", "missing_lines": 0, "excluded_lines": 0}, "missing_lines": [], "excluded_lines": []}, "UserUpdate": {"executed_lines": [], "summary": {"covered_lines": 0, "num_statements": 0, "percent_covered": 100.0, "percent_covered_display": "100", "missing_lines": 0, "excluded_lines": 0}, "missing_lines": [], "excluded_lines": []}, "UserInDBBase": {"executed_lines": [], "summary": {"covered_lines": 0, "num_statements": 0, "percent_covered": 100.0, "percent_covered_display": "100", "missing_lines": 0, "excluded_lines": 0}, "missing_lines": [], "excluded_lines": []}, "UserInDBBase.Config": {"executed_lines": [], "summary": {"covered_lines": 0, "num_statements": 0, "percent_covered": 100.0, "percent_covered_display": "100", "missing_lines": 0, "excluded_lines": 0}, "missing_lines": [], "excluded_lines": []}, "UserInDB": {"executed_lines": [], "summary": {"covered_lines": 0, "num_statements": 0, "percent_covered": 100.0, "percent_covered_display": "100", "missing_lines": 0, "excluded_lines": 0}, "missing_lines": [], "excluded_lines": []}, "": {"executed_lines": [1, 2, 5, 6, 7, 8, 9, 10, 13, 14, 17, 18, 21, 22, 24, 25, 29, 30], "summary": {"covered_lines": 18, "num_statements": 18, "percent_covered": 100.0, "percent_covered_display": "100", "missing_lines": 0, "excluded_lines": 0}, "missing_lines": [], "excluded_lines": []}}}, "src/backend/shared/security_middleware.py": {"executed_lines": [3, 4, 5, 6, 7, 9, 10, 46], "summary": {"covered_lines": 8, "num_statements": 19, "percent_covered": 42.10526315789474, "percent_covered_display": "42", "missing_lines": 11, "excluded_lines": 0}, "missing_lines": [13, 14, 25, 26, 27, 28, 30, 32, 44, 52, 53], "excluded_lines": [], "functions": {"SecurityHeadersMiddleware.dispatch": {"executed_lines": [], "summary": {"covered_lines": 0, "num_statements": 9, "percent_covered": 0.0, "percent_covered_display": "0", "missing_lines": 9, "excluded_lines": 0}, "missing_lines": [13, 14, 25, 26, 27, 28, 30, 32, 44], "excluded_lines": []}, "add_security_headers": {"executed_lines": [], "summary": {"covered_lines": 0, "num_statements": 2, "percent_covered": 0.0, "percent_covered_display": "0", "missing_lines": 2, "excluded_lines": 0}, "missing_lines": [52, 53], "excluded_lines": []}, "": {"executed_lines": [3, 4, 5, 6, 7, 9, 10, 46], "summary": {"covered_lines": 8, "num_statements": 8, "percent_covered": 100.0, "percent_covered_display": "100", "missing_lines": 0, "excluded_lines": 0}, "missing_lines": [], "excluded_lines": []}}, "classes": {"SecurityHeadersMiddleware": {"executed_lines": [], "summary": {"covered_lines": 0, "num_statements": 9, "percent_covered": 0.0, "percent_covered_display": "0", "missing_lines": 9, "excluded_lines": 0}, "missing_lines": [13, 14, 25, 26, 27, 28, 30, 32, 44], "excluded_lines": []}, "": {"executed_lines": [3, 4, 5, 6, 7, 9, 10, 46], "summary": {"covered_lines": 8, "num_statements": 10, "percent_covered": 80.0, "percent_covered_display": "80", "missing_lines": 2, "excluded_lines": 0}, "missing_lines": [52, 53], "excluded_lines": []}}}, "src/backend/shared/utils.py": {"executed_lines": [3, 4, 5, 6, 7, 8, 13, 14, 16, 20, 26, 39, 43, 58, 67, 68, 69, 70, 71, 72, 73, 74, 75, 78, 79, 102, 109, 112, 115, 127, 128, 133, 141, 145, 146, 147, 148, 150, 151, 153, 155, 258, 260, 265, 266, 267, 270, 274, 275, 278, 280, 281, 283, 284, 285, 286, 290, 316, 320, 324, 326, 328, 330, 331, 333, 335, 347, 359, 371, 375, 387, 444, 461, 464, 476, 477, 479, 482, 485], "summary": {"covered_lines": 77, "num_statements": 152, "percent_covered": 50.6578947368421, "percent_covered_display": "51", "missing_lines": 75, "excluded_lines": 0}, "missing_lines": [18, 22, 23, 24, 28, 29, 30, 32, 33, 34, 35, 36, 37, 41, 50, 51, 53, 56, 60, 61, 62, 63, 64, 65, 80, 81, 82, 83, 85, 86, 87, 88, 90, 91, 93, 96, 97, 98, 99, 103, 104, 105, 106, 107, 110, 113, 116, 142, 268, 271, 276, 287, 288, 302, 303, 305, 306, 309, 310, 311, 312, 314, 318, 322, 345, 357, 369, 373, 385, 394, 447, 448, 451, 452, 457], "excluded_lines": [], "functions": {"get_utc_now": {"executed_lines": [], "summary": {"covered_lines": 0, "num_statements": 1, "percent_covered": 0.0, "percent_covered_display": "0", "missing_lines": 1, "excluded_lines": 0}, "missing_lines": [18], "excluded_lines": []}, "create_timestamp_str": {"executed_lines": [], "summary": {"covered_lines": 0, "num_statements": 3, "percent_covered": 0.0, "percent_covered_display": "0", "missing_lines": 3, "excluded_lines": 0}, "missing_lines": [22, 23, 24], "excluded_lines": []}, "parse_timestamp_str": {"executed_lines": [], "summary": {"covered_lines": 0, "num_statements": 9, "percent_covered": 0.0, "percent_covered_display": "0", "missing_lines": 9, "excluded_lines": 0}, "missing_lines": [28, 29, 30, 32, 33, 34, 35, 36, 37], "excluded_lines": []}, "calculate_expiration_time": {"executed_lines": [], "summary": {"covered_lines": 0, "num_statements": 1, "percent_covered": 0.0, "percent_covered_display": "0", "missing_lines": 1, "excluded_lines": 0}, "missing_lines": [41], "excluded_lines": []}, "sanitize_input": {"executed_lines": [], "summary": {"covered_lines": 0, "num_statements": 4, "percent_covered": 0.0, "percent_covered_display": "0", "missing_lines": 4, "excluded_lines": 0}, "missing_lines": [50, 51, 53, 56], "excluded_lines": []}, "generate_short_id": {"executed_lines": [], "summary": {"covered_lines": 0, "num_statements": 6, "percent_covered": 0.0, "percent_covered_display": "0", "missing_lines": 6, "excluded_lines": 0}, "missing_lines": [60, 61, 62, 63, 64, 65], "excluded_lines": []}, "Paginator.__init__": {"executed_lines": [], "summary": {"covered_lines": 0, "num_statements": 15, "percent_covered": 0.0, "percent_covered_display": "0", "missing_lines": 15, "excluded_lines": 0}, "missing_lines": [80, 81, 82, 83, 85, 86, 87, 88, 90, 91, 93, 96, 97, 98, 99], "excluded_lines": []}, "Paginator.get_page_items": {"executed_lines": [], "summary": {"covered_lines": 0, "num_statements": 5, "percent_covered": 0.0, "percent_covered_display": "0", "missing_lines": 5, "excluded_lines": 0}, "missing_lines": [103, 104, 105, 106, 107], "excluded_lines": []}, "Paginator.has_next": {"executed_lines": [], "summary": {"covered_lines": 0, "num_statements": 1, "percent_covered": 0.0, "percent_covered_display": "0", "missing_lines": 1, "excluded_lines": 0}, "missing_lines": [110], "excluded_lines": []}, "Paginator.has_prev": {"executed_lines": [], "summary": {"covered_lines": 0, "num_statements": 1, "percent_covered": 0.0, "percent_covered_display": "0", "missing_lines": 1, "excluded_lines": 0}, "missing_lines": [113], "excluded_lines": []}, "Paginator.get_pagination_details": {"executed_lines": [], "summary": {"covered_lines": 0, "num_statements": 1, "percent_covered": 0.0, "percent_covered_display": "0", "missing_lines": 1, "excluded_lines": 0}, "missing_lines": [116], "excluded_lines": []}, "ACGSConfig.__init__": {"executed_lines": [141, 145, 146, 147, 148, 150, 151], "summary": {"covered_lines": 7, "num_statements": 8, "percent_covered": 87.5, "percent_covered_display": "88", "missing_lines": 1, "excluded_lines": 0}, "missing_lines": [142], "excluded_lines": []}, "ACGSConfig._load_configuration": {"executed_lines": [155], "summary": {"covered_lines": 1, "num_statements": 1, "percent_covered": 100.0, "percent_covered_display": "100", "missing_lines": 0, "excluded_lines": 0}, "missing_lines": [], "excluded_lines": []}, "ACGSConfig._validate_configuration": {"executed_lines": [260, 265, 266, 267, 270, 274, 275], "summary": {"covered_lines": 7, "num_statements": 10, "percent_covered": 70.0, "percent_covered_display": "70", "missing_lines": 3, "excluded_lines": 0}, "missing_lines": [268, 271, 276], "excluded_lines": []}, "ACGSConfig.get": {"executed_lines": [280, 281, 283, 284, 285, 286], "summary": {"covered_lines": 6, "num_statements": 8, "percent_covered": 75.0, "percent_covered_display": "75", "missing_lines": 2, "excluded_lines": 0}, "missing_lines": [287, 288], "excluded_lines": []}, "ACGSConfig.get_service_url": {"executed_lines": [], "summary": {"covered_lines": 0, "num_statements": 9, "percent_covered": 0.0, "percent_covered_display": "0", "missing_lines": 9, "excluded_lines": 0}, "missing_lines": [302, 303, 305, 306, 309, 310, 311, 312, 314], "excluded_lines": []}, "ACGSConfig.is_development": {"executed_lines": [], "summary": {"covered_lines": 0, "num_statements": 1, "percent_covered": 0.0, "percent_covered_display": "0", "missing_lines": 1, "excluded_lines": 0}, "missing_lines": [318], "excluded_lines": []}, "ACGSConfig.is_production": {"executed_lines": [], "summary": {"covered_lines": 0, "num_statements": 1, "percent_covered": 0.0, "percent_covered_display": "0", "missing_lines": 1, "excluded_lines": 0}, "missing_lines": [322], "excluded_lines": []}, "ACGSConfig.is_test_mode": {"executed_lines": [326], "summary": {"covered_lines": 1, "num_statements": 1, "percent_covered": 100.0, "percent_covered_display": "100", "missing_lines": 0, "excluded_lines": 0}, "missing_lines": [], "excluded_lines": []}, "ACGSConfig.get_database_url": {"executed_lines": [330, 331, 333], "summary": {"covered_lines": 3, "num_statements": 3, "percent_covered": 100.0, "percent_covered_display": "100", "missing_lines": 0, "excluded_lines": 0}, "missing_lines": [], "excluded_lines": []}, "ACGSConfig.get_ai_model": {"executed_lines": [], "summary": {"covered_lines": 0, "num_statements": 1, "percent_covered": 0.0, "percent_covered_display": "0", "missing_lines": 1, "excluded_lines": 0}, "missing_lines": [345], "excluded_lines": []}, "ACGSConfig.get_ai_api_key": {"executed_lines": [], "summary": {"covered_lines": 0, "num_statements": 1, "percent_covered": 0.0, "percent_covered_display": "0", "missing_lines": 1, "excluded_lines": 0}, "missing_lines": [357], "excluded_lines": []}, "ACGSConfig.is_model_enabled": {"executed_lines": [], "summary": {"covered_lines": 0, "num_statements": 1, "percent_covered": 0.0, "percent_covered_display": "0", "missing_lines": 1, "excluded_lines": 0}, "missing_lines": [369], "excluded_lines": []}, "ACGSConfig.get_llm_settings": {"executed_lines": [], "summary": {"covered_lines": 0, "num_statements": 1, "percent_covered": 0.0, "percent_covered_display": "0", "missing_lines": 1, "excluded_lines": 0}, "missing_lines": [373], "excluded_lines": []}, "ACGSConfig.get_ai_endpoint": {"executed_lines": [], "summary": {"covered_lines": 0, "num_statements": 1, "percent_covered": 0.0, "percent_covered_display": "0", "missing_lines": 1, "excluded_lines": 0}, "missing_lines": [385], "excluded_lines": []}, "ACGSConfig.get_model_config_for_taskmaster": {"executed_lines": [], "summary": {"covered_lines": 0, "num_statements": 1, "percent_covered": 0.0, "percent_covered_display": "0", "missing_lines": 1, "excluded_lines": 0}, "missing_lines": [394], "excluded_lines": []}, "ACGSConfig.to_dict": {"executed_lines": [], "summary": {"covered_lines": 0, "num_statements": 5, "percent_covered": 0.0, "percent_covered_display": "0", "missing_lines": 5, "excluded_lines": 0}, "missing_lines": [447, 448, 451, 452, 457], "excluded_lines": []}, "get_config": {"executed_lines": [476, 477, 479], "summary": {"covered_lines": 3, "num_statements": 3, "percent_covered": 100.0, "percent_covered_display": "100", "missing_lines": 0, "excluded_lines": 0}, "missing_lines": [], "excluded_lines": []}, "reset_config": {"executed_lines": [485], "summary": {"covered_lines": 1, "num_statements": 1, "percent_covered": 100.0, "percent_covered_display": "100", "missing_lines": 0, "excluded_lines": 0}, "missing_lines": [], "excluded_lines": []}, "": {"executed_lines": [3, 4, 5, 6, 7, 8, 13, 14, 16, 20, 26, 39, 43, 58, 67, 68, 69, 70, 71, 72, 73, 74, 75, 78, 79, 102, 109, 112, 115, 127, 128, 133, 153, 258, 278, 290, 316, 320, 324, 328, 335, 347, 359, 371, 375, 387, 444, 461, 464, 482], "summary": {"covered_lines": 48, "num_statements": 48, "percent_covered": 100.0, "percent_covered_display": "100", "missing_lines": 0, "excluded_lines": 0}, "missing_lines": [], "excluded_lines": []}}, "classes": {"CommonHTTPErrorMessages": {"executed_lines": [], "summary": {"covered_lines": 0, "num_statements": 0, "percent_covered": 100.0, "percent_covered_display": "100", "missing_lines": 0, "excluded_lines": 0}, "missing_lines": [], "excluded_lines": []}, "Paginator": {"executed_lines": [], "summary": {"covered_lines": 0, "num_statements": 23, "percent_covered": 0.0, "percent_covered_display": "0", "missing_lines": 23, "excluded_lines": 0}, "missing_lines": [80, 81, 82, 83, 85, 86, 87, 88, 90, 91, 93, 96, 97, 98, 99, 103, 104, 105, 106, 107, 110, 113, 116], "excluded_lines": []}, "ACGSConfig": {"executed_lines": [141, 145, 146, 147, 148, 150, 151, 155, 260, 265, 266, 267, 270, 274, 275, 280, 281, 283, 284, 285, 286, 326, 330, 331, 333], "summary": {"covered_lines": 25, "num_statements": 53, "percent_covered": 47.16981132075472, "percent_covered_display": "47", "missing_lines": 28, "excluded_lines": 0}, "missing_lines": [142, 268, 271, 276, 287, 288, 302, 303, 305, 306, 309, 310, 311, 312, 314, 318, 322, 345, 357, 369, 373, 385, 394, 447, 448, 451, 452, 457], "excluded_lines": []}, "": {"executed_lines": [3, 4, 5, 6, 7, 8, 13, 14, 16, 20, 26, 39, 43, 58, 67, 68, 69, 70, 71, 72, 73, 74, 75, 78, 79, 102, 109, 112, 115, 127, 128, 133, 153, 258, 278, 290, 316, 320, 324, 328, 335, 347, 359, 371, 375, 387, 444, 461, 464, 476, 477, 479, 482, 485], "summary": {"covered_lines": 52, "num_statements": 76, "percent_covered": 68.42105263157895, "percent_covered_display": "68", "missing_lines": 24, "excluded_lines": 0}, "missing_lines": [18, 22, 23, 24, 28, 29, 30, 32, 33, 34, 35, 36, 37, 41, 50, 51, 53, 56, 60, 61, 62, 63, 64, 65], "excluded_lines": []}}}}, "totals": {"covered_lines": 2474, "num_statements": 4018, "percent_covered": 61.572921851667495, "percent_covered_display": "62", "missing_lines": 1544, "excluded_lines": 0}}